<?xml version="1.0" encoding="UTF-8"?>
<!-- Generated by org.testng.reporters.JUnitReportReporter -->
<testsuite skipped="0" hostname="Admin" name="Test.SearchFunction" tests="2" failures="0" timestamp="2022-03-10T20:56:09 ICT" time="25.015" errors="0">
  <testcase name="Verify_the_display_of_the_result_in_the_detail_area" time="19.004" classname="Test.SearchFunction"/>
  <system-out/>
  <testcase name="Verify_the_display_of_the_result_in_the_detail_area" time="6.011" classname="Test.SearchFunction"/>
  <system-out/>
</testsuite> <!-- Test.SearchFunction -->
