<?xml version="1.0" encoding="UTF-8"?>
<!-- Generated by org.testng.reporters.JUnitReportReporter -->
<testsuite skipped="0" hostname="Admin" name="Test.SearchFunctionOnFF" tests="1" failures="1" timestamp="2022-03-09T00:18:13 ICT" time="13.859" errors="0">
  <testcase name="FireFox_verify_the_display_of_the_result_in_the_detail_area" time="13.859" classname="Test.SearchFunctionOnFF">
    <failure type="org.junit.ComparisonFailure" message="Temperature: 17°c but it must be 18°с expected:&lt;1[8]&gt; but was:&lt;1[7]&gt;">
      <![CDATA[org.junit.ComparisonFailure: Temperature: 17°c but it must be 18°с expected:<1[8]> but was:<1[7]>
at org.junit.Assert.assertEquals(Assert.java:117)
at steps.SearchUIStep.validateTemperature(SearchUIStep.java:135)
at Test.SearchFunctionOnFF.FireFox_verify_the_display_of_the_result_in_the_detail_area(SearchFunctionOnFF.java:67)
at sun.reflect.NativeMethodAccessorImpl.invoke0(Native Method)
at sun.reflect.NativeMethodAccessorImpl.invoke(NativeMethodAccessorImpl.java:62)
at sun.reflect.DelegatingMethodAccessorImpl.invoke(DelegatingMethodAccessorImpl.java:43)
at java.lang.reflect.Method.invoke(Method.java:498)
at org.testng.internal.MethodInvocationHelper.invokeMethod(MethodInvocationHelper.java:133)
at org.testng.internal.TestInvoker.invokeMethod(TestInvoker.java:598)
at org.testng.internal.TestInvoker.invokeTestMethod(TestInvoker.java:173)
at org.testng.internal.MethodRunner.runInSequence(MethodRunner.java:46)
at org.testng.internal.TestInvoker$MethodInvocationAgent.invoke(TestInvoker.java:824)
at org.testng.internal.TestInvoker.invokeTestMethods(TestInvoker.java:146)
at org.testng.internal.TestMethodWorker.invokeTestMethods(TestMethodWorker.java:146)
at org.testng.internal.TestMethodWorker.run(TestMethodWorker.java:128)
at java.util.concurrent.ThreadPoolExecutor.runWorker(ThreadPoolExecutor.java:1149)
at java.util.concurrent.ThreadPoolExecutor$Worker.run(ThreadPoolExecutor.java:624)
at java.lang.Thread.run(Thread.java:748)
]]>
    </failure>
  </testcase> <!-- FireFox_verify_the_display_of_the_result_in_the_detail_area -->
  <system-out/>
</testsuite> <!-- Test.SearchFunctionOnFF -->
