<?xml version="1.0" encoding="UTF-8"?>
<testsuite xmlns:xsi="http://www.w3.org/2001/XMLSchema-instance" xsi:noNamespaceSchemaLocation="https://maven.apache.org/surefire/maven-surefire-plugin/xsd/surefire-test-report.xsd" name="TestSuite" time="104.18" tests="8" errors="0" skipped="0" failures="3">
  <properties>
    <property name="sun.desktop" value="windows"/>
    <property name="awt.toolkit" value="sun.awt.windows.WToolkit"/>
    <property name="file.encoding.pkg" value="sun.io"/>
    <property name="java.specification.version" value="1.8"/>
    <property name="sun.cpu.isalist" value="amd64"/>
    <property name="sun.jnu.encoding" value="Cp1252"/>
    <property name="java.class.path" value="D:\Work\NAB\Automation\OpenWeatherMapTestNgMaven\OpenWeatherMap\target\test-classes;D:\Work\NAB\Automation\OpenWeatherMapTestNgMaven\OpenWeatherMap\target\classes;D:\Work\NAB\Automation\OpenWeatherMapTestNgMaven\OpenWeatherMap\.m2\repository\ch\qos\logback\logback-classic\1.0.13\logback-classic-1.0.13.jar;D:\Work\NAB\Automation\OpenWeatherMapTestNgMaven\OpenWeatherMap\.m2\repository\ch\qos\logback\logback-core\1.0.13\logback-core-1.0.13.jar;D:\Work\NAB\Automation\OpenWeatherMapTestNgMaven\OpenWeatherMap\.m2\repository\org\slf4j\slf4j-api\1.7.5\slf4j-api-1.7.5.jar;D:\Work\NAB\Automation\OpenWeatherMapTestNgMaven\OpenWeatherMap\.m2\repository\org\seleniumhq\selenium\selenium-java\4.1.1\selenium-java-4.1.1.jar;D:\Work\NAB\Automation\OpenWeatherMapTestNgMaven\OpenWeatherMap\.m2\repository\org\seleniumhq\selenium\selenium-api\4.1.1\selenium-api-4.1.1.jar;D:\Work\NAB\Automation\OpenWeatherMapTestNgMaven\OpenWeatherMap\.m2\repository\org\seleniumhq\selenium\selenium-chrome-driver\4.1.1\selenium-chrome-driver-4.1.1.jar;D:\Work\NAB\Automation\OpenWeatherMapTestNgMaven\OpenWeatherMap\.m2\repository\com\google\auto\service\auto-service-annotations\1.0.1\auto-service-annotations-1.0.1.jar;D:\Work\NAB\Automation\OpenWeatherMapTestNgMaven\OpenWeatherMap\.m2\repository\com\google\auto\service\auto-service\1.0.1\auto-service-1.0.1.jar;D:\Work\NAB\Automation\OpenWeatherMapTestNgMaven\OpenWeatherMap\.m2\repository\com\google\auto\auto-common\1.2\auto-common-1.2.jar;D:\Work\NAB\Automation\OpenWeatherMapTestNgMaven\OpenWeatherMap\.m2\repository\com\google\guava\guava\31.0.1-jre\guava-31.0.1-jre.jar;D:\Work\NAB\Automation\OpenWeatherMapTestNgMaven\OpenWeatherMap\.m2\repository\com\google\guava\failureaccess\1.0.1\failureaccess-1.0.1.jar;D:\Work\NAB\Automation\OpenWeatherMapTestNgMaven\OpenWeatherMap\.m2\repository\com\google\guava\listenablefuture\9999.0-empty-to-avoid-conflict-with-guava\listenablefuture-9999.0-empty-to-avoid-conflict-with-guava.jar;D:\Work\NAB\Automation\OpenWeatherMapTestNgMaven\OpenWeatherMap\.m2\repository\com\google\code\findbugs\jsr305\3.0.2\jsr305-3.0.2.jar;D:\Work\NAB\Automation\OpenWeatherMapTestNgMaven\OpenWeatherMap\.m2\repository\org\checkerframework\checker-qual\3.12.0\checker-qual-3.12.0.jar;D:\Work\NAB\Automation\OpenWeatherMapTestNgMaven\OpenWeatherMap\.m2\repository\com\google\errorprone\error_prone_annotations\2.7.1\error_prone_annotations-2.7.1.jar;D:\Work\NAB\Automation\OpenWeatherMapTestNgMaven\OpenWeatherMap\.m2\repository\com\google\j2objc\j2objc-annotations\1.3\j2objc-annotations-1.3.jar;D:\Work\NAB\Automation\OpenWeatherMapTestNgMaven\OpenWeatherMap\.m2\repository\org\seleniumhq\selenium\selenium-chromium-driver\4.1.1\selenium-chromium-driver-4.1.1.jar;D:\Work\NAB\Automation\OpenWeatherMapTestNgMaven\OpenWeatherMap\.m2\repository\org\seleniumhq\selenium\selenium-json\4.1.1\selenium-json-4.1.1.jar;D:\Work\NAB\Automation\OpenWeatherMapTestNgMaven\OpenWeatherMap\.m2\repository\org\seleniumhq\selenium\selenium-devtools-v85\4.1.1\selenium-devtools-v85-4.1.1.jar;D:\Work\NAB\Automation\OpenWeatherMapTestNgMaven\OpenWeatherMap\.m2\repository\org\seleniumhq\selenium\selenium-devtools-v94\4.1.1\selenium-devtools-v94-4.1.1.jar;D:\Work\NAB\Automation\OpenWeatherMapTestNgMaven\OpenWeatherMap\.m2\repository\org\seleniumhq\selenium\selenium-devtools-v95\4.1.1\selenium-devtools-v95-4.1.1.jar;D:\Work\NAB\Automation\OpenWeatherMapTestNgMaven\OpenWeatherMap\.m2\repository\org\seleniumhq\selenium\selenium-devtools-v96\4.1.1\selenium-devtools-v96-4.1.1.jar;D:\Work\NAB\Automation\OpenWeatherMapTestNgMaven\OpenWeatherMap\.m2\repository\org\seleniumhq\selenium\selenium-edge-driver\4.1.1\selenium-edge-driver-4.1.1.jar;D:\Work\NAB\Automation\OpenWeatherMapTestNgMaven\OpenWeatherMap\.m2\repository\org\seleniumhq\selenium\selenium-firefox-driver\4.1.1\selenium-firefox-driver-4.1.1.jar;D:\Work\NAB\Automation\OpenWeatherMapTestNgMaven\OpenWeatherMap\.m2\repository\org\seleniumhq\selenium\selenium-firefox-xpi-driver\4.1.1\selenium-firefox-xpi-driver-4.1.1.jar;D:\Work\NAB\Automation\OpenWeatherMapTestNgMaven\OpenWeatherMap\.m2\repository\org\seleniumhq\selenium\selenium-ie-driver\4.1.1\selenium-ie-driver-4.1.1.jar;D:\Work\NAB\Automation\OpenWeatherMapTestNgMaven\OpenWeatherMap\.m2\repository\org\seleniumhq\selenium\selenium-opera-driver\4.1.1\selenium-opera-driver-4.1.1.jar;D:\Work\NAB\Automation\OpenWeatherMapTestNgMaven\OpenWeatherMap\.m2\repository\org\seleniumhq\selenium\selenium-remote-driver\4.1.1\selenium-remote-driver-4.1.1.jar;D:\Work\NAB\Automation\OpenWeatherMapTestNgMaven\OpenWeatherMap\.m2\repository\io\netty\netty-buffer\4.1.70.Final\netty-buffer-4.1.70.Final.jar;D:\Work\NAB\Automation\OpenWeatherMapTestNgMaven\OpenWeatherMap\.m2\repository\io\netty\netty-codec-http\4.1.70.Final\netty-codec-http-4.1.70.Final.jar;D:\Work\NAB\Automation\OpenWeatherMapTestNgMaven\OpenWeatherMap\.m2\repository\io\netty\netty-codec\4.1.70.Final\netty-codec-4.1.70.Final.jar;D:\Work\NAB\Automation\OpenWeatherMapTestNgMaven\OpenWeatherMap\.m2\repository\io\netty\netty-handler\4.1.70.Final\netty-handler-4.1.70.Final.jar;D:\Work\NAB\Automation\OpenWeatherMapTestNgMaven\OpenWeatherMap\.m2\repository\io\netty\netty-common\4.1.70.Final\netty-common-4.1.70.Final.jar;D:\Work\NAB\Automation\OpenWeatherMapTestNgMaven\OpenWeatherMap\.m2\repository\io\netty\netty-transport-classes-epoll\4.1.70.Final\netty-transport-classes-epoll-4.1.70.Final.jar;D:\Work\NAB\Automation\OpenWeatherMapTestNgMaven\OpenWeatherMap\.m2\repository\io\netty\netty-transport-classes-kqueue\4.1.70.Final\netty-transport-classes-kqueue-4.1.70.Final.jar;D:\Work\NAB\Automation\OpenWeatherMapTestNgMaven\OpenWeatherMap\.m2\repository\io\netty\netty-transport-native-unix-common\4.1.70.Final\netty-transport-native-unix-common-4.1.70.Final.jar;D:\Work\NAB\Automation\OpenWeatherMapTestNgMaven\OpenWeatherMap\.m2\repository\io\netty\netty-transport\4.1.70.Final\netty-transport-4.1.70.Final.jar;D:\Work\NAB\Automation\OpenWeatherMapTestNgMaven\OpenWeatherMap\.m2\repository\io\netty\netty-resolver\4.1.70.Final\netty-resolver-4.1.70.Final.jar;D:\Work\NAB\Automation\OpenWeatherMapTestNgMaven\OpenWeatherMap\.m2\repository\io\opentelemetry\opentelemetry-api\1.9.1\opentelemetry-api-1.9.1.jar;D:\Work\NAB\Automation\OpenWeatherMapTestNgMaven\OpenWeatherMap\.m2\repository\io\opentelemetry\opentelemetry-context\1.9.1\opentelemetry-context-1.9.1.jar;D:\Work\NAB\Automation\OpenWeatherMapTestNgMaven\OpenWeatherMap\.m2\repository\io\opentelemetry\opentelemetry-exporter-logging\1.9.1\opentelemetry-exporter-logging-1.9.1.jar;D:\Work\NAB\Automation\OpenWeatherMapTestNgMaven\OpenWeatherMap\.m2\repository\io\opentelemetry\opentelemetry-sdk-metrics\1.9.1-alpha\opentelemetry-sdk-metrics-1.9.1-alpha.jar;D:\Work\NAB\Automation\OpenWeatherMapTestNgMaven\OpenWeatherMap\.m2\repository\io\opentelemetry\opentelemetry-sdk-logs\1.9.1-alpha\opentelemetry-sdk-logs-1.9.1-alpha.jar;D:\Work\NAB\Automation\OpenWeatherMapTestNgMaven\OpenWeatherMap\.m2\repository\com\fasterxml\jackson\core\jackson-databind\2.13.0\jackson-databind-2.13.0.jar;D:\Work\NAB\Automation\OpenWeatherMapTestNgMaven\OpenWeatherMap\.m2\repository\com\fasterxml\jackson\core\jackson-annotations\2.13.0\jackson-annotations-2.13.0.jar;D:\Work\NAB\Automation\OpenWeatherMapTestNgMaven\OpenWeatherMap\.m2\repository\com\fasterxml\jackson\core\jackson-core\2.13.0\jackson-core-2.13.0.jar;D:\Work\NAB\Automation\OpenWeatherMapTestNgMaven\OpenWeatherMap\.m2\repository\io\opentelemetry\opentelemetry-sdk-common\1.9.1\opentelemetry-sdk-common-1.9.1.jar;D:\Work\NAB\Automation\OpenWeatherMapTestNgMaven\OpenWeatherMap\.m2\repository\io\opentelemetry\opentelemetry-sdk-extension-autoconfigure-spi\1.9.1\opentelemetry-sdk-extension-autoconfigure-spi-1.9.1.jar;D:\Work\NAB\Automation\OpenWeatherMapTestNgMaven\OpenWeatherMap\.m2\repository\io\opentelemetry\opentelemetry-sdk-extension-autoconfigure\1.9.1-alpha\opentelemetry-sdk-extension-autoconfigure-1.9.1-alpha.jar;D:\Work\NAB\Automation\OpenWeatherMapTestNgMaven\OpenWeatherMap\.m2\repository\io\opentelemetry\opentelemetry-sdk-trace\1.9.1\opentelemetry-sdk-trace-1.9.1.jar;D:\Work\NAB\Automation\OpenWeatherMapTestNgMaven\OpenWeatherMap\.m2\repository\io\opentelemetry\opentelemetry-api-metrics\1.9.1-alpha\opentelemetry-api-metrics-1.9.1-alpha.jar;D:\Work\NAB\Automation\OpenWeatherMapTestNgMaven\OpenWeatherMap\.m2\repository\io\opentelemetry\opentelemetry-sdk\1.9.1\opentelemetry-sdk-1.9.1.jar;D:\Work\NAB\Automation\OpenWeatherMapTestNgMaven\OpenWeatherMap\.m2\repository\io\opentelemetry\opentelemetry-semconv\1.9.1-alpha\opentelemetry-semconv-1.9.1-alpha.jar;D:\Work\NAB\Automation\OpenWeatherMapTestNgMaven\OpenWeatherMap\.m2\repository\io\ous\jtoml\2.0.0\jtoml-2.0.0.jar;D:\Work\NAB\Automation\OpenWeatherMapTestNgMaven\OpenWeatherMap\.m2\repository\net\bytebuddy\byte-buddy\1.12.2\byte-buddy-1.12.2.jar;D:\Work\NAB\Automation\OpenWeatherMapTestNgMaven\OpenWeatherMap\.m2\repository\org\apache\commons\commons-exec\1.3\commons-exec-1.3.jar;D:\Work\NAB\Automation\OpenWeatherMapTestNgMaven\OpenWeatherMap\.m2\repository\org\asynchttpclient\async-http-client\2.12.3\async-http-client-2.12.3.jar;D:\Work\NAB\Automation\OpenWeatherMapTestNgMaven\OpenWeatherMap\.m2\repository\org\asynchttpclient\async-http-client-netty-utils\2.12.3\async-http-client-netty-utils-2.12.3.jar;D:\Work\NAB\Automation\OpenWeatherMapTestNgMaven\OpenWeatherMap\.m2\repository\io\netty\netty-codec-socks\4.1.60.Final\netty-codec-socks-4.1.60.Final.jar;D:\Work\NAB\Automation\OpenWeatherMapTestNgMaven\OpenWeatherMap\.m2\repository\io\netty\netty-handler-proxy\4.1.60.Final\netty-handler-proxy-4.1.60.Final.jar;D:\Work\NAB\Automation\OpenWeatherMapTestNgMaven\OpenWeatherMap\.m2\repository\io\netty\netty-transport-native-epoll\4.1.60.Final\netty-transport-native-epoll-4.1.60.Final-linux-x86_64.jar;D:\Work\NAB\Automation\OpenWeatherMapTestNgMaven\OpenWeatherMap\.m2\repository\io\netty\netty-transport-native-kqueue\4.1.60.Final\netty-transport-native-kqueue-4.1.60.Final-osx-x86_64.jar;D:\Work\NAB\Automation\OpenWeatherMapTestNgMaven\OpenWeatherMap\.m2\repository\org\reactivestreams\reactive-streams\1.0.3\reactive-streams-1.0.3.jar;D:\Work\NAB\Automation\OpenWeatherMapTestNgMaven\OpenWeatherMap\.m2\repository\com\typesafe\netty\netty-reactive-streams\2.0.4\netty-reactive-streams-2.0.4.jar;D:\Work\NAB\Automation\OpenWeatherMapTestNgMaven\OpenWeatherMap\.m2\repository\com\sun\activation\jakarta.activation\1.2.2\jakarta.activation-1.2.2.jar;D:\Work\NAB\Automation\OpenWeatherMapTestNgMaven\OpenWeatherMap\.m2\repository\org\seleniumhq\selenium\selenium-http\4.1.1\selenium-http-4.1.1.jar;D:\Work\NAB\Automation\OpenWeatherMapTestNgMaven\OpenWeatherMap\.m2\repository\net\jodah\failsafe\2.4.4\failsafe-2.4.4.jar;D:\Work\NAB\Automation\OpenWeatherMapTestNgMaven\OpenWeatherMap\.m2\repository\org\seleniumhq\selenium\selenium-safari-driver\4.1.1\selenium-safari-driver-4.1.1.jar;D:\Work\NAB\Automation\OpenWeatherMapTestNgMaven\OpenWeatherMap\.m2\repository\org\seleniumhq\selenium\selenium-support\4.1.1\selenium-support-4.1.1.jar;D:\Work\NAB\Automation\OpenWeatherMapTestNgMaven\OpenWeatherMap\.m2\repository\junit\junit\4.13.2\junit-4.13.2.jar;D:\Work\NAB\Automation\OpenWeatherMapTestNgMaven\OpenWeatherMap\.m2\repository\org\hamcrest\hamcrest-core\1.3\hamcrest-core-1.3.jar;D:\Work\NAB\Automation\OpenWeatherMapTestNgMaven\OpenWeatherMap\.m2\repository\org\junit\jupiter\junit-jupiter\5.7.1\junit-jupiter-5.7.1.jar;D:\Work\NAB\Automation\OpenWeatherMapTestNgMaven\OpenWeatherMap\.m2\repository\org\junit\jupiter\junit-jupiter-api\5.7.1\junit-jupiter-api-5.7.1.jar;D:\Work\NAB\Automation\OpenWeatherMapTestNgMaven\OpenWeatherMap\.m2\repository\org\apiguardian\apiguardian-api\1.1.0\apiguardian-api-1.1.0.jar;D:\Work\NAB\Automation\OpenWeatherMapTestNgMaven\OpenWeatherMap\.m2\repository\org\opentest4j\opentest4j\1.2.0\opentest4j-1.2.0.jar;D:\Work\NAB\Automation\OpenWeatherMapTestNgMaven\OpenWeatherMap\.m2\repository\org\junit\platform\junit-platform-commons\1.7.1\junit-platform-commons-1.7.1.jar;D:\Work\NAB\Automation\OpenWeatherMapTestNgMaven\OpenWeatherMap\.m2\repository\org\junit\jupiter\junit-jupiter-params\5.7.1\junit-jupiter-params-5.7.1.jar;D:\Work\NAB\Automation\OpenWeatherMapTestNgMaven\OpenWeatherMap\.m2\repository\org\junit\jupiter\junit-jupiter-engine\5.7.1\junit-jupiter-engine-5.7.1.jar;D:\Work\NAB\Automation\OpenWeatherMapTestNgMaven\OpenWeatherMap\.m2\repository\org\junit\platform\junit-platform-engine\1.7.1\junit-platform-engine-1.7.1.jar;D:\Work\NAB\Automation\OpenWeatherMapTestNgMaven\OpenWeatherMap\.m2\repository\ch\qos\reload4j\reload4j\1.2.19\reload4j-1.2.19.jar;D:\Work\NAB\Automation\OpenWeatherMapTestNgMaven\OpenWeatherMap\.m2\repository\org\testng\testng\7.4.0\testng-7.4.0.jar;D:\Work\NAB\Automation\OpenWeatherMapTestNgMaven\OpenWeatherMap\.m2\repository\com\beust\jcommander\1.78\jcommander-1.78.jar;D:\Work\NAB\Automation\OpenWeatherMapTestNgMaven\OpenWeatherMap\.m2\repository\org\webjars\jquery\3.5.1\jquery-3.5.1.jar;D:\Work\NAB\Automation\OpenWeatherMapTestNgMaven\OpenWeatherMap\.m2\repository\commons-io\commons-io\2.11.0\commons-io-2.11.0.jar;"/>
    <property name="java.vm.vendor" value="Oracle Corporation"/>
    <property name="sun.arch.data.model" value="64"/>
    <property name="user.variant" value=""/>
    <property name="java.vendor.url" value="http://java.oracle.com/"/>
    <property name="user.timezone" value="Asia/Bangkok"/>
    <property name="java.vm.specification.version" value="1.8"/>
    <property name="os.name" value="Windows 10"/>
    <property name="user.country" value="US"/>
    <property name="sun.java.launcher" value="SUN_STANDARD"/>
    <property name="sun.boot.library.path" value="C:\Program Files\Java\jdk1.8.0_202\jre\bin"/>
    <property name="sun.java.command" value="C:\Users\Admin\AppData\Local\Temp\surefire938829854351081490\surefirebooter2885415044495035806.jar C:\Users\Admin\AppData\Local\Temp\surefire938829854351081490 2022-03-12T13-17-41_231-jvmRun1 surefire8959310102192658294tmp surefire_04117824399962832893tmp"/>
    <property name="surefire.test.class.path" value="D:\Work\NAB\Automation\OpenWeatherMapTestNgMaven\OpenWeatherMap\target\test-classes;D:\Work\NAB\Automation\OpenWeatherMapTestNgMaven\OpenWeatherMap\target\classes;D:\Work\NAB\Automation\OpenWeatherMapTestNgMaven\OpenWeatherMap\.m2\repository\ch\qos\logback\logback-classic\1.0.13\logback-classic-1.0.13.jar;D:\Work\NAB\Automation\OpenWeatherMapTestNgMaven\OpenWeatherMap\.m2\repository\ch\qos\logback\logback-core\1.0.13\logback-core-1.0.13.jar;D:\Work\NAB\Automation\OpenWeatherMapTestNgMaven\OpenWeatherMap\.m2\repository\org\slf4j\slf4j-api\1.7.5\slf4j-api-1.7.5.jar;D:\Work\NAB\Automation\OpenWeatherMapTestNgMaven\OpenWeatherMap\.m2\repository\org\seleniumhq\selenium\selenium-java\4.1.1\selenium-java-4.1.1.jar;D:\Work\NAB\Automation\OpenWeatherMapTestNgMaven\OpenWeatherMap\.m2\repository\org\seleniumhq\selenium\selenium-api\4.1.1\selenium-api-4.1.1.jar;D:\Work\NAB\Automation\OpenWeatherMapTestNgMaven\OpenWeatherMap\.m2\repository\org\seleniumhq\selenium\selenium-chrome-driver\4.1.1\selenium-chrome-driver-4.1.1.jar;D:\Work\NAB\Automation\OpenWeatherMapTestNgMaven\OpenWeatherMap\.m2\repository\com\google\auto\service\auto-service-annotations\1.0.1\auto-service-annotations-1.0.1.jar;D:\Work\NAB\Automation\OpenWeatherMapTestNgMaven\OpenWeatherMap\.m2\repository\com\google\auto\service\auto-service\1.0.1\auto-service-1.0.1.jar;D:\Work\NAB\Automation\OpenWeatherMapTestNgMaven\OpenWeatherMap\.m2\repository\com\google\auto\auto-common\1.2\auto-common-1.2.jar;D:\Work\NAB\Automation\OpenWeatherMapTestNgMaven\OpenWeatherMap\.m2\repository\com\google\guava\guava\31.0.1-jre\guava-31.0.1-jre.jar;D:\Work\NAB\Automation\OpenWeatherMapTestNgMaven\OpenWeatherMap\.m2\repository\com\google\guava\failureaccess\1.0.1\failureaccess-1.0.1.jar;D:\Work\NAB\Automation\OpenWeatherMapTestNgMaven\OpenWeatherMap\.m2\repository\com\google\guava\listenablefuture\9999.0-empty-to-avoid-conflict-with-guava\listenablefuture-9999.0-empty-to-avoid-conflict-with-guava.jar;D:\Work\NAB\Automation\OpenWeatherMapTestNgMaven\OpenWeatherMap\.m2\repository\com\google\code\findbugs\jsr305\3.0.2\jsr305-3.0.2.jar;D:\Work\NAB\Automation\OpenWeatherMapTestNgMaven\OpenWeatherMap\.m2\repository\org\checkerframework\checker-qual\3.12.0\checker-qual-3.12.0.jar;D:\Work\NAB\Automation\OpenWeatherMapTestNgMaven\OpenWeatherMap\.m2\repository\com\google\errorprone\error_prone_annotations\2.7.1\error_prone_annotations-2.7.1.jar;D:\Work\NAB\Automation\OpenWeatherMapTestNgMaven\OpenWeatherMap\.m2\repository\com\google\j2objc\j2objc-annotations\1.3\j2objc-annotations-1.3.jar;D:\Work\NAB\Automation\OpenWeatherMapTestNgMaven\OpenWeatherMap\.m2\repository\org\seleniumhq\selenium\selenium-chromium-driver\4.1.1\selenium-chromium-driver-4.1.1.jar;D:\Work\NAB\Automation\OpenWeatherMapTestNgMaven\OpenWeatherMap\.m2\repository\org\seleniumhq\selenium\selenium-json\4.1.1\selenium-json-4.1.1.jar;D:\Work\NAB\Automation\OpenWeatherMapTestNgMaven\OpenWeatherMap\.m2\repository\org\seleniumhq\selenium\selenium-devtools-v85\4.1.1\selenium-devtools-v85-4.1.1.jar;D:\Work\NAB\Automation\OpenWeatherMapTestNgMaven\OpenWeatherMap\.m2\repository\org\seleniumhq\selenium\selenium-devtools-v94\4.1.1\selenium-devtools-v94-4.1.1.jar;D:\Work\NAB\Automation\OpenWeatherMapTestNgMaven\OpenWeatherMap\.m2\repository\org\seleniumhq\selenium\selenium-devtools-v95\4.1.1\selenium-devtools-v95-4.1.1.jar;D:\Work\NAB\Automation\OpenWeatherMapTestNgMaven\OpenWeatherMap\.m2\repository\org\seleniumhq\selenium\selenium-devtools-v96\4.1.1\selenium-devtools-v96-4.1.1.jar;D:\Work\NAB\Automation\OpenWeatherMapTestNgMaven\OpenWeatherMap\.m2\repository\org\seleniumhq\selenium\selenium-edge-driver\4.1.1\selenium-edge-driver-4.1.1.jar;D:\Work\NAB\Automation\OpenWeatherMapTestNgMaven\OpenWeatherMap\.m2\repository\org\seleniumhq\selenium\selenium-firefox-driver\4.1.1\selenium-firefox-driver-4.1.1.jar;D:\Work\NAB\Automation\OpenWeatherMapTestNgMaven\OpenWeatherMap\.m2\repository\org\seleniumhq\selenium\selenium-firefox-xpi-driver\4.1.1\selenium-firefox-xpi-driver-4.1.1.jar;D:\Work\NAB\Automation\OpenWeatherMapTestNgMaven\OpenWeatherMap\.m2\repository\org\seleniumhq\selenium\selenium-ie-driver\4.1.1\selenium-ie-driver-4.1.1.jar;D:\Work\NAB\Automation\OpenWeatherMapTestNgMaven\OpenWeatherMap\.m2\repository\org\seleniumhq\selenium\selenium-opera-driver\4.1.1\selenium-opera-driver-4.1.1.jar;D:\Work\NAB\Automation\OpenWeatherMapTestNgMaven\OpenWeatherMap\.m2\repository\org\seleniumhq\selenium\selenium-remote-driver\4.1.1\selenium-remote-driver-4.1.1.jar;D:\Work\NAB\Automation\OpenWeatherMapTestNgMaven\OpenWeatherMap\.m2\repository\io\netty\netty-buffer\4.1.70.Final\netty-buffer-4.1.70.Final.jar;D:\Work\NAB\Automation\OpenWeatherMapTestNgMaven\OpenWeatherMap\.m2\repository\io\netty\netty-codec-http\4.1.70.Final\netty-codec-http-4.1.70.Final.jar;D:\Work\NAB\Automation\OpenWeatherMapTestNgMaven\OpenWeatherMap\.m2\repository\io\netty\netty-codec\4.1.70.Final\netty-codec-4.1.70.Final.jar;D:\Work\NAB\Automation\OpenWeatherMapTestNgMaven\OpenWeatherMap\.m2\repository\io\netty\netty-handler\4.1.70.Final\netty-handler-4.1.70.Final.jar;D:\Work\NAB\Automation\OpenWeatherMapTestNgMaven\OpenWeatherMap\.m2\repository\io\netty\netty-common\4.1.70.Final\netty-common-4.1.70.Final.jar;D:\Work\NAB\Automation\OpenWeatherMapTestNgMaven\OpenWeatherMap\.m2\repository\io\netty\netty-transport-classes-epoll\4.1.70.Final\netty-transport-classes-epoll-4.1.70.Final.jar;D:\Work\NAB\Automation\OpenWeatherMapTestNgMaven\OpenWeatherMap\.m2\repository\io\netty\netty-transport-classes-kqueue\4.1.70.Final\netty-transport-classes-kqueue-4.1.70.Final.jar;D:\Work\NAB\Automation\OpenWeatherMapTestNgMaven\OpenWeatherMap\.m2\repository\io\netty\netty-transport-native-unix-common\4.1.70.Final\netty-transport-native-unix-common-4.1.70.Final.jar;D:\Work\NAB\Automation\OpenWeatherMapTestNgMaven\OpenWeatherMap\.m2\repository\io\netty\netty-transport\4.1.70.Final\netty-transport-4.1.70.Final.jar;D:\Work\NAB\Automation\OpenWeatherMapTestNgMaven\OpenWeatherMap\.m2\repository\io\netty\netty-resolver\4.1.70.Final\netty-resolver-4.1.70.Final.jar;D:\Work\NAB\Automation\OpenWeatherMapTestNgMaven\OpenWeatherMap\.m2\repository\io\opentelemetry\opentelemetry-api\1.9.1\opentelemetry-api-1.9.1.jar;D:\Work\NAB\Automation\OpenWeatherMapTestNgMaven\OpenWeatherMap\.m2\repository\io\opentelemetry\opentelemetry-context\1.9.1\opentelemetry-context-1.9.1.jar;D:\Work\NAB\Automation\OpenWeatherMapTestNgMaven\OpenWeatherMap\.m2\repository\io\opentelemetry\opentelemetry-exporter-logging\1.9.1\opentelemetry-exporter-logging-1.9.1.jar;D:\Work\NAB\Automation\OpenWeatherMapTestNgMaven\OpenWeatherMap\.m2\repository\io\opentelemetry\opentelemetry-sdk-metrics\1.9.1-alpha\opentelemetry-sdk-metrics-1.9.1-alpha.jar;D:\Work\NAB\Automation\OpenWeatherMapTestNgMaven\OpenWeatherMap\.m2\repository\io\opentelemetry\opentelemetry-sdk-logs\1.9.1-alpha\opentelemetry-sdk-logs-1.9.1-alpha.jar;D:\Work\NAB\Automation\OpenWeatherMapTestNgMaven\OpenWeatherMap\.m2\repository\com\fasterxml\jackson\core\jackson-databind\2.13.0\jackson-databind-2.13.0.jar;D:\Work\NAB\Automation\OpenWeatherMapTestNgMaven\OpenWeatherMap\.m2\repository\com\fasterxml\jackson\core\jackson-annotations\2.13.0\jackson-annotations-2.13.0.jar;D:\Work\NAB\Automation\OpenWeatherMapTestNgMaven\OpenWeatherMap\.m2\repository\com\fasterxml\jackson\core\jackson-core\2.13.0\jackson-core-2.13.0.jar;D:\Work\NAB\Automation\OpenWeatherMapTestNgMaven\OpenWeatherMap\.m2\repository\io\opentelemetry\opentelemetry-sdk-common\1.9.1\opentelemetry-sdk-common-1.9.1.jar;D:\Work\NAB\Automation\OpenWeatherMapTestNgMaven\OpenWeatherMap\.m2\repository\io\opentelemetry\opentelemetry-sdk-extension-autoconfigure-spi\1.9.1\opentelemetry-sdk-extension-autoconfigure-spi-1.9.1.jar;D:\Work\NAB\Automation\OpenWeatherMapTestNgMaven\OpenWeatherMap\.m2\repository\io\opentelemetry\opentelemetry-sdk-extension-autoconfigure\1.9.1-alpha\opentelemetry-sdk-extension-autoconfigure-1.9.1-alpha.jar;D:\Work\NAB\Automation\OpenWeatherMapTestNgMaven\OpenWeatherMap\.m2\repository\io\opentelemetry\opentelemetry-sdk-trace\1.9.1\opentelemetry-sdk-trace-1.9.1.jar;D:\Work\NAB\Automation\OpenWeatherMapTestNgMaven\OpenWeatherMap\.m2\repository\io\opentelemetry\opentelemetry-api-metrics\1.9.1-alpha\opentelemetry-api-metrics-1.9.1-alpha.jar;D:\Work\NAB\Automation\OpenWeatherMapTestNgMaven\OpenWeatherMap\.m2\repository\io\opentelemetry\opentelemetry-sdk\1.9.1\opentelemetry-sdk-1.9.1.jar;D:\Work\NAB\Automation\OpenWeatherMapTestNgMaven\OpenWeatherMap\.m2\repository\io\opentelemetry\opentelemetry-semconv\1.9.1-alpha\opentelemetry-semconv-1.9.1-alpha.jar;D:\Work\NAB\Automation\OpenWeatherMapTestNgMaven\OpenWeatherMap\.m2\repository\io\ous\jtoml\2.0.0\jtoml-2.0.0.jar;D:\Work\NAB\Automation\OpenWeatherMapTestNgMaven\OpenWeatherMap\.m2\repository\net\bytebuddy\byte-buddy\1.12.2\byte-buddy-1.12.2.jar;D:\Work\NAB\Automation\OpenWeatherMapTestNgMaven\OpenWeatherMap\.m2\repository\org\apache\commons\commons-exec\1.3\commons-exec-1.3.jar;D:\Work\NAB\Automation\OpenWeatherMapTestNgMaven\OpenWeatherMap\.m2\repository\org\asynchttpclient\async-http-client\2.12.3\async-http-client-2.12.3.jar;D:\Work\NAB\Automation\OpenWeatherMapTestNgMaven\OpenWeatherMap\.m2\repository\org\asynchttpclient\async-http-client-netty-utils\2.12.3\async-http-client-netty-utils-2.12.3.jar;D:\Work\NAB\Automation\OpenWeatherMapTestNgMaven\OpenWeatherMap\.m2\repository\io\netty\netty-codec-socks\4.1.60.Final\netty-codec-socks-4.1.60.Final.jar;D:\Work\NAB\Automation\OpenWeatherMapTestNgMaven\OpenWeatherMap\.m2\repository\io\netty\netty-handler-proxy\4.1.60.Final\netty-handler-proxy-4.1.60.Final.jar;D:\Work\NAB\Automation\OpenWeatherMapTestNgMaven\OpenWeatherMap\.m2\repository\io\netty\netty-transport-native-epoll\4.1.60.Final\netty-transport-native-epoll-4.1.60.Final-linux-x86_64.jar;D:\Work\NAB\Automation\OpenWeatherMapTestNgMaven\OpenWeatherMap\.m2\repository\io\netty\netty-transport-native-kqueue\4.1.60.Final\netty-transport-native-kqueue-4.1.60.Final-osx-x86_64.jar;D:\Work\NAB\Automation\OpenWeatherMapTestNgMaven\OpenWeatherMap\.m2\repository\org\reactivestreams\reactive-streams\1.0.3\reactive-streams-1.0.3.jar;D:\Work\NAB\Automation\OpenWeatherMapTestNgMaven\OpenWeatherMap\.m2\repository\com\typesafe\netty\netty-reactive-streams\2.0.4\netty-reactive-streams-2.0.4.jar;D:\Work\NAB\Automation\OpenWeatherMapTestNgMaven\OpenWeatherMap\.m2\repository\com\sun\activation\jakarta.activation\1.2.2\jakarta.activation-1.2.2.jar;D:\Work\NAB\Automation\OpenWeatherMapTestNgMaven\OpenWeatherMap\.m2\repository\org\seleniumhq\selenium\selenium-http\4.1.1\selenium-http-4.1.1.jar;D:\Work\NAB\Automation\OpenWeatherMapTestNgMaven\OpenWeatherMap\.m2\repository\net\jodah\failsafe\2.4.4\failsafe-2.4.4.jar;D:\Work\NAB\Automation\OpenWeatherMapTestNgMaven\OpenWeatherMap\.m2\repository\org\seleniumhq\selenium\selenium-safari-driver\4.1.1\selenium-safari-driver-4.1.1.jar;D:\Work\NAB\Automation\OpenWeatherMapTestNgMaven\OpenWeatherMap\.m2\repository\org\seleniumhq\selenium\selenium-support\4.1.1\selenium-support-4.1.1.jar;D:\Work\NAB\Automation\OpenWeatherMapTestNgMaven\OpenWeatherMap\.m2\repository\junit\junit\4.13.2\junit-4.13.2.jar;D:\Work\NAB\Automation\OpenWeatherMapTestNgMaven\OpenWeatherMap\.m2\repository\org\hamcrest\hamcrest-core\1.3\hamcrest-core-1.3.jar;D:\Work\NAB\Automation\OpenWeatherMapTestNgMaven\OpenWeatherMap\.m2\repository\org\junit\jupiter\junit-jupiter\5.7.1\junit-jupiter-5.7.1.jar;D:\Work\NAB\Automation\OpenWeatherMapTestNgMaven\OpenWeatherMap\.m2\repository\org\junit\jupiter\junit-jupiter-api\5.7.1\junit-jupiter-api-5.7.1.jar;D:\Work\NAB\Automation\OpenWeatherMapTestNgMaven\OpenWeatherMap\.m2\repository\org\apiguardian\apiguardian-api\1.1.0\apiguardian-api-1.1.0.jar;D:\Work\NAB\Automation\OpenWeatherMapTestNgMaven\OpenWeatherMap\.m2\repository\org\opentest4j\opentest4j\1.2.0\opentest4j-1.2.0.jar;D:\Work\NAB\Automation\OpenWeatherMapTestNgMaven\OpenWeatherMap\.m2\repository\org\junit\platform\junit-platform-commons\1.7.1\junit-platform-commons-1.7.1.jar;D:\Work\NAB\Automation\OpenWeatherMapTestNgMaven\OpenWeatherMap\.m2\repository\org\junit\jupiter\junit-jupiter-params\5.7.1\junit-jupiter-params-5.7.1.jar;D:\Work\NAB\Automation\OpenWeatherMapTestNgMaven\OpenWeatherMap\.m2\repository\org\junit\jupiter\junit-jupiter-engine\5.7.1\junit-jupiter-engine-5.7.1.jar;D:\Work\NAB\Automation\OpenWeatherMapTestNgMaven\OpenWeatherMap\.m2\repository\org\junit\platform\junit-platform-engine\1.7.1\junit-platform-engine-1.7.1.jar;D:\Work\NAB\Automation\OpenWeatherMapTestNgMaven\OpenWeatherMap\.m2\repository\ch\qos\reload4j\reload4j\1.2.19\reload4j-1.2.19.jar;D:\Work\NAB\Automation\OpenWeatherMapTestNgMaven\OpenWeatherMap\.m2\repository\org\testng\testng\7.4.0\testng-7.4.0.jar;D:\Work\NAB\Automation\OpenWeatherMapTestNgMaven\OpenWeatherMap\.m2\repository\com\beust\jcommander\1.78\jcommander-1.78.jar;D:\Work\NAB\Automation\OpenWeatherMapTestNgMaven\OpenWeatherMap\.m2\repository\org\webjars\jquery\3.5.1\jquery-3.5.1.jar;D:\Work\NAB\Automation\OpenWeatherMapTestNgMaven\OpenWeatherMap\.m2\repository\commons-io\commons-io\2.11.0\commons-io-2.11.0.jar;"/>
    <property name="sun.cpu.endian" value="little"/>
    <property name="user.home" value="C:\Users\Admin"/>
    <property name="user.language" value="en"/>
    <property name="java.specification.vendor" value="Oracle Corporation"/>
    <property name="java.home" value="C:\Program Files\Java\jdk1.8.0_202\jre"/>
    <property name="basedir" value="D:\Work\NAB\Automation\OpenWeatherMapTestNgMaven\OpenWeatherMap"/>
    <property name="file.separator" value="\"/>
    <property name="line.separator" value="&#10;"/>
    <property name="java.vm.specification.vendor" value="Oracle Corporation"/>
    <property name="java.specification.name" value="Java Platform API Specification"/>
    <property name="java.awt.graphicsenv" value="sun.awt.Win32GraphicsEnvironment"/>
    <property name="surefire.real.class.path" value="C:\Users\Admin\AppData\Local\Temp\surefire938829854351081490\surefirebooter2885415044495035806.jar"/>
    <property name="sun.boot.class.path" value="C:\Program Files\Java\jdk1.8.0_202\jre\lib\resources.jar;C:\Program Files\Java\jdk1.8.0_202\jre\lib\rt.jar;C:\Program Files\Java\jdk1.8.0_202\jre\lib\sunrsasign.jar;C:\Program Files\Java\jdk1.8.0_202\jre\lib\jsse.jar;C:\Program Files\Java\jdk1.8.0_202\jre\lib\jce.jar;C:\Program Files\Java\jdk1.8.0_202\jre\lib\charsets.jar;C:\Program Files\Java\jdk1.8.0_202\jre\lib\jfr.jar;C:\Program Files\Java\jdk1.8.0_202\jre\classes"/>
    <property name="user.script" value=""/>
    <property name="sun.management.compiler" value="HotSpot 64-Bit Tiered Compilers"/>
    <property name="java.runtime.version" value="1.8.0_202-b08"/>
    <property name="user.name" value="Admin"/>
    <property name="path.separator" value=";"/>
    <property name="os.version" value="10.0"/>
    <property name="java.endorsed.dirs" value="C:\Program Files\Java\jdk1.8.0_202\jre\lib\endorsed"/>
    <property name="java.runtime.name" value="Java(TM) SE Runtime Environment"/>
    <property name="file.encoding" value="Cp1252"/>
    <property name="java.vm.name" value="Java HotSpot(TM) 64-Bit Server VM"/>
    <property name="localRepository" value="D:\Work\NAB\Automation\OpenWeatherMapTestNgMaven\OpenWeatherMap\.m2\repository"/>
    <property name="java.vendor.url.bug" value="http://bugreport.sun.com/bugreport/"/>
    <property name="java.io.tmpdir" value="C:\Users\Admin\AppData\Local\Temp\"/>
    <property name="java.version" value="1.8.0_202"/>
    <property name="user.dir" value="D:\Work\NAB\Automation\OpenWeatherMapTestNgMaven\OpenWeatherMap"/>
    <property name="os.arch" value="amd64"/>
    <property name="java.vm.specification.name" value="Java Virtual Machine Specification"/>
    <property name="java.awt.printerjob" value="sun.awt.windows.WPrinterJob"/>
    <property name="sun.os.patch.level" value=""/>
    <property name="java.library.path" value="C:\Program Files\Java\jdk1.8.0_202\jre\bin;C:\Windows\Sun\Java\bin;C:\Windows\system32;C:\Windows;C:\Program Files (x86)\Common Files\Oracle\Java\javapath;C:\Windows\system32;C:\Windows;C:\Windows\System32\Wbem;C:\Windows\System32\WindowsPowerShell\v1.0\;C:\Windows\System32\OpenSSH\;C:\Program Files\Java\jdk1.8.0_202\bin;C:\Program Files\apache-maven-3.6.3\bin;C:\Program Files (x86)\dotnet\;C:\Program Files\Git\cmd;C:\Users\Admin\AppData\Local\Programs\Python\Python38-32\Scripts\;C:\Users\Admin\AppData\Local\Programs\Python\Python38-32\;C:\Users\Admin\AppData\Local\Microsoft\WindowsApps;;C:\Users\Admin\AppData\Local\Programs\Microsoft VS Code\bin;."/>
    <property name="java.vm.info" value="mixed mode"/>
    <property name="java.vendor" value="Oracle Corporation"/>
    <property name="java.vm.version" value="25.202-b08"/>
    <property name="java.ext.dirs" value="C:\Program Files\Java\jdk1.8.0_202\jre\lib\ext;C:\Windows\Sun\Java\lib\ext"/>
    <property name="sun.io.unicode.encoding" value="UnicodeLittle"/>
    <property name="maven.repo.local" value=".m2/repository"/>
    <property name="java.class.version" value="52.0"/>
  </properties>
  <testcase name="check_the_display_incase_result_is_not_empty" classname="Test.SearchFunction" time="13.731">
    <failure message="The element reference of &lt;i&gt; is stale; either the element is no longer attached to the DOM, it is not in the current frame context, or the document has been refreshed&#10;For documentation on this error, please visit: https://selenium.dev/exceptions/#stale_element_reference&#10;Build info: version: &apos;4.1.1&apos;, revision: &apos;e8fcc2cecf&apos;&#10;System info: host: &apos;ADMIN&apos;, ip: &apos;192.168.183.161&apos;, os.name: &apos;Windows 10&apos;, os.arch: &apos;amd64&apos;, os.version: &apos;10.0&apos;, java.version: &apos;1.8.0_202&apos;&#10;Driver info: org.openqa.selenium.firefox.FirefoxDriver&#10;Command: [146fcf84-1e7c-4759-877a-8c45f91d8d46, getElementText {id=1d550a8e-8fe2-459d-acb8-11aa798c89a7}]&#10;Capabilities {acceptInsecureCerts: true, browserName: firefox, browserVersion: 98.0, javascriptEnabled: true, moz:accessibilityChecks: false, moz:buildID: 20220304153049, moz:debuggerAddress: localhost:58852, moz:geckodriverVersion: 0.30.0, moz:headless: false, moz:processID: 12968, moz:profile: C:\Users\Admin\AppData\Loca..., moz:shutdownTimeout: 60000, moz:useNonSpecCompliantPointerOrigin: false, moz:webdriverClick: true, pageLoadStrategy: normal, platform: WINDOWS, platformName: WINDOWS, platformVersion: 10.0, proxy: Proxy(), se:cdp: ws://localhost:58852/devtoo..., se:cdpVersion: 85, setWindowRect: true, strictFileInteractability: false, timeouts: {implicit: 0, pageLoad: 300000, script: 30000}, unhandledPromptBehavior: dismiss and notify}&#10;Element: [[[[[[[[[[[[FirefoxDriver: firefox on WINDOWS (146fcf84-1e7c-4759-877a-8c45f91d8d46)] -&gt; id: forecast-list]] -&gt; xpath: .//table[*]]] -&gt; xpath: .//tr[*]]] -&gt; tag name: td]] -&gt; tag name: b]] -&gt; tag name: i]&#10;Session ID: 146fcf84-1e7c-4759-877a-8c45f91d8d46" type="org.openqa.selenium.StaleElementReferenceException"><![CDATA[org.openqa.selenium.StaleElementReferenceException: 
The element reference of <i> is stale; either the element is no longer attached to the DOM, it is not in the current frame context, or the document has been refreshed
For documentation on this error, please visit: https://selenium.dev/exceptions/#stale_element_reference
Build info: version: '4.1.1', revision: 'e8fcc2cecf'
System info: host: 'ADMIN', ip: '192.168.183.161', os.name: 'Windows 10', os.arch: 'amd64', os.version: '10.0', java.version: '1.8.0_202'
Driver info: org.openqa.selenium.firefox.FirefoxDriver
Command: [146fcf84-1e7c-4759-877a-8c45f91d8d46, getElementText {id=1d550a8e-8fe2-459d-acb8-11aa798c89a7}]
Capabilities {acceptInsecureCerts: true, browserName: firefox, browserVersion: 98.0, javascriptEnabled: true, moz:accessibilityChecks: false, moz:buildID: 20220304153049, moz:debuggerAddress: localhost:58852, moz:geckodriverVersion: 0.30.0, moz:headless: false, moz:processID: 12968, moz:profile: C:\Users\Admin\AppData\Loca..., moz:shutdownTimeout: 60000, moz:useNonSpecCompliantPointerOrigin: false, moz:webdriverClick: true, pageLoadStrategy: normal, platform: WINDOWS, platformName: WINDOWS, platformVersion: 10.0, proxy: Proxy(), se:cdp: ws://localhost:58852/devtoo..., se:cdpVersion: 85, setWindowRect: true, strictFileInteractability: false, timeouts: {implicit: 0, pageLoad: 300000, script: 30000}, unhandledPromptBehavior: dismiss and notify}
Element: [[[[[[[[[[[[FirefoxDriver: firefox on WINDOWS (146fcf84-1e7c-4759-877a-8c45f91d8d46)] -> id: forecast-list]] -> xpath: .//table[*]]] -> xpath: .//tr[*]]] -> tag name: td]] -> tag name: b]] -> tag name: i]
Session ID: 146fcf84-1e7c-4759-877a-8c45f91d8d46
	at Test.SearchFunction.check_the_display_incase_result_is_not_empty(SearchFunction.java:63)
]]></failure>
    <system-out><![CDATA[13:18:00.805 [TestNG-tests-2] DEBUG i.n.u.i.l.InternalLoggerFactory - Using SLF4J as the default logging framework
13:18:00.805 [TestNG-tests-2] DEBUG io.netty.util.ResourceLeakDetector - -Dio.netty.leakDetection.level: simple
13:18:00.805 [TestNG-tests-2] DEBUG io.netty.util.ResourceLeakDetector - -Dio.netty.leakDetection.targetRecords: 4
13:18:00.836 [TestNG-tests-2] DEBUG i.n.util.ResourceLeakDetectorFactory - Loaded default ResourceLeakDetector: io.netty.util.ResourceLeakDetector@3256608b
13:18:00.868 [TestNG-tests-2] DEBUG i.n.util.internal.PlatformDependent0 - -Dio.netty.noUnsafe: false
13:18:00.868 [TestNG-tests-2] DEBUG i.n.util.internal.PlatformDependent0 - Java version: 8
13:18:00.868 [TestNG-tests-2] DEBUG i.n.util.internal.PlatformDependent0 - sun.misc.Unsafe.theUnsafe: available
13:18:00.868 [TestNG-tests-2] DEBUG i.n.util.internal.PlatformDependent0 - sun.misc.Unsafe.copyMemory: available
13:18:00.868 [TestNG-tests-2] DEBUG i.n.util.internal.PlatformDependent0 - java.nio.Buffer.address: available
13:18:00.868 [TestNG-tests-2] DEBUG i.n.util.internal.PlatformDependent0 - direct buffer constructor: available
13:18:00.868 [TestNG-tests-2] DEBUG i.n.util.internal.PlatformDependent0 - java.nio.Bits.unaligned: available, true
13:18:00.868 [TestNG-tests-2] DEBUG i.n.util.internal.PlatformDependent0 - jdk.internal.misc.Unsafe.allocateUninitializedArray(int): unavailable prior to Java9
13:18:00.868 [TestNG-tests-2] DEBUG i.n.util.internal.PlatformDependent0 - java.nio.DirectByteBuffer.<init>(long, int): available
13:18:00.868 [TestNG-tests-2] DEBUG i.n.util.internal.PlatformDependent - sun.misc.Unsafe: available
13:18:00.883 [TestNG-tests-2] DEBUG i.n.util.internal.PlatformDependent - -Dio.netty.tmpdir: C:\Users\Admin\AppData\Local\Temp (java.io.tmpdir)
13:18:00.883 [TestNG-tests-2] DEBUG i.n.util.internal.PlatformDependent - -Dio.netty.bitMode: 64 (sun.arch.data.model)
13:18:00.883 [TestNG-tests-2] DEBUG i.n.util.internal.PlatformDependent - Platform: Windows
13:18:00.883 [TestNG-tests-2] DEBUG i.n.util.internal.PlatformDependent - -Dio.netty.maxDirectMemory: 928514048 bytes
13:18:00.883 [TestNG-tests-2] DEBUG i.n.util.internal.PlatformDependent - -Dio.netty.uninitializedArrayAllocationThreshold: -1
13:18:00.883 [TestNG-tests-2] DEBUG io.netty.util.internal.CleanerJava6 - java.nio.ByteBuffer.cleaner(): available
13:18:00.883 [TestNG-tests-2] DEBUG i.n.util.internal.PlatformDependent - -Dio.netty.noPreferDirect: false
13:18:00.899 [TestNG-tests-2] DEBUG i.n.util.internal.PlatformDependent - org.jctools-core.MpscChunkedArrayQueue: available
13:18:00.961 [TestNG-tests-2] DEBUG i.n.u.i.InternalThreadLocalMap - -Dio.netty.threadLocalMap.stringBuilder.initialSize: 1024
13:18:00.961 [TestNG-tests-2] DEBUG i.n.u.i.InternalThreadLocalMap - -Dio.netty.threadLocalMap.stringBuilder.maxSize: 4096
13:18:01.481 [TestNG-tests-2] DEBUG io.netty.handler.ssl.JdkSslContext - Default protocols (JDK): [TLSv1.2, TLSv1.1, TLSv1] 
13:18:01.481 [TestNG-tests-2] DEBUG io.netty.handler.ssl.JdkSslContext - Default cipher suites (JDK): [TLS_ECDHE_ECDSA_WITH_AES_256_GCM_SHA384, TLS_ECDHE_ECDSA_WITH_AES_128_GCM_SHA256, TLS_ECDHE_RSA_WITH_AES_128_GCM_SHA256, TLS_ECDHE_RSA_WITH_AES_256_GCM_SHA384, TLS_ECDHE_RSA_WITH_AES_128_CBC_SHA, TLS_ECDHE_RSA_WITH_AES_256_CBC_SHA, TLS_RSA_WITH_AES_128_GCM_SHA256, TLS_RSA_WITH_AES_128_CBC_SHA, TLS_RSA_WITH_AES_256_CBC_SHA]
13:18:01.532 [TestNG-tests-2] DEBUG i.n.c.MultithreadEventLoopGroup - -Dio.netty.eventLoopThreads: 8
13:18:01.548 [TestNG-tests-2] DEBUG io.netty.channel.nio.NioEventLoop - -Dio.netty.noKeySetOptimization: false
13:18:01.548 [TestNG-tests-2] DEBUG io.netty.channel.nio.NioEventLoop - -Dio.netty.selectorAutoRebuildThreshold: 512
13:18:01.632 [TestNG-tests-2] DEBUG i.n.buffer.PooledByteBufAllocator - -Dio.netty.allocator.numHeapArenas: 8
13:18:01.632 [TestNG-tests-2] DEBUG i.n.buffer.PooledByteBufAllocator - -Dio.netty.allocator.numDirectArenas: 8
13:18:01.632 [TestNG-tests-2] DEBUG i.n.buffer.PooledByteBufAllocator - -Dio.netty.allocator.pageSize: 8192
13:18:01.632 [TestNG-tests-2] DEBUG i.n.buffer.PooledByteBufAllocator - -Dio.netty.allocator.maxOrder: 11
13:18:01.632 [TestNG-tests-2] DEBUG i.n.buffer.PooledByteBufAllocator - -Dio.netty.allocator.chunkSize: 16777216
13:18:01.632 [TestNG-tests-2] DEBUG i.n.buffer.PooledByteBufAllocator - -Dio.netty.allocator.smallCacheSize: 256
13:18:01.632 [TestNG-tests-2] DEBUG i.n.buffer.PooledByteBufAllocator - -Dio.netty.allocator.normalCacheSize: 64
13:18:01.632 [TestNG-tests-2] DEBUG i.n.buffer.PooledByteBufAllocator - -Dio.netty.allocator.maxCachedBufferCapacity: 32768
13:18:01.632 [TestNG-tests-2] DEBUG i.n.buffer.PooledByteBufAllocator - -Dio.netty.allocator.cacheTrimInterval: 8192
13:18:01.632 [TestNG-tests-2] DEBUG i.n.buffer.PooledByteBufAllocator - -Dio.netty.allocator.cacheTrimIntervalMillis: 0
13:18:01.632 [TestNG-tests-2] DEBUG i.n.buffer.PooledByteBufAllocator - -Dio.netty.allocator.useCacheForAllThreads: true
13:18:01.632 [TestNG-tests-2] DEBUG i.n.buffer.PooledByteBufAllocator - -Dio.netty.allocator.maxCachedByteBuffersPerChunk: 1023
13:18:01.663 [TestNG-tests-2] DEBUG io.netty.buffer.ByteBufUtil - -Dio.netty.allocator.type: pooled
13:18:01.663 [TestNG-tests-2] DEBUG io.netty.buffer.ByteBufUtil - -Dio.netty.threadLocalDirectBufferSize: 0
13:18:01.663 [TestNG-tests-2] DEBUG io.netty.buffer.ByteBufUtil - -Dio.netty.maxThreadLocalCharBufferSize: 16384
13:18:03.621 [Forwarding newSession on session null to remote] DEBUG io.netty.channel.DefaultChannelId - -Dio.netty.processId: 11716 (auto-detected)
13:18:03.621 [Forwarding newSession on session null to remote] DEBUG io.netty.util.NetUtil - -Djava.net.preferIPv4Stack: false
13:18:03.621 [Forwarding newSession on session null to remote] DEBUG io.netty.util.NetUtil - -Djava.net.preferIPv6Addresses: false
13:18:03.840 [Forwarding newSession on session null to remote] DEBUG io.netty.util.NetUtilInitializations - Loopback interface: lo (Software Loopback Interface 1, 127.0.0.1)
13:18:03.840 [Forwarding newSession on session null to remote] DEBUG io.netty.util.NetUtil - Failed to get SOMAXCONN from sysctl and file \proc\sys\net\core\somaxconn. Default: 200
13:18:04.062 [Forwarding newSession on session null to remote] DEBUG io.netty.channel.DefaultChannelId - -Dio.netty.machineId: e0:d5:5e:ff:fe:3d:ba:cc (auto-detected)
13:18:04.162 [AsyncHttpClient-1-3] DEBUG io.netty.buffer.AbstractByteBuf - -Dio.netty.buffer.checkAccessible: true
13:18:04.162 [AsyncHttpClient-1-3] DEBUG io.netty.buffer.AbstractByteBuf - -Dio.netty.buffer.checkBounds: true
13:18:04.162 [AsyncHttpClient-1-3] DEBUG i.n.util.ResourceLeakDetectorFactory - Loaded default ResourceLeakDetector: io.netty.util.ResourceLeakDetector@46e0ec8
13:18:04.209 [AsyncHttpClient-1-3] DEBUG o.a.n.channel.NettyConnectListener - Using new Channel '[id: 0x24fd21bb, L:/127.0.0.1:59313 - R:localhost/127.0.0.1:64665]' for 'POST' to '/session'
13:18:04.209 [AsyncHttpClient-1-2] DEBUG o.a.n.channel.NettyConnectListener - Using new Channel '[id: 0x0c524cbf, L:/127.0.0.1:59314 - R:localhost/127.0.0.1:57352]' for 'POST' to '/session'
13:18:04.225 [AsyncHttpClient-1-3] DEBUG io.netty.util.Recycler - -Dio.netty.recycler.maxCapacityPerThread: 4096
13:18:04.225 [AsyncHttpClient-1-3] DEBUG io.netty.util.Recycler - -Dio.netty.recycler.maxSharedCapacityFactor: 2
13:18:04.225 [AsyncHttpClient-1-3] DEBUG io.netty.util.Recycler - -Dio.netty.recycler.linkCapacity: 16
13:18:04.225 [AsyncHttpClient-1-3] DEBUG io.netty.util.Recycler - -Dio.netty.recycler.ratio: 8
13:18:04.225 [AsyncHttpClient-1-3] DEBUG io.netty.util.Recycler - -Dio.netty.recycler.delayedQueue.ratio: 8
13:18:11.732 [AsyncHttpClient-1-3] DEBUG i.n.handler.codec.compression.Brotli - brotli4j not in the classpath; Brotli support will be unavailable.
13:18:11.794 [AsyncHttpClient-1-3] DEBUG o.a.netty.handler.HttpHandler - 

Request DefaultHttpRequest(decodeResult: success, version: HTTP/1.1)
POST /session HTTP/1.1
User-Agent: selenium/4.1.1 (java windows)
Content-Length: 365
Content-Type: application/json; charset=utf-8
host: localhost:64665
accept: */*

Response DefaultHttpResponse(decodeResult: success, version: HTTP/1.1)
HTTP/1.1 200 OK
Content-Type: application/json; charset=utf-8
cache-control: no-cache
content-length: 787

13:18:11.846 [AsyncHttpClient-1-3] DEBUG o.a.netty.channel.ChannelManager - Adding key: http://localhost:64665 for channel [id: 0x24fd21bb, L:/127.0.0.1:59313 - R:localhost/127.0.0.1:64665]
13:18:12.415 [AsyncHttpClient-1-1] DEBUG o.a.netty.channel.DefaultChannelPool - Entry count for : http://localhost:64665 : 1
13:18:13.193 [AsyncHttpClient-1-4] DEBUG o.a.n.channel.NettyConnectListener - Using new Channel '[id: 0xde6efb89, L:/127.0.0.1:59334 - R:localhost/127.0.0.1:59321]' for 'GET' to '/json/version'
13:18:13.193 [AsyncHttpClient-1-4] DEBUG o.a.netty.handler.HttpHandler - 

Request DefaultFullHttpRequest(decodeResult: success, version: HTTP/1.1, content: EmptyByteBufBE)
GET /json/version HTTP/1.1
User-Agent: selenium/4.1.1 (java windows)
host: localhost:59321
accept: */*

Response DefaultHttpResponse(decodeResult: success, version: HTTP/1.1)
HTTP/1.1 200 OK
Content-Type: application/json; charset=UTF-8
content-length: 423

13:18:13.193 [AsyncHttpClient-1-4] DEBUG o.a.netty.channel.ChannelManager - Adding key: http://localhost:59321 for channel [id: 0xde6efb89, L:/127.0.0.1:59334 - R:localhost/127.0.0.1:59321]
13:18:13.229 [TestNG-tests-1] DEBUG i.n.util.internal.ThreadLocalRandom - -Dio.netty.initialSeedUniquifier: 0x6ad212ce092960d7
13:18:13.240 [AsyncHttpClient-1-5] DEBUG o.a.n.channel.NettyConnectListener - Using new Channel '[id: 0xf4f3d98b, L:/127.0.0.1:59335 - R:localhost/127.0.0.1:59321]' for 'GET' to '/devtools/browser/62522700-95a0-49d0-885b-032a456166ca'
13:18:13.242 [AsyncHttpClient-1-5] DEBUG o.a.netty.handler.WebSocketHandler - 

Request DefaultFullHttpRequest(decodeResult: success, version: HTTP/1.1, content: EmptyByteBufBE)
GET /devtools/browser/62522700-95a0-49d0-885b-032a456166ca HTTP/1.1
upgrade: websocket
connection: upgrade
sec-websocket-key: BvH0Vf2j+xhiuFBu2tjxAQ==
sec-websocket-version: 13
origin: http://localhost:59321
host: localhost:59321
accept: */*
user-agent: AHC/2.1

Response DefaultHttpResponse(decodeResult: success, version: HTTP/1.1)
HTTP/1.1 101 WebSocket Protocol Handshake
Upgrade: WebSocket
Connection: Upgrade
Sec-WebSocket-Accept: Ad4uPdsqlyH9hFIc1+iYZlrsnKM=

13:18:13.517 [AsyncHttpClient-1-1] DEBUG o.a.netty.channel.DefaultChannelPool - Entry count for : http://localhost:59321 : 1
13:18:13.517 [AsyncHttpClient-1-1] DEBUG o.a.netty.channel.DefaultChannelPool - Entry count for : http://localhost:64665 : 1
13:18:14.414 [Forwarding get on session cefd15cce33e49a7ed6023295c391940 to remote] DEBUG o.a.netty.request.NettyRequestSender - Using pooled Channel '[id: 0x24fd21bb, L:/127.0.0.1:59313 - R:localhost/127.0.0.1:64665]' for 'POST' to 'http://localhost:64665/session/cefd15cce33e49a7ed6023295c391940/url'
13:18:14.414 [Forwarding get on session cefd15cce33e49a7ed6023295c391940 to remote] DEBUG o.a.netty.request.NettyRequestSender - Using open Channel [id: 0x24fd21bb, L:/127.0.0.1:59313 - R:localhost/127.0.0.1:64665] for POST '/session/cefd15cce33e49a7ed6023295c391940/url'
13:18:14.616 [AsyncHttpClient-1-1] DEBUG o.a.netty.channel.DefaultChannelPool - Entry count for : http://localhost:59321 : 1
13:18:15.715 [AsyncHttpClient-1-1] DEBUG o.a.netty.channel.DefaultChannelPool - Entry count for : http://localhost:59321 : 1
13:18:16.815 [AsyncHttpClient-1-1] DEBUG o.a.netty.channel.DefaultChannelPool - Entry count for : http://localhost:59321 : 1
13:18:17.915 [AsyncHttpClient-1-1] DEBUG o.a.netty.channel.DefaultChannelPool - Entry count for : http://localhost:59321 : 1
13:18:19.016 [AsyncHttpClient-1-1] DEBUG o.a.netty.channel.DefaultChannelPool - Entry count for : http://localhost:59321 : 1
13:18:20.116 [AsyncHttpClient-1-1] DEBUG o.a.netty.channel.DefaultChannelPool - Entry count for : http://localhost:59321 : 1
13:18:21.216 [AsyncHttpClient-1-1] DEBUG o.a.netty.channel.DefaultChannelPool - Entry count for : http://localhost:59321 : 1
13:18:22.315 [AsyncHttpClient-1-1] DEBUG o.a.netty.channel.DefaultChannelPool - Entry count for : http://localhost:59321 : 1
13:18:23.416 [AsyncHttpClient-1-1] DEBUG o.a.netty.channel.DefaultChannelPool - Entry count for : http://localhost:59321 : 1
13:18:24.516 [AsyncHttpClient-1-1] DEBUG o.a.netty.channel.DefaultChannelPool - Entry count for : http://localhost:59321 : 1
13:18:25.615 [AsyncHttpClient-1-1] DEBUG o.a.netty.channel.DefaultChannelPool - Entry count for : http://localhost:59321 : 1
13:18:26.716 [AsyncHttpClient-1-1] DEBUG o.a.netty.channel.DefaultChannelPool - Entry count for : http://localhost:59321 : 1
13:18:27.816 [AsyncHttpClient-1-1] DEBUG o.a.netty.channel.DefaultChannelPool - Entry count for : http://localhost:59321 : 1
13:18:28.636 [AsyncHttpClient-1-3] DEBUG o.a.netty.handler.HttpHandler - 

Request DefaultHttpRequest(decodeResult: success, version: HTTP/1.1)
POST /session/cefd15cce33e49a7ed6023295c391940/url HTTP/1.1
User-Agent: selenium/4.1.1 (java windows)
Content-Length: 51
Content-Type: application/json; charset=utf-8
host: localhost:64665
accept: */*

Response DefaultHttpResponse(decodeResult: success, version: HTTP/1.1)
HTTP/1.1 200 OK
Content-Type: application/json; charset=utf-8
cache-control: no-cache
content-length: 14

13:18:28.636 [AsyncHttpClient-1-3] DEBUG o.a.netty.channel.ChannelManager - Adding key: http://localhost:64665 for channel [id: 0x24fd21bb, L:/127.0.0.1:59313 - R:localhost/127.0.0.1:64665]
13:18:28.712 [Forwarding maximizeCurrentWindow on session cefd15cce33e49a7ed6023295c391940 to remote] DEBUG o.a.netty.request.NettyRequestSender - Using pooled Channel '[id: 0x24fd21bb, L:/127.0.0.1:59313 - R:localhost/127.0.0.1:64665]' for 'POST' to 'http://localhost:64665/session/cefd15cce33e49a7ed6023295c391940/window/maximize'
13:18:28.712 [Forwarding maximizeCurrentWindow on session cefd15cce33e49a7ed6023295c391940 to remote] DEBUG o.a.netty.request.NettyRequestSender - Using open Channel [id: 0x24fd21bb, L:/127.0.0.1:59313 - R:localhost/127.0.0.1:64665] for POST '/session/cefd15cce33e49a7ed6023295c391940/window/maximize'
13:18:28.916 [AsyncHttpClient-1-1] DEBUG o.a.netty.channel.DefaultChannelPool - Entry count for : http://localhost:59321 : 1
13:18:30.015 [AsyncHttpClient-1-1] DEBUG o.a.netty.channel.DefaultChannelPool - Entry count for : http://localhost:59321 : 1
13:18:31.115 [AsyncHttpClient-1-1] DEBUG o.a.netty.channel.DefaultChannelPool - Entry count for : http://localhost:59321 : 1
13:18:32.216 [AsyncHttpClient-1-1] DEBUG o.a.netty.channel.DefaultChannelPool - Entry count for : http://localhost:59321 : 1
13:18:33.315 [AsyncHttpClient-1-1] DEBUG o.a.netty.channel.DefaultChannelPool - Entry count for : http://localhost:59321 : 1
13:18:34.153 [AsyncHttpClient-1-3] DEBUG o.a.netty.handler.HttpHandler - 

Request DefaultHttpRequest(decodeResult: success, version: HTTP/1.1)
POST /session/cefd15cce33e49a7ed6023295c391940/window/maximize HTTP/1.1
User-Agent: selenium/4.1.1 (java windows)
Content-Length: 3
Content-Type: application/json; charset=utf-8
host: localhost:64665
accept: */*

Response DefaultHttpResponse(decodeResult: success, version: HTTP/1.1)
HTTP/1.1 200 OK
Content-Type: application/json; charset=utf-8
cache-control: no-cache
content-length: 51

13:18:34.153 [AsyncHttpClient-1-3] DEBUG o.a.netty.channel.ChannelManager - Adding key: http://localhost:64665 for channel [id: 0x24fd21bb, L:/127.0.0.1:59313 - R:localhost/127.0.0.1:64665]
13:18:34.310 [Forwarding getCurrentWindowHandle on session cefd15cce33e49a7ed6023295c391940 to remote] DEBUG o.a.netty.request.NettyRequestSender - Using pooled Channel '[id: 0x24fd21bb, L:/127.0.0.1:59313 - R:localhost/127.0.0.1:64665]' for 'GET' to 'http://localhost:64665/session/cefd15cce33e49a7ed6023295c391940/window'
13:18:34.310 [Forwarding getCurrentWindowHandle on session cefd15cce33e49a7ed6023295c391940 to remote] DEBUG o.a.netty.request.NettyRequestSender - Using open Channel [id: 0x24fd21bb, L:/127.0.0.1:59313 - R:localhost/127.0.0.1:64665] for GET '/session/cefd15cce33e49a7ed6023295c391940/window'
13:18:34.391 [AsyncHttpClient-1-3] DEBUG o.a.netty.handler.HttpHandler - 

Request DefaultFullHttpRequest(decodeResult: success, version: HTTP/1.1, content: EmptyByteBufBE)
GET /session/cefd15cce33e49a7ed6023295c391940/window HTTP/1.1
User-Agent: selenium/4.1.1 (java windows)
Cache-Control: no-cache
Content-Type: application/json; charset=utf-8
host: localhost:64665
accept: */*

Response DefaultHttpResponse(decodeResult: success, version: HTTP/1.1)
HTTP/1.1 200 OK
Content-Type: application/json; charset=utf-8
cache-control: no-cache
content-length: 53

13:18:34.391 [AsyncHttpClient-1-3] DEBUG o.a.netty.channel.ChannelManager - Adding key: http://localhost:64665 for channel [id: 0x24fd21bb, L:/127.0.0.1:59313 - R:localhost/127.0.0.1:64665]
13:18:34.393 [Forwarding getWindowHandles on session cefd15cce33e49a7ed6023295c391940 to remote] DEBUG o.a.netty.request.NettyRequestSender - Using pooled Channel '[id: 0x24fd21bb, L:/127.0.0.1:59313 - R:localhost/127.0.0.1:64665]' for 'GET' to 'http://localhost:64665/session/cefd15cce33e49a7ed6023295c391940/window/handles'
13:18:34.393 [Forwarding getWindowHandles on session cefd15cce33e49a7ed6023295c391940 to remote] DEBUG o.a.netty.request.NettyRequestSender - Using open Channel [id: 0x24fd21bb, L:/127.0.0.1:59313 - R:localhost/127.0.0.1:64665] for GET '/session/cefd15cce33e49a7ed6023295c391940/window/handles'
13:18:34.415 [AsyncHttpClient-1-1] DEBUG o.a.netty.channel.DefaultChannelPool - Entry count for : http://localhost:59321 : 1
13:18:34.645 [AsyncHttpClient-1-3] DEBUG o.a.netty.handler.HttpHandler - 

Request DefaultFullHttpRequest(decodeResult: success, version: HTTP/1.1, content: EmptyByteBufBE)
GET /session/cefd15cce33e49a7ed6023295c391940/window/handles HTTP/1.1
User-Agent: selenium/4.1.1 (java windows)
Cache-Control: no-cache
Content-Type: application/json; charset=utf-8
host: localhost:64665
accept: */*

Response DefaultHttpResponse(decodeResult: success, version: HTTP/1.1)
HTTP/1.1 200 OK
Content-Type: application/json; charset=utf-8
cache-control: no-cache
content-length: 55

13:18:34.646 [AsyncHttpClient-1-3] DEBUG o.a.netty.channel.ChannelManager - Adding key: http://localhost:64665 for channel [id: 0x24fd21bb, L:/127.0.0.1:59313 - R:localhost/127.0.0.1:64665]
13:18:35.200 [Forwarding switchToWindow on session cefd15cce33e49a7ed6023295c391940 to remote] DEBUG o.a.netty.request.NettyRequestSender - Using pooled Channel '[id: 0x24fd21bb, L:/127.0.0.1:59313 - R:localhost/127.0.0.1:64665]' for 'POST' to 'http://localhost:64665/session/cefd15cce33e49a7ed6023295c391940/window'
13:18:35.200 [Forwarding switchToWindow on session cefd15cce33e49a7ed6023295c391940 to remote] DEBUG o.a.netty.request.NettyRequestSender - Using open Channel [id: 0x24fd21bb, L:/127.0.0.1:59313 - R:localhost/127.0.0.1:64665] for POST '/session/cefd15cce33e49a7ed6023295c391940/window'
13:18:35.271 [AsyncHttpClient-1-3] DEBUG o.a.netty.handler.HttpHandler - 

Request DefaultHttpRequest(decodeResult: success, version: HTTP/1.1)
POST /session/cefd15cce33e49a7ed6023295c391940/window HTTP/1.1
User-Agent: selenium/4.1.1 (java windows)
Content-Length: 59
Content-Type: application/json; charset=utf-8
host: localhost:64665
accept: */*

Response DefaultHttpResponse(decodeResult: success, version: HTTP/1.1)
HTTP/1.1 200 OK
Content-Type: application/json; charset=utf-8
cache-control: no-cache
content-length: 14

13:18:35.272 [AsyncHttpClient-1-3] DEBUG o.a.netty.channel.ChannelManager - Adding key: http://localhost:64665 for channel [id: 0x24fd21bb, L:/127.0.0.1:59313 - R:localhost/127.0.0.1:64665]
13:18:35.274 [Forwarding getCurrentWindowHandle on session cefd15cce33e49a7ed6023295c391940 to remote] DEBUG o.a.netty.request.NettyRequestSender - Using pooled Channel '[id: 0x24fd21bb, L:/127.0.0.1:59313 - R:localhost/127.0.0.1:64665]' for 'GET' to 'http://localhost:64665/session/cefd15cce33e49a7ed6023295c391940/window'
13:18:35.274 [Forwarding getCurrentWindowHandle on session cefd15cce33e49a7ed6023295c391940 to remote] DEBUG o.a.netty.request.NettyRequestSender - Using open Channel [id: 0x24fd21bb, L:/127.0.0.1:59313 - R:localhost/127.0.0.1:64665] for GET '/session/cefd15cce33e49a7ed6023295c391940/window'
13:18:35.291 [AsyncHttpClient-1-3] DEBUG o.a.netty.handler.HttpHandler - 

Request DefaultFullHttpRequest(decodeResult: success, version: HTTP/1.1, content: EmptyByteBufBE)
GET /session/cefd15cce33e49a7ed6023295c391940/window HTTP/1.1
User-Agent: selenium/4.1.1 (java windows)
Cache-Control: no-cache
Content-Type: application/json; charset=utf-8
host: localhost:64665
accept: */*

Response DefaultHttpResponse(decodeResult: success, version: HTTP/1.1)
HTTP/1.1 200 OK
Content-Type: application/json; charset=utf-8
cache-control: no-cache
content-length: 53

13:18:35.291 [AsyncHttpClient-1-3] DEBUG o.a.netty.channel.ChannelManager - Adding key: http://localhost:64665 for channel [id: 0x24fd21bb, L:/127.0.0.1:59313 - R:localhost/127.0.0.1:64665]
13:18:35.396 [Forwarding getCurrentWindowHandle on session cefd15cce33e49a7ed6023295c391940 to remote] DEBUG o.a.netty.request.NettyRequestSender - Using pooled Channel '[id: 0x24fd21bb, L:/127.0.0.1:59313 - R:localhost/127.0.0.1:64665]' for 'GET' to 'http://localhost:64665/session/cefd15cce33e49a7ed6023295c391940/window'
13:18:35.396 [Forwarding getCurrentWindowHandle on session cefd15cce33e49a7ed6023295c391940 to remote] DEBUG o.a.netty.request.NettyRequestSender - Using open Channel [id: 0x24fd21bb, L:/127.0.0.1:59313 - R:localhost/127.0.0.1:64665] for GET '/session/cefd15cce33e49a7ed6023295c391940/window'
13:18:35.398 [AsyncHttpClient-1-3] DEBUG o.a.netty.handler.HttpHandler - 

Request DefaultFullHttpRequest(decodeResult: success, version: HTTP/1.1, content: EmptyByteBufBE)
GET /session/cefd15cce33e49a7ed6023295c391940/window HTTP/1.1
User-Agent: selenium/4.1.1 (java windows)
Cache-Control: no-cache
Content-Type: application/json; charset=utf-8
host: localhost:64665
accept: */*

Response DefaultHttpResponse(decodeResult: success, version: HTTP/1.1)
HTTP/1.1 200 OK
Content-Type: application/json; charset=utf-8
cache-control: no-cache
content-length: 53

13:18:35.398 [AsyncHttpClient-1-3] DEBUG o.a.netty.channel.ChannelManager - Adding key: http://localhost:64665 for channel [id: 0x24fd21bb, L:/127.0.0.1:59313 - R:localhost/127.0.0.1:64665]
13:18:35.401 [Forwarding getWindowHandles on session cefd15cce33e49a7ed6023295c391940 to remote] DEBUG o.a.netty.request.NettyRequestSender - Using pooled Channel '[id: 0x24fd21bb, L:/127.0.0.1:59313 - R:localhost/127.0.0.1:64665]' for 'GET' to 'http://localhost:64665/session/cefd15cce33e49a7ed6023295c391940/window/handles'
13:18:35.401 [Forwarding getWindowHandles on session cefd15cce33e49a7ed6023295c391940 to remote] DEBUG o.a.netty.request.NettyRequestSender - Using open Channel [id: 0x24fd21bb, L:/127.0.0.1:59313 - R:localhost/127.0.0.1:64665] for GET '/session/cefd15cce33e49a7ed6023295c391940/window/handles'
13:18:35.406 [AsyncHttpClient-1-3] DEBUG o.a.netty.handler.HttpHandler - 

Request DefaultFullHttpRequest(decodeResult: success, version: HTTP/1.1, content: EmptyByteBufBE)
GET /session/cefd15cce33e49a7ed6023295c391940/window/handles HTTP/1.1
User-Agent: selenium/4.1.1 (java windows)
Cache-Control: no-cache
Content-Type: application/json; charset=utf-8
host: localhost:64665
accept: */*

Response DefaultHttpResponse(decodeResult: success, version: HTTP/1.1)
HTTP/1.1 200 OK
Content-Type: application/json; charset=utf-8
cache-control: no-cache
content-length: 55

13:18:35.407 [AsyncHttpClient-1-3] DEBUG o.a.netty.channel.ChannelManager - Adding key: http://localhost:64665 for channel [id: 0x24fd21bb, L:/127.0.0.1:59313 - R:localhost/127.0.0.1:64665]
13:18:35.410 [Forwarding switchToWindow on session cefd15cce33e49a7ed6023295c391940 to remote] DEBUG o.a.netty.request.NettyRequestSender - Using pooled Channel '[id: 0x24fd21bb, L:/127.0.0.1:59313 - R:localhost/127.0.0.1:64665]' for 'POST' to 'http://localhost:64665/session/cefd15cce33e49a7ed6023295c391940/window'
13:18:35.411 [Forwarding switchToWindow on session cefd15cce33e49a7ed6023295c391940 to remote] DEBUG o.a.netty.request.NettyRequestSender - Using open Channel [id: 0x24fd21bb, L:/127.0.0.1:59313 - R:localhost/127.0.0.1:64665] for POST '/session/cefd15cce33e49a7ed6023295c391940/window'
13:18:35.425 [AsyncHttpClient-1-3] DEBUG o.a.netty.handler.HttpHandler - 

Request DefaultHttpRequest(decodeResult: success, version: HTTP/1.1)
POST /session/cefd15cce33e49a7ed6023295c391940/window HTTP/1.1
User-Agent: selenium/4.1.1 (java windows)
Content-Length: 59
Content-Type: application/json; charset=utf-8
host: localhost:64665
accept: */*

Response DefaultHttpResponse(decodeResult: success, version: HTTP/1.1)
HTTP/1.1 200 OK
Content-Type: application/json; charset=utf-8
cache-control: no-cache
content-length: 14

13:18:35.426 [AsyncHttpClient-1-3] DEBUG o.a.netty.channel.ChannelManager - Adding key: http://localhost:64665 for channel [id: 0x24fd21bb, L:/127.0.0.1:59313 - R:localhost/127.0.0.1:64665]
13:18:35.428 [Forwarding getCurrentWindowHandle on session cefd15cce33e49a7ed6023295c391940 to remote] DEBUG o.a.netty.request.NettyRequestSender - Using pooled Channel '[id: 0x24fd21bb, L:/127.0.0.1:59313 - R:localhost/127.0.0.1:64665]' for 'GET' to 'http://localhost:64665/session/cefd15cce33e49a7ed6023295c391940/window'
13:18:35.429 [Forwarding getCurrentWindowHandle on session cefd15cce33e49a7ed6023295c391940 to remote] DEBUG o.a.netty.request.NettyRequestSender - Using open Channel [id: 0x24fd21bb, L:/127.0.0.1:59313 - R:localhost/127.0.0.1:64665] for GET '/session/cefd15cce33e49a7ed6023295c391940/window'
13:18:35.434 [AsyncHttpClient-1-3] DEBUG o.a.netty.handler.HttpHandler - 

Request DefaultFullHttpRequest(decodeResult: success, version: HTTP/1.1, content: EmptyByteBufBE)
GET /session/cefd15cce33e49a7ed6023295c391940/window HTTP/1.1
User-Agent: selenium/4.1.1 (java windows)
Cache-Control: no-cache
Content-Type: application/json; charset=utf-8
host: localhost:64665
accept: */*

Response DefaultHttpResponse(decodeResult: success, version: HTTP/1.1)
HTTP/1.1 200 OK
Content-Type: application/json; charset=utf-8
cache-control: no-cache
content-length: 53

13:18:35.434 [AsyncHttpClient-1-3] DEBUG o.a.netty.channel.ChannelManager - Adding key: http://localhost:64665 for channel [id: 0x24fd21bb, L:/127.0.0.1:59313 - R:localhost/127.0.0.1:64665]
13:18:35.447 [Forwarding getCurrentWindowHandle on session cefd15cce33e49a7ed6023295c391940 to remote] DEBUG o.a.netty.request.NettyRequestSender - Using pooled Channel '[id: 0x24fd21bb, L:/127.0.0.1:59313 - R:localhost/127.0.0.1:64665]' for 'GET' to 'http://localhost:64665/session/cefd15cce33e49a7ed6023295c391940/window'
13:18:35.447 [Forwarding getCurrentWindowHandle on session cefd15cce33e49a7ed6023295c391940 to remote] DEBUG o.a.netty.request.NettyRequestSender - Using open Channel [id: 0x24fd21bb, L:/127.0.0.1:59313 - R:localhost/127.0.0.1:64665] for GET '/session/cefd15cce33e49a7ed6023295c391940/window'
13:18:35.449 [AsyncHttpClient-1-3] DEBUG o.a.netty.handler.HttpHandler - 

Request DefaultFullHttpRequest(decodeResult: success, version: HTTP/1.1, content: EmptyByteBufBE)
GET /session/cefd15cce33e49a7ed6023295c391940/window HTTP/1.1
User-Agent: selenium/4.1.1 (java windows)
Cache-Control: no-cache
Content-Type: application/json; charset=utf-8
host: localhost:64665
accept: */*

Response DefaultHttpResponse(decodeResult: success, version: HTTP/1.1)
HTTP/1.1 200 OK
Content-Type: application/json; charset=utf-8
cache-control: no-cache
content-length: 53

13:18:35.449 [AsyncHttpClient-1-3] DEBUG o.a.netty.channel.ChannelManager - Adding key: http://localhost:64665 for channel [id: 0x24fd21bb, L:/127.0.0.1:59313 - R:localhost/127.0.0.1:64665]
13:18:35.453 [Forwarding getWindowHandles on session cefd15cce33e49a7ed6023295c391940 to remote] DEBUG o.a.netty.request.NettyRequestSender - Using pooled Channel '[id: 0x24fd21bb, L:/127.0.0.1:59313 - R:localhost/127.0.0.1:64665]' for 'GET' to 'http://localhost:64665/session/cefd15cce33e49a7ed6023295c391940/window/handles'
13:18:35.453 [Forwarding getWindowHandles on session cefd15cce33e49a7ed6023295c391940 to remote] DEBUG o.a.netty.request.NettyRequestSender - Using open Channel [id: 0x24fd21bb, L:/127.0.0.1:59313 - R:localhost/127.0.0.1:64665] for GET '/session/cefd15cce33e49a7ed6023295c391940/window/handles'
13:18:35.459 [AsyncHttpClient-1-3] DEBUG o.a.netty.handler.HttpHandler - 

Request DefaultFullHttpRequest(decodeResult: success, version: HTTP/1.1, content: EmptyByteBufBE)
GET /session/cefd15cce33e49a7ed6023295c391940/window/handles HTTP/1.1
User-Agent: selenium/4.1.1 (java windows)
Cache-Control: no-cache
Content-Type: application/json; charset=utf-8
host: localhost:64665
accept: */*

Response DefaultHttpResponse(decodeResult: success, version: HTTP/1.1)
HTTP/1.1 200 OK
Content-Type: application/json; charset=utf-8
cache-control: no-cache
content-length: 55

13:18:35.460 [AsyncHttpClient-1-3] DEBUG o.a.netty.channel.ChannelManager - Adding key: http://localhost:64665 for channel [id: 0x24fd21bb, L:/127.0.0.1:59313 - R:localhost/127.0.0.1:64665]
13:18:35.463 [Forwarding switchToWindow on session cefd15cce33e49a7ed6023295c391940 to remote] DEBUG o.a.netty.request.NettyRequestSender - Using pooled Channel '[id: 0x24fd21bb, L:/127.0.0.1:59313 - R:localhost/127.0.0.1:64665]' for 'POST' to 'http://localhost:64665/session/cefd15cce33e49a7ed6023295c391940/window'
13:18:35.463 [Forwarding switchToWindow on session cefd15cce33e49a7ed6023295c391940 to remote] DEBUG o.a.netty.request.NettyRequestSender - Using open Channel [id: 0x24fd21bb, L:/127.0.0.1:59313 - R:localhost/127.0.0.1:64665] for POST '/session/cefd15cce33e49a7ed6023295c391940/window'
13:18:35.472 [AsyncHttpClient-1-3] DEBUG o.a.netty.handler.HttpHandler - 

Request DefaultHttpRequest(decodeResult: success, version: HTTP/1.1)
POST /session/cefd15cce33e49a7ed6023295c391940/window HTTP/1.1
User-Agent: selenium/4.1.1 (java windows)
Content-Length: 59
Content-Type: application/json; charset=utf-8
host: localhost:64665
accept: */*

Response DefaultHttpResponse(decodeResult: success, version: HTTP/1.1)
HTTP/1.1 200 OK
Content-Type: application/json; charset=utf-8
cache-control: no-cache
content-length: 14

13:18:35.472 [AsyncHttpClient-1-3] DEBUG o.a.netty.channel.ChannelManager - Adding key: http://localhost:64665 for channel [id: 0x24fd21bb, L:/127.0.0.1:59313 - R:localhost/127.0.0.1:64665]
13:18:35.474 [Forwarding getCurrentWindowHandle on session cefd15cce33e49a7ed6023295c391940 to remote] DEBUG o.a.netty.request.NettyRequestSender - Using pooled Channel '[id: 0x24fd21bb, L:/127.0.0.1:59313 - R:localhost/127.0.0.1:64665]' for 'GET' to 'http://localhost:64665/session/cefd15cce33e49a7ed6023295c391940/window'
13:18:35.474 [Forwarding getCurrentWindowHandle on session cefd15cce33e49a7ed6023295c391940 to remote] DEBUG o.a.netty.request.NettyRequestSender - Using open Channel [id: 0x24fd21bb, L:/127.0.0.1:59313 - R:localhost/127.0.0.1:64665] for GET '/session/cefd15cce33e49a7ed6023295c391940/window'
13:18:35.476 [AsyncHttpClient-1-3] DEBUG o.a.netty.handler.HttpHandler - 

Request DefaultFullHttpRequest(decodeResult: success, version: HTTP/1.1, content: EmptyByteBufBE)
GET /session/cefd15cce33e49a7ed6023295c391940/window HTTP/1.1
User-Agent: selenium/4.1.1 (java windows)
Cache-Control: no-cache
Content-Type: application/json; charset=utf-8
host: localhost:64665
accept: */*

Response DefaultHttpResponse(decodeResult: success, version: HTTP/1.1)
HTTP/1.1 200 OK
Content-Type: application/json; charset=utf-8
cache-control: no-cache
content-length: 53

13:18:35.477 [AsyncHttpClient-1-3] DEBUG o.a.netty.channel.ChannelManager - Adding key: http://localhost:64665 for channel [id: 0x24fd21bb, L:/127.0.0.1:59313 - R:localhost/127.0.0.1:64665]
13:18:35.508 [Forwarding getCurrentWindowHandle on session cefd15cce33e49a7ed6023295c391940 to remote] DEBUG o.a.netty.request.NettyRequestSender - Using pooled Channel '[id: 0x24fd21bb, L:/127.0.0.1:59313 - R:localhost/127.0.0.1:64665]' for 'GET' to 'http://localhost:64665/session/cefd15cce33e49a7ed6023295c391940/window'
13:18:35.508 [Forwarding getCurrentWindowHandle on session cefd15cce33e49a7ed6023295c391940 to remote] DEBUG o.a.netty.request.NettyRequestSender - Using open Channel [id: 0x24fd21bb, L:/127.0.0.1:59313 - R:localhost/127.0.0.1:64665] for GET '/session/cefd15cce33e49a7ed6023295c391940/window'
13:18:35.511 [AsyncHttpClient-1-3] DEBUG o.a.netty.handler.HttpHandler - 

Request DefaultFullHttpRequest(decodeResult: success, version: HTTP/1.1, content: EmptyByteBufBE)
GET /session/cefd15cce33e49a7ed6023295c391940/window HTTP/1.1
User-Agent: selenium/4.1.1 (java windows)
Cache-Control: no-cache
Content-Type: application/json; charset=utf-8
host: localhost:64665
accept: */*

Response DefaultHttpResponse(decodeResult: success, version: HTTP/1.1)
HTTP/1.1 200 OK
Content-Type: application/json; charset=utf-8
cache-control: no-cache
content-length: 53

13:18:35.511 [AsyncHttpClient-1-3] DEBUG o.a.netty.channel.ChannelManager - Adding key: http://localhost:64665 for channel [id: 0x24fd21bb, L:/127.0.0.1:59313 - R:localhost/127.0.0.1:64665]
13:18:35.514 [Forwarding getWindowHandles on session cefd15cce33e49a7ed6023295c391940 to remote] DEBUG o.a.netty.request.NettyRequestSender - Using pooled Channel '[id: 0x24fd21bb, L:/127.0.0.1:59313 - R:localhost/127.0.0.1:64665]' for 'GET' to 'http://localhost:64665/session/cefd15cce33e49a7ed6023295c391940/window/handles'
13:18:35.514 [Forwarding getWindowHandles on session cefd15cce33e49a7ed6023295c391940 to remote] DEBUG o.a.netty.request.NettyRequestSender - Using open Channel [id: 0x24fd21bb, L:/127.0.0.1:59313 - R:localhost/127.0.0.1:64665] for GET '/session/cefd15cce33e49a7ed6023295c391940/window/handles'
13:18:35.516 [AsyncHttpClient-1-1] DEBUG o.a.netty.channel.DefaultChannelPool - Entry count for : http://localhost:59321 : 1
13:18:35.520 [AsyncHttpClient-1-3] DEBUG o.a.netty.handler.HttpHandler - 

Request DefaultFullHttpRequest(decodeResult: success, version: HTTP/1.1, content: EmptyByteBufBE)
GET /session/cefd15cce33e49a7ed6023295c391940/window/handles HTTP/1.1
User-Agent: selenium/4.1.1 (java windows)
Cache-Control: no-cache
Content-Type: application/json; charset=utf-8
host: localhost:64665
accept: */*

Response DefaultHttpResponse(decodeResult: success, version: HTTP/1.1)
HTTP/1.1 200 OK
Content-Type: application/json; charset=utf-8
cache-control: no-cache
content-length: 55

13:18:35.521 [AsyncHttpClient-1-3] DEBUG o.a.netty.channel.ChannelManager - Adding key: http://localhost:64665 for channel [id: 0x24fd21bb, L:/127.0.0.1:59313 - R:localhost/127.0.0.1:64665]
13:18:35.524 [Forwarding switchToWindow on session cefd15cce33e49a7ed6023295c391940 to remote] DEBUG o.a.netty.request.NettyRequestSender - Using pooled Channel '[id: 0x24fd21bb, L:/127.0.0.1:59313 - R:localhost/127.0.0.1:64665]' for 'POST' to 'http://localhost:64665/session/cefd15cce33e49a7ed6023295c391940/window'
13:18:35.524 [Forwarding switchToWindow on session cefd15cce33e49a7ed6023295c391940 to remote] DEBUG o.a.netty.request.NettyRequestSender - Using open Channel [id: 0x24fd21bb, L:/127.0.0.1:59313 - R:localhost/127.0.0.1:64665] for POST '/session/cefd15cce33e49a7ed6023295c391940/window'
13:18:35.533 [AsyncHttpClient-1-3] DEBUG o.a.netty.handler.HttpHandler - 

Request DefaultHttpRequest(decodeResult: success, version: HTTP/1.1)
POST /session/cefd15cce33e49a7ed6023295c391940/window HTTP/1.1
User-Agent: selenium/4.1.1 (java windows)
Content-Length: 59
Content-Type: application/json; charset=utf-8
host: localhost:64665
accept: */*

Response DefaultHttpResponse(decodeResult: success, version: HTTP/1.1)
HTTP/1.1 200 OK
Content-Type: application/json; charset=utf-8
cache-control: no-cache
content-length: 14

13:18:35.534 [AsyncHttpClient-1-3] DEBUG o.a.netty.channel.ChannelManager - Adding key: http://localhost:64665 for channel [id: 0x24fd21bb, L:/127.0.0.1:59313 - R:localhost/127.0.0.1:64665]
13:18:35.536 [Forwarding getCurrentWindowHandle on session cefd15cce33e49a7ed6023295c391940 to remote] DEBUG o.a.netty.request.NettyRequestSender - Using pooled Channel '[id: 0x24fd21bb, L:/127.0.0.1:59313 - R:localhost/127.0.0.1:64665]' for 'GET' to 'http://localhost:64665/session/cefd15cce33e49a7ed6023295c391940/window'
13:18:35.537 [Forwarding getCurrentWindowHandle on session cefd15cce33e49a7ed6023295c391940 to remote] DEBUG o.a.netty.request.NettyRequestSender - Using open Channel [id: 0x24fd21bb, L:/127.0.0.1:59313 - R:localhost/127.0.0.1:64665] for GET '/session/cefd15cce33e49a7ed6023295c391940/window'
13:18:35.539 [AsyncHttpClient-1-3] DEBUG o.a.netty.handler.HttpHandler - 

Request DefaultFullHttpRequest(decodeResult: success, version: HTTP/1.1, content: EmptyByteBufBE)
GET /session/cefd15cce33e49a7ed6023295c391940/window HTTP/1.1
User-Agent: selenium/4.1.1 (java windows)
Cache-Control: no-cache
Content-Type: application/json; charset=utf-8
host: localhost:64665
accept: */*

Response DefaultHttpResponse(decodeResult: success, version: HTTP/1.1)
HTTP/1.1 200 OK
Content-Type: application/json; charset=utf-8
cache-control: no-cache
content-length: 53

13:18:35.540 [AsyncHttpClient-1-3] DEBUG o.a.netty.channel.ChannelManager - Adding key: http://localhost:64665 for channel [id: 0x24fd21bb, L:/127.0.0.1:59313 - R:localhost/127.0.0.1:64665]
13:18:35.625 [Forwarding setTimeout on session cefd15cce33e49a7ed6023295c391940 to remote] DEBUG o.a.netty.request.NettyRequestSender - Using pooled Channel '[id: 0x24fd21bb, L:/127.0.0.1:59313 - R:localhost/127.0.0.1:64665]' for 'POST' to 'http://localhost:64665/session/cefd15cce33e49a7ed6023295c391940/timeouts'
13:18:35.626 [Forwarding setTimeout on session cefd15cce33e49a7ed6023295c391940 to remote] DEBUG o.a.netty.request.NettyRequestSender - Using open Channel [id: 0x24fd21bb, L:/127.0.0.1:59313 - R:localhost/127.0.0.1:64665] for POST '/session/cefd15cce33e49a7ed6023295c391940/timeouts'
13:18:35.628 [AsyncHttpClient-1-3] DEBUG o.a.netty.handler.HttpHandler - 

Request DefaultHttpRequest(decodeResult: success, version: HTTP/1.1)
POST /session/cefd15cce33e49a7ed6023295c391940/timeouts HTTP/1.1
User-Agent: selenium/4.1.1 (java windows)
Content-Length: 26
Content-Type: application/json; charset=utf-8
host: localhost:64665
accept: */*

Response DefaultHttpResponse(decodeResult: success, version: HTTP/1.1)
HTTP/1.1 200 OK
Content-Type: application/json; charset=utf-8
cache-control: no-cache
content-length: 14

13:18:35.628 [AsyncHttpClient-1-3] DEBUG o.a.netty.channel.ChannelManager - Adding key: http://localhost:64665 for channel [id: 0x24fd21bb, L:/127.0.0.1:59313 - R:localhost/127.0.0.1:64665]
13:18:35.634 [Forwarding findElement on session cefd15cce33e49a7ed6023295c391940 to remote] DEBUG o.a.netty.request.NettyRequestSender - Using pooled Channel '[id: 0x24fd21bb, L:/127.0.0.1:59313 - R:localhost/127.0.0.1:64665]' for 'POST' to 'http://localhost:64665/session/cefd15cce33e49a7ed6023295c391940/element'
13:18:35.635 [Forwarding findElement on session cefd15cce33e49a7ed6023295c391940 to remote] DEBUG o.a.netty.request.NettyRequestSender - Using open Channel [id: 0x24fd21bb, L:/127.0.0.1:59313 - R:localhost/127.0.0.1:64665] for POST '/session/cefd15cce33e49a7ed6023295c391940/element'
13:18:36.616 [AsyncHttpClient-1-1] DEBUG o.a.netty.channel.DefaultChannelPool - Entry count for : http://localhost:59321 : 1
13:18:37.715 [AsyncHttpClient-1-1] DEBUG o.a.netty.channel.DefaultChannelPool - Entry count for : http://localhost:59321 : 1
13:18:37.945 [AsyncHttpClient-1-3] DEBUG o.a.netty.handler.HttpHandler - 

Request DefaultHttpRequest(decodeResult: success, version: HTTP/1.1)
POST /session/cefd15cce33e49a7ed6023295c391940/element HTTP/1.1
User-Agent: selenium/4.1.1 (java windows)
Content-Length: 71
Content-Type: application/json; charset=utf-8
host: localhost:64665
accept: */*

Response DefaultHttpResponse(decodeResult: success, version: HTTP/1.1)
HTTP/1.1 200 OK
Content-Type: application/json; charset=utf-8
cache-control: no-cache
content-length: 88

13:18:37.945 [AsyncHttpClient-1-3] DEBUG o.a.netty.channel.ChannelManager - Adding key: http://localhost:64665 for channel [id: 0x24fd21bb, L:/127.0.0.1:59313 - R:localhost/127.0.0.1:64665]
13:18:38.023 [Forwarding findChildElement on session cefd15cce33e49a7ed6023295c391940 to remote] DEBUG o.a.netty.request.NettyRequestSender - Using pooled Channel '[id: 0x24fd21bb, L:/127.0.0.1:59313 - R:localhost/127.0.0.1:64665]' for 'POST' to 'http://localhost:64665/session/cefd15cce33e49a7ed6023295c391940/element/117142c3-004e-46cb-8b12-f4d68c6dd303/element'
13:18:38.023 [Forwarding findChildElement on session cefd15cce33e49a7ed6023295c391940 to remote] DEBUG o.a.netty.request.NettyRequestSender - Using open Channel [id: 0x24fd21bb, L:/127.0.0.1:59313 - R:localhost/127.0.0.1:64665] for POST '/session/cefd15cce33e49a7ed6023295c391940/element/117142c3-004e-46cb-8b12-f4d68c6dd303/element'
13:18:38.051 [AsyncHttpClient-1-3] DEBUG o.a.netty.handler.HttpHandler - 

Request DefaultHttpRequest(decodeResult: success, version: HTTP/1.1)
POST /session/cefd15cce33e49a7ed6023295c391940/element/117142c3-004e-46cb-8b12-f4d68c6dd303/element HTTP/1.1
User-Agent: selenium/4.1.1 (java windows)
Content-Length: 140
Content-Type: application/json; charset=utf-8
host: localhost:64665
accept: */*

Response DefaultHttpResponse(decodeResult: success, version: HTTP/1.1)
HTTP/1.1 200 OK
Content-Type: application/json; charset=utf-8
cache-control: no-cache
content-length: 88

13:18:38.051 [AsyncHttpClient-1-3] DEBUG o.a.netty.channel.ChannelManager - Adding key: http://localhost:64665 for channel [id: 0x24fd21bb, L:/127.0.0.1:59313 - R:localhost/127.0.0.1:64665]
13:18:38.057 [Forwarding sendKeysToElement on session cefd15cce33e49a7ed6023295c391940 to remote] DEBUG o.a.netty.request.NettyRequestSender - Using pooled Channel '[id: 0x24fd21bb, L:/127.0.0.1:59313 - R:localhost/127.0.0.1:64665]' for 'POST' to 'http://localhost:64665/session/cefd15cce33e49a7ed6023295c391940/element/00a19100-062b-42f2-9ffe-583f787eee25/value'
13:18:38.057 [Forwarding sendKeysToElement on session cefd15cce33e49a7ed6023295c391940 to remote] DEBUG o.a.netty.request.NettyRequestSender - Using open Channel [id: 0x24fd21bb, L:/127.0.0.1:59313 - R:localhost/127.0.0.1:64665] for POST '/session/cefd15cce33e49a7ed6023295c391940/element/00a19100-062b-42f2-9ffe-583f787eee25/value'
13:18:38.815 [AsyncHttpClient-1-1] DEBUG o.a.netty.channel.DefaultChannelPool - Entry count for : http://localhost:59321 : 1
13:18:39.915 [AsyncHttpClient-1-1] DEBUG o.a.netty.channel.DefaultChannelPool - Entry count for : http://localhost:59321 : 1
13:18:40.387 [AsyncHttpClient-1-3] DEBUG o.a.netty.handler.HttpHandler - 

Request DefaultHttpRequest(decodeResult: success, version: HTTP/1.1)
POST /session/cefd15cce33e49a7ed6023295c391940/element/00a19100-062b-42f2-9ffe-583f787eee25/value HTTP/1.1
User-Agent: selenium/4.1.1 (java windows)
Content-Length: 171
Content-Type: application/json; charset=utf-8
host: localhost:64665
accept: */*

Response DefaultHttpResponse(decodeResult: success, version: HTTP/1.1)
HTTP/1.1 200 OK
Content-Type: application/json; charset=utf-8
cache-control: no-cache
content-length: 14

13:18:40.387 [AsyncHttpClient-1-3] DEBUG o.a.netty.channel.ChannelManager - Adding key: http://localhost:64665 for channel [id: 0x24fd21bb, L:/127.0.0.1:59313 - R:localhost/127.0.0.1:64665]
13:18:40.390 [Forwarding setTimeout on session cefd15cce33e49a7ed6023295c391940 to remote] DEBUG o.a.netty.request.NettyRequestSender - Using pooled Channel '[id: 0x24fd21bb, L:/127.0.0.1:59313 - R:localhost/127.0.0.1:64665]' for 'POST' to 'http://localhost:64665/session/cefd15cce33e49a7ed6023295c391940/timeouts'
13:18:40.391 [Forwarding setTimeout on session cefd15cce33e49a7ed6023295c391940 to remote] DEBUG o.a.netty.request.NettyRequestSender - Using open Channel [id: 0x24fd21bb, L:/127.0.0.1:59313 - R:localhost/127.0.0.1:64665] for POST '/session/cefd15cce33e49a7ed6023295c391940/timeouts'
13:18:40.393 [AsyncHttpClient-1-3] DEBUG o.a.netty.handler.HttpHandler - 

Request DefaultHttpRequest(decodeResult: success, version: HTTP/1.1)
POST /session/cefd15cce33e49a7ed6023295c391940/timeouts HTTP/1.1
User-Agent: selenium/4.1.1 (java windows)
Content-Length: 26
Content-Type: application/json; charset=utf-8
host: localhost:64665
accept: */*

Response DefaultHttpResponse(decodeResult: success, version: HTTP/1.1)
HTTP/1.1 200 OK
Content-Type: application/json; charset=utf-8
cache-control: no-cache
content-length: 14

13:18:40.393 [AsyncHttpClient-1-3] DEBUG o.a.netty.channel.ChannelManager - Adding key: http://localhost:64665 for channel [id: 0x24fd21bb, L:/127.0.0.1:59313 - R:localhost/127.0.0.1:64665]
13:18:40.395 [Forwarding findElement on session cefd15cce33e49a7ed6023295c391940 to remote] DEBUG o.a.netty.request.NettyRequestSender - Using pooled Channel '[id: 0x24fd21bb, L:/127.0.0.1:59313 - R:localhost/127.0.0.1:64665]' for 'POST' to 'http://localhost:64665/session/cefd15cce33e49a7ed6023295c391940/element'
13:18:40.395 [Forwarding findElement on session cefd15cce33e49a7ed6023295c391940 to remote] DEBUG o.a.netty.request.NettyRequestSender - Using open Channel [id: 0x24fd21bb, L:/127.0.0.1:59313 - R:localhost/127.0.0.1:64665] for POST '/session/cefd15cce33e49a7ed6023295c391940/element'
13:18:40.404 [AsyncHttpClient-1-3] DEBUG o.a.netty.handler.HttpHandler - 

Request DefaultHttpRequest(decodeResult: success, version: HTTP/1.1)
POST /session/cefd15cce33e49a7ed6023295c391940/element HTTP/1.1
User-Agent: selenium/4.1.1 (java windows)
Content-Length: 71
Content-Type: application/json; charset=utf-8
host: localhost:64665
accept: */*

Response DefaultHttpResponse(decodeResult: success, version: HTTP/1.1)
HTTP/1.1 200 OK
Content-Type: application/json; charset=utf-8
cache-control: no-cache
content-length: 88

13:18:40.404 [AsyncHttpClient-1-3] DEBUG o.a.netty.channel.ChannelManager - Adding key: http://localhost:64665 for channel [id: 0x24fd21bb, L:/127.0.0.1:59313 - R:localhost/127.0.0.1:64665]
13:18:40.409 [Forwarding findChildElement on session cefd15cce33e49a7ed6023295c391940 to remote] DEBUG o.a.netty.request.NettyRequestSender - Using pooled Channel '[id: 0x24fd21bb, L:/127.0.0.1:59313 - R:localhost/127.0.0.1:64665]' for 'POST' to 'http://localhost:64665/session/cefd15cce33e49a7ed6023295c391940/element/117142c3-004e-46cb-8b12-f4d68c6dd303/element'
13:18:40.410 [Forwarding findChildElement on session cefd15cce33e49a7ed6023295c391940 to remote] DEBUG o.a.netty.request.NettyRequestSender - Using open Channel [id: 0x24fd21bb, L:/127.0.0.1:59313 - R:localhost/127.0.0.1:64665] for POST '/session/cefd15cce33e49a7ed6023295c391940/element/117142c3-004e-46cb-8b12-f4d68c6dd303/element'
13:18:40.419 [AsyncHttpClient-1-3] DEBUG o.a.netty.handler.HttpHandler - 

Request DefaultHttpRequest(decodeResult: success, version: HTTP/1.1)
POST /session/cefd15cce33e49a7ed6023295c391940/element/117142c3-004e-46cb-8b12-f4d68c6dd303/element HTTP/1.1
User-Agent: selenium/4.1.1 (java windows)
Content-Length: 140
Content-Type: application/json; charset=utf-8
host: localhost:64665
accept: */*

Response DefaultHttpResponse(decodeResult: success, version: HTTP/1.1)
HTTP/1.1 200 OK
Content-Type: application/json; charset=utf-8
cache-control: no-cache
content-length: 88

13:18:40.419 [AsyncHttpClient-1-3] DEBUG o.a.netty.channel.ChannelManager - Adding key: http://localhost:64665 for channel [id: 0x24fd21bb, L:/127.0.0.1:59313 - R:localhost/127.0.0.1:64665]
13:18:40.536 [Forwarding sendKeysToElement on session cefd15cce33e49a7ed6023295c391940 to remote] DEBUG o.a.netty.request.NettyRequestSender - Using pooled Channel '[id: 0x24fd21bb, L:/127.0.0.1:59313 - R:localhost/127.0.0.1:64665]' for 'POST' to 'http://localhost:64665/session/cefd15cce33e49a7ed6023295c391940/element/00a19100-062b-42f2-9ffe-583f787eee25/value'
13:18:40.536 [Forwarding sendKeysToElement on session cefd15cce33e49a7ed6023295c391940 to remote] DEBUG o.a.netty.request.NettyRequestSender - Using open Channel [id: 0x24fd21bb, L:/127.0.0.1:59313 - R:localhost/127.0.0.1:64665] for POST '/session/cefd15cce33e49a7ed6023295c391940/element/00a19100-062b-42f2-9ffe-583f787eee25/value'
13:18:41.016 [AsyncHttpClient-1-1] DEBUG o.a.netty.channel.DefaultChannelPool - Entry count for : http://localhost:59321 : 1
13:18:42.116 [AsyncHttpClient-1-1] DEBUG o.a.netty.channel.DefaultChannelPool - Entry count for : http://localhost:59321 : 1
13:18:43.215 [AsyncHttpClient-1-1] DEBUG o.a.netty.channel.DefaultChannelPool - Entry count for : http://localhost:59321 : 1
13:18:44.326 [AsyncHttpClient-1-1] DEBUG o.a.netty.channel.DefaultChannelPool - Entry count for : http://localhost:59321 : 1
13:18:45.416 [AsyncHttpClient-1-1] DEBUG o.a.netty.channel.DefaultChannelPool - Entry count for : http://localhost:59321 : 1
13:18:46.516 [AsyncHttpClient-1-1] DEBUG o.a.netty.channel.DefaultChannelPool - Entry count for : http://localhost:59321 : 1
13:18:47.576 [AsyncHttpClient-1-2] DEBUG o.a.netty.handler.HttpHandler - 

Request DefaultHttpRequest(decodeResult: success, version: HTTP/1.1)
POST /session HTTP/1.1
User-Agent: selenium/4.1.1 (java windows)
Content-Length: 381
Content-Type: application/json; charset=utf-8
host: localhost:57352
accept: */*

Response DefaultHttpResponse(decodeResult: success, version: HTTP/1.1)
HTTP/1.1 200 OK
content-type: application/json; charset=utf-8
cache-control: no-cache
date: Sat, 12 Mar 2022 06:18:04 GMT
content-length: 761

13:18:47.576 [AsyncHttpClient-1-2] DEBUG o.a.netty.channel.ChannelManager - Adding key: http://localhost:57352 for channel [id: 0x0c524cbf, L:/127.0.0.1:59314 - R:localhost/127.0.0.1:57352]
13:18:47.604 [AsyncHttpClient-1-6] DEBUG o.a.n.channel.NettyConnectListener - Using new Channel '[id: 0x288402e5, L:/127.0.0.1:59453 - R:localhost/127.0.0.1:58852]' for 'GET' to '/json/version'
13:18:47.616 [AsyncHttpClient-1-1] DEBUG o.a.netty.channel.DefaultChannelPool - Entry count for : http://localhost:59321 : 1
13:18:47.616 [AsyncHttpClient-1-1] DEBUG o.a.netty.channel.DefaultChannelPool - Entry count for : http://localhost:57352 : 1
13:18:47.653 [AsyncHttpClient-1-6] DEBUG o.a.netty.handler.HttpHandler - 

Request DefaultFullHttpRequest(decodeResult: success, version: HTTP/1.1, content: EmptyByteBufBE)
GET /json/version HTTP/1.1
User-Agent: selenium/4.1.1 (java windows)
host: localhost:58852
accept: */*

Response DefaultHttpResponse(decodeResult: success, version: HTTP/1.1)
HTTP/1.1 200 OK
content-type: application/json
connection: close
server: httpd.js
date: Sat, 12 Mar 2022 06:18:47 GMT
content-length: 306

13:18:47.653 [AsyncHttpClient-1-6] DEBUG o.a.netty.channel.ChannelManager - Closing Channel [id: 0x288402e5, L:/127.0.0.1:59453 - R:localhost/127.0.0.1:58852] 
13:18:47.655 [AsyncHttpClient-1-6] DEBUG o.a.netty.handler.HttpHandler - Channel Closed: [id: 0x288402e5, L:/127.0.0.1:59453 ! R:localhost/127.0.0.1:58852] with attribute DISCARD
13:18:47.659 [Forwarding get on session 146fcf84-1e7c-4759-877a-8c45f91d8d46 to remote] DEBUG o.a.netty.request.NettyRequestSender - Using pooled Channel '[id: 0x0c524cbf, L:/127.0.0.1:59314 - R:localhost/127.0.0.1:57352]' for 'POST' to 'http://localhost:57352/session/146fcf84-1e7c-4759-877a-8c45f91d8d46/url'
13:18:47.659 [Forwarding get on session 146fcf84-1e7c-4759-877a-8c45f91d8d46 to remote] DEBUG o.a.netty.request.NettyRequestSender - Using open Channel [id: 0x0c524cbf, L:/127.0.0.1:59314 - R:localhost/127.0.0.1:57352] for POST '/session/146fcf84-1e7c-4759-877a-8c45f91d8d46/url'
13:18:48.715 [AsyncHttpClient-1-1] DEBUG o.a.netty.channel.DefaultChannelPool - Entry count for : http://localhost:59321 : 1
13:18:49.816 [AsyncHttpClient-1-1] DEBUG o.a.netty.channel.DefaultChannelPool - Entry count for : http://localhost:59321 : 1
13:18:50.915 [AsyncHttpClient-1-1] DEBUG o.a.netty.channel.DefaultChannelPool - Entry count for : http://localhost:59321 : 1
13:18:52.016 [AsyncHttpClient-1-1] DEBUG o.a.netty.channel.DefaultChannelPool - Entry count for : http://localhost:59321 : 1
13:18:53.123 [AsyncHttpClient-1-1] DEBUG o.a.netty.channel.DefaultChannelPool - Entry count for : http://localhost:59321 : 1
13:18:54.215 [AsyncHttpClient-1-1] DEBUG o.a.netty.channel.DefaultChannelPool - Entry count for : http://localhost:59321 : 1
13:18:55.315 [AsyncHttpClient-1-1] DEBUG o.a.netty.channel.DefaultChannelPool - Entry count for : http://localhost:59321 : 1
13:18:56.416 [AsyncHttpClient-1-1] DEBUG o.a.netty.channel.DefaultChannelPool - Entry count for : http://localhost:59321 : 1
13:18:57.516 [AsyncHttpClient-1-1] DEBUG o.a.netty.channel.DefaultChannelPool - Entry count for : http://localhost:59321 : 1
13:18:58.616 [AsyncHttpClient-1-1] DEBUG o.a.netty.channel.DefaultChannelPool - Entry count for : http://localhost:59321 : 1
13:18:59.716 [AsyncHttpClient-1-1] DEBUG o.a.netty.channel.DefaultChannelPool - Entry count for : http://localhost:59321 : 1
13:19:00.816 [AsyncHttpClient-1-1] DEBUG o.a.netty.channel.DefaultChannelPool - Entry count for : http://localhost:59321 : 1
13:19:01.916 [AsyncHttpClient-1-1] DEBUG o.a.netty.channel.DefaultChannelPool - Entry count for : http://localhost:59321 : 1
13:19:03.015 [AsyncHttpClient-1-1] DEBUG o.a.netty.channel.DefaultChannelPool - Entry count for : http://localhost:59321 : 1
13:19:04.116 [AsyncHttpClient-1-1] DEBUG o.a.netty.channel.DefaultChannelPool - Entry count for : http://localhost:59321 : 1
13:19:05.216 [AsyncHttpClient-1-1] DEBUG o.a.netty.channel.DefaultChannelPool - Entry count for : http://localhost:59321 : 1
13:19:06.316 [AsyncHttpClient-1-1] DEBUG o.a.netty.channel.DefaultChannelPool - Entry count for : http://localhost:59321 : 1
13:19:07.415 [AsyncHttpClient-1-1] DEBUG o.a.netty.channel.DefaultChannelPool - Entry count for : http://localhost:59321 : 1
13:19:08.515 [AsyncHttpClient-1-1] DEBUG o.a.netty.channel.DefaultChannelPool - Entry count for : http://localhost:59321 : 1
13:19:09.615 [AsyncHttpClient-1-1] DEBUG o.a.netty.channel.DefaultChannelPool - Entry count for : http://localhost:59321 : 1
13:19:10.330 [AsyncHttpClient-1-2] DEBUG o.a.netty.handler.HttpHandler - 

Request DefaultHttpRequest(decodeResult: success, version: HTTP/1.1)
POST /session/146fcf84-1e7c-4759-877a-8c45f91d8d46/url HTTP/1.1
User-Agent: selenium/4.1.1 (java windows)
Content-Length: 51
Content-Type: application/json; charset=utf-8
host: localhost:57352
accept: */*

Response DefaultHttpResponse(decodeResult: success, version: HTTP/1.1)
HTTP/1.1 200 OK
content-type: application/json; charset=utf-8
cache-control: no-cache
date: Sat, 12 Mar 2022 06:18:47 GMT
content-length: 14

13:19:10.331 [AsyncHttpClient-1-2] DEBUG o.a.netty.channel.ChannelManager - Adding key: http://localhost:57352 for channel [id: 0x0c524cbf, L:/127.0.0.1:59314 - R:localhost/127.0.0.1:57352]
13:19:10.335 [Forwarding maximizeCurrentWindow on session 146fcf84-1e7c-4759-877a-8c45f91d8d46 to remote] DEBUG o.a.netty.request.NettyRequestSender - Using pooled Channel '[id: 0x0c524cbf, L:/127.0.0.1:59314 - R:localhost/127.0.0.1:57352]' for 'POST' to 'http://localhost:57352/session/146fcf84-1e7c-4759-877a-8c45f91d8d46/window/maximize'
13:19:10.335 [Forwarding maximizeCurrentWindow on session 146fcf84-1e7c-4759-877a-8c45f91d8d46 to remote] DEBUG o.a.netty.request.NettyRequestSender - Using open Channel [id: 0x0c524cbf, L:/127.0.0.1:59314 - R:localhost/127.0.0.1:57352] for POST '/session/146fcf84-1e7c-4759-877a-8c45f91d8d46/window/maximize'
13:19:10.399 [AsyncHttpClient-1-2] DEBUG o.a.netty.handler.HttpHandler - 

Request DefaultHttpRequest(decodeResult: success, version: HTTP/1.1)
POST /session/146fcf84-1e7c-4759-877a-8c45f91d8d46/window/maximize HTTP/1.1
User-Agent: selenium/4.1.1 (java windows)
Content-Length: 3
Content-Type: application/json; charset=utf-8
host: localhost:57352
accept: */*

Response DefaultHttpResponse(decodeResult: success, version: HTTP/1.1)
HTTP/1.1 200 OK
content-type: application/json; charset=utf-8
cache-control: no-cache
date: Sat, 12 Mar 2022 06:19:10 GMT
content-length: 51

13:19:10.400 [AsyncHttpClient-1-2] DEBUG o.a.netty.channel.ChannelManager - Adding key: http://localhost:57352 for channel [id: 0x0c524cbf, L:/127.0.0.1:59314 - R:localhost/127.0.0.1:57352]
13:19:10.402 [Forwarding getCurrentWindowHandle on session 146fcf84-1e7c-4759-877a-8c45f91d8d46 to remote] DEBUG o.a.netty.request.NettyRequestSender - Using pooled Channel '[id: 0x0c524cbf, L:/127.0.0.1:59314 - R:localhost/127.0.0.1:57352]' for 'GET' to 'http://localhost:57352/session/146fcf84-1e7c-4759-877a-8c45f91d8d46/window'
13:19:10.402 [Forwarding getCurrentWindowHandle on session 146fcf84-1e7c-4759-877a-8c45f91d8d46 to remote] DEBUG o.a.netty.request.NettyRequestSender - Using open Channel [id: 0x0c524cbf, L:/127.0.0.1:59314 - R:localhost/127.0.0.1:57352] for GET '/session/146fcf84-1e7c-4759-877a-8c45f91d8d46/window'
13:19:10.412 [AsyncHttpClient-1-2] DEBUG o.a.netty.handler.HttpHandler - 

Request DefaultFullHttpRequest(decodeResult: success, version: HTTP/1.1, content: EmptyByteBufBE)
GET /session/146fcf84-1e7c-4759-877a-8c45f91d8d46/window HTTP/1.1
User-Agent: selenium/4.1.1 (java windows)
Cache-Control: no-cache
Content-Type: application/json; charset=utf-8
host: localhost:57352
accept: */*

Response DefaultHttpResponse(decodeResult: success, version: HTTP/1.1)
HTTP/1.1 200 OK
content-type: application/json; charset=utf-8
cache-control: no-cache
date: Sat, 12 Mar 2022 06:19:10 GMT
content-length: 48

13:19:10.413 [AsyncHttpClient-1-2] DEBUG o.a.netty.channel.ChannelManager - Adding key: http://localhost:57352 for channel [id: 0x0c524cbf, L:/127.0.0.1:59314 - R:localhost/127.0.0.1:57352]
13:19:10.416 [Forwarding getWindowHandles on session 146fcf84-1e7c-4759-877a-8c45f91d8d46 to remote] DEBUG o.a.netty.request.NettyRequestSender - Using pooled Channel '[id: 0x0c524cbf, L:/127.0.0.1:59314 - R:localhost/127.0.0.1:57352]' for 'GET' to 'http://localhost:57352/session/146fcf84-1e7c-4759-877a-8c45f91d8d46/window/handles'
13:19:10.416 [Forwarding getWindowHandles on session 146fcf84-1e7c-4759-877a-8c45f91d8d46 to remote] DEBUG o.a.netty.request.NettyRequestSender - Using open Channel [id: 0x0c524cbf, L:/127.0.0.1:59314 - R:localhost/127.0.0.1:57352] for GET '/session/146fcf84-1e7c-4759-877a-8c45f91d8d46/window/handles'
13:19:10.421 [AsyncHttpClient-1-2] DEBUG o.a.netty.handler.HttpHandler - 

Request DefaultFullHttpRequest(decodeResult: success, version: HTTP/1.1, content: EmptyByteBufBE)
GET /session/146fcf84-1e7c-4759-877a-8c45f91d8d46/window/handles HTTP/1.1
User-Agent: selenium/4.1.1 (java windows)
Cache-Control: no-cache
Content-Type: application/json; charset=utf-8
host: localhost:57352
accept: */*

Response DefaultHttpResponse(decodeResult: success, version: HTTP/1.1)
HTTP/1.1 200 OK
content-type: application/json; charset=utf-8
cache-control: no-cache
date: Sat, 12 Mar 2022 06:19:10 GMT
content-length: 50

13:19:10.421 [AsyncHttpClient-1-2] DEBUG o.a.netty.channel.ChannelManager - Adding key: http://localhost:57352 for channel [id: 0x0c524cbf, L:/127.0.0.1:59314 - R:localhost/127.0.0.1:57352]
13:19:10.424 [Forwarding switchToWindow on session 146fcf84-1e7c-4759-877a-8c45f91d8d46 to remote] DEBUG o.a.netty.request.NettyRequestSender - Using pooled Channel '[id: 0x0c524cbf, L:/127.0.0.1:59314 - R:localhost/127.0.0.1:57352]' for 'POST' to 'http://localhost:57352/session/146fcf84-1e7c-4759-877a-8c45f91d8d46/window'
13:19:10.424 [Forwarding switchToWindow on session 146fcf84-1e7c-4759-877a-8c45f91d8d46 to remote] DEBUG o.a.netty.request.NettyRequestSender - Using open Channel [id: 0x0c524cbf, L:/127.0.0.1:59314 - R:localhost/127.0.0.1:57352] for POST '/session/146fcf84-1e7c-4759-877a-8c45f91d8d46/window'
13:19:10.569 [AsyncHttpClient-1-2] DEBUG o.a.netty.handler.HttpHandler - 

Request DefaultHttpRequest(decodeResult: success, version: HTTP/1.1)
POST /session/146fcf84-1e7c-4759-877a-8c45f91d8d46/window HTTP/1.1
User-Agent: selenium/4.1.1 (java windows)
Content-Length: 54
Content-Type: application/json; charset=utf-8
host: localhost:57352
accept: */*

Response DefaultHttpResponse(decodeResult: success, version: HTTP/1.1)
HTTP/1.1 200 OK
content-type: application/json; charset=utf-8
cache-control: no-cache
date: Sat, 12 Mar 2022 06:19:10 GMT
content-length: 14

13:19:10.569 [AsyncHttpClient-1-2] DEBUG o.a.netty.channel.ChannelManager - Adding key: http://localhost:57352 for channel [id: 0x0c524cbf, L:/127.0.0.1:59314 - R:localhost/127.0.0.1:57352]
13:19:10.572 [Forwarding getCurrentWindowHandle on session 146fcf84-1e7c-4759-877a-8c45f91d8d46 to remote] DEBUG o.a.netty.request.NettyRequestSender - Using pooled Channel '[id: 0x0c524cbf, L:/127.0.0.1:59314 - R:localhost/127.0.0.1:57352]' for 'GET' to 'http://localhost:57352/session/146fcf84-1e7c-4759-877a-8c45f91d8d46/window'
13:19:10.572 [Forwarding getCurrentWindowHandle on session 146fcf84-1e7c-4759-877a-8c45f91d8d46 to remote] DEBUG o.a.netty.request.NettyRequestSender - Using open Channel [id: 0x0c524cbf, L:/127.0.0.1:59314 - R:localhost/127.0.0.1:57352] for GET '/session/146fcf84-1e7c-4759-877a-8c45f91d8d46/window'
13:19:10.587 [AsyncHttpClient-1-2] DEBUG o.a.netty.handler.HttpHandler - 

Request DefaultFullHttpRequest(decodeResult: success, version: HTTP/1.1, content: EmptyByteBufBE)
GET /session/146fcf84-1e7c-4759-877a-8c45f91d8d46/window HTTP/1.1
User-Agent: selenium/4.1.1 (java windows)
Cache-Control: no-cache
Content-Type: application/json; charset=utf-8
host: localhost:57352
accept: */*

Response DefaultHttpResponse(decodeResult: success, version: HTTP/1.1)
HTTP/1.1 200 OK
content-type: application/json; charset=utf-8
cache-control: no-cache
date: Sat, 12 Mar 2022 06:19:10 GMT
content-length: 48

13:19:10.588 [AsyncHttpClient-1-2] DEBUG o.a.netty.channel.ChannelManager - Adding key: http://localhost:57352 for channel [id: 0x0c524cbf, L:/127.0.0.1:59314 - R:localhost/127.0.0.1:57352]
13:19:10.589 [Forwarding getCurrentWindowHandle on session 146fcf84-1e7c-4759-877a-8c45f91d8d46 to remote] DEBUG o.a.netty.request.NettyRequestSender - Using pooled Channel '[id: 0x0c524cbf, L:/127.0.0.1:59314 - R:localhost/127.0.0.1:57352]' for 'GET' to 'http://localhost:57352/session/146fcf84-1e7c-4759-877a-8c45f91d8d46/window'
13:19:10.589 [Forwarding getCurrentWindowHandle on session 146fcf84-1e7c-4759-877a-8c45f91d8d46 to remote] DEBUG o.a.netty.request.NettyRequestSender - Using open Channel [id: 0x0c524cbf, L:/127.0.0.1:59314 - R:localhost/127.0.0.1:57352] for GET '/session/146fcf84-1e7c-4759-877a-8c45f91d8d46/window'
13:19:10.605 [AsyncHttpClient-1-2] DEBUG o.a.netty.handler.HttpHandler - 

Request DefaultFullHttpRequest(decodeResult: success, version: HTTP/1.1, content: EmptyByteBufBE)
GET /session/146fcf84-1e7c-4759-877a-8c45f91d8d46/window HTTP/1.1
User-Agent: selenium/4.1.1 (java windows)
Cache-Control: no-cache
Content-Type: application/json; charset=utf-8
host: localhost:57352
accept: */*

Response DefaultHttpResponse(decodeResult: success, version: HTTP/1.1)
HTTP/1.1 200 OK
content-type: application/json; charset=utf-8
cache-control: no-cache
date: Sat, 12 Mar 2022 06:19:10 GMT
content-length: 48

13:19:10.606 [AsyncHttpClient-1-2] DEBUG o.a.netty.channel.ChannelManager - Adding key: http://localhost:57352 for channel [id: 0x0c524cbf, L:/127.0.0.1:59314 - R:localhost/127.0.0.1:57352]
13:19:10.608 [Forwarding getWindowHandles on session 146fcf84-1e7c-4759-877a-8c45f91d8d46 to remote] DEBUG o.a.netty.request.NettyRequestSender - Using pooled Channel '[id: 0x0c524cbf, L:/127.0.0.1:59314 - R:localhost/127.0.0.1:57352]' for 'GET' to 'http://localhost:57352/session/146fcf84-1e7c-4759-877a-8c45f91d8d46/window/handles'
13:19:10.609 [Forwarding getWindowHandles on session 146fcf84-1e7c-4759-877a-8c45f91d8d46 to remote] DEBUG o.a.netty.request.NettyRequestSender - Using open Channel [id: 0x0c524cbf, L:/127.0.0.1:59314 - R:localhost/127.0.0.1:57352] for GET '/session/146fcf84-1e7c-4759-877a-8c45f91d8d46/window/handles'
13:19:10.614 [AsyncHttpClient-1-2] DEBUG o.a.netty.handler.HttpHandler - 

Request DefaultFullHttpRequest(decodeResult: success, version: HTTP/1.1, content: EmptyByteBufBE)
GET /session/146fcf84-1e7c-4759-877a-8c45f91d8d46/window/handles HTTP/1.1
User-Agent: selenium/4.1.1 (java windows)
Cache-Control: no-cache
Content-Type: application/json; charset=utf-8
host: localhost:57352
accept: */*

Response DefaultHttpResponse(decodeResult: success, version: HTTP/1.1)
HTTP/1.1 200 OK
content-type: application/json; charset=utf-8
cache-control: no-cache
date: Sat, 12 Mar 2022 06:19:10 GMT
content-length: 50

13:19:10.615 [AsyncHttpClient-1-2] DEBUG o.a.netty.channel.ChannelManager - Adding key: http://localhost:57352 for channel [id: 0x0c524cbf, L:/127.0.0.1:59314 - R:localhost/127.0.0.1:57352]
13:19:10.625 [Forwarding switchToWindow on session 146fcf84-1e7c-4759-877a-8c45f91d8d46 to remote] DEBUG o.a.netty.request.NettyRequestSender - Using pooled Channel '[id: 0x0c524cbf, L:/127.0.0.1:59314 - R:localhost/127.0.0.1:57352]' for 'POST' to 'http://localhost:57352/session/146fcf84-1e7c-4759-877a-8c45f91d8d46/window'
13:19:10.625 [Forwarding switchToWindow on session 146fcf84-1e7c-4759-877a-8c45f91d8d46 to remote] DEBUG o.a.netty.request.NettyRequestSender - Using open Channel [id: 0x0c524cbf, L:/127.0.0.1:59314 - R:localhost/127.0.0.1:57352] for POST '/session/146fcf84-1e7c-4759-877a-8c45f91d8d46/window'
13:19:10.706 [AsyncHttpClient-1-2] DEBUG o.a.netty.handler.HttpHandler - 

Request DefaultHttpRequest(decodeResult: success, version: HTTP/1.1)
POST /session/146fcf84-1e7c-4759-877a-8c45f91d8d46/window HTTP/1.1
User-Agent: selenium/4.1.1 (java windows)
Content-Length: 54
Content-Type: application/json; charset=utf-8
host: localhost:57352
accept: */*

Response DefaultHttpResponse(decodeResult: success, version: HTTP/1.1)
HTTP/1.1 200 OK
content-type: application/json; charset=utf-8
cache-control: no-cache
date: Sat, 12 Mar 2022 06:19:10 GMT
content-length: 14

13:19:10.706 [AsyncHttpClient-1-2] DEBUG o.a.netty.channel.ChannelManager - Adding key: http://localhost:57352 for channel [id: 0x0c524cbf, L:/127.0.0.1:59314 - R:localhost/127.0.0.1:57352]
13:19:10.708 [Forwarding getCurrentWindowHandle on session 146fcf84-1e7c-4759-877a-8c45f91d8d46 to remote] DEBUG o.a.netty.request.NettyRequestSender - Using pooled Channel '[id: 0x0c524cbf, L:/127.0.0.1:59314 - R:localhost/127.0.0.1:57352]' for 'GET' to 'http://localhost:57352/session/146fcf84-1e7c-4759-877a-8c45f91d8d46/window'
13:19:10.708 [Forwarding getCurrentWindowHandle on session 146fcf84-1e7c-4759-877a-8c45f91d8d46 to remote] DEBUG o.a.netty.request.NettyRequestSender - Using open Channel [id: 0x0c524cbf, L:/127.0.0.1:59314 - R:localhost/127.0.0.1:57352] for GET '/session/146fcf84-1e7c-4759-877a-8c45f91d8d46/window'
13:19:10.715 [AsyncHttpClient-1-1] DEBUG o.a.netty.channel.DefaultChannelPool - Entry count for : http://localhost:59321 : 1
13:19:10.767 [AsyncHttpClient-1-2] DEBUG o.a.netty.handler.HttpHandler - 

Request DefaultFullHttpRequest(decodeResult: success, version: HTTP/1.1, content: EmptyByteBufBE)
GET /session/146fcf84-1e7c-4759-877a-8c45f91d8d46/window HTTP/1.1
User-Agent: selenium/4.1.1 (java windows)
Cache-Control: no-cache
Content-Type: application/json; charset=utf-8
host: localhost:57352
accept: */*

Response DefaultHttpResponse(decodeResult: success, version: HTTP/1.1)
HTTP/1.1 200 OK
content-type: application/json; charset=utf-8
cache-control: no-cache
date: Sat, 12 Mar 2022 06:19:10 GMT
content-length: 48

13:19:10.768 [AsyncHttpClient-1-2] DEBUG o.a.netty.channel.ChannelManager - Adding key: http://localhost:57352 for channel [id: 0x0c524cbf, L:/127.0.0.1:59314 - R:localhost/127.0.0.1:57352]
13:19:10.771 [Forwarding getCurrentWindowHandle on session 146fcf84-1e7c-4759-877a-8c45f91d8d46 to remote] DEBUG o.a.netty.request.NettyRequestSender - Using pooled Channel '[id: 0x0c524cbf, L:/127.0.0.1:59314 - R:localhost/127.0.0.1:57352]' for 'GET' to 'http://localhost:57352/session/146fcf84-1e7c-4759-877a-8c45f91d8d46/window'
13:19:10.771 [Forwarding getCurrentWindowHandle on session 146fcf84-1e7c-4759-877a-8c45f91d8d46 to remote] DEBUG o.a.netty.request.NettyRequestSender - Using open Channel [id: 0x0c524cbf, L:/127.0.0.1:59314 - R:localhost/127.0.0.1:57352] for GET '/session/146fcf84-1e7c-4759-877a-8c45f91d8d46/window'
13:19:10.795 [AsyncHttpClient-1-2] DEBUG o.a.netty.handler.HttpHandler - 

Request DefaultFullHttpRequest(decodeResult: success, version: HTTP/1.1, content: EmptyByteBufBE)
GET /session/146fcf84-1e7c-4759-877a-8c45f91d8d46/window HTTP/1.1
User-Agent: selenium/4.1.1 (java windows)
Cache-Control: no-cache
Content-Type: application/json; charset=utf-8
host: localhost:57352
accept: */*

Response DefaultHttpResponse(decodeResult: success, version: HTTP/1.1)
HTTP/1.1 200 OK
content-type: application/json; charset=utf-8
cache-control: no-cache
date: Sat, 12 Mar 2022 06:19:10 GMT
content-length: 48

13:19:10.796 [AsyncHttpClient-1-2] DEBUG o.a.netty.channel.ChannelManager - Adding key: http://localhost:57352 for channel [id: 0x0c524cbf, L:/127.0.0.1:59314 - R:localhost/127.0.0.1:57352]
13:19:10.801 [Forwarding getWindowHandles on session 146fcf84-1e7c-4759-877a-8c45f91d8d46 to remote] DEBUG o.a.netty.request.NettyRequestSender - Using pooled Channel '[id: 0x0c524cbf, L:/127.0.0.1:59314 - R:localhost/127.0.0.1:57352]' for 'GET' to 'http://localhost:57352/session/146fcf84-1e7c-4759-877a-8c45f91d8d46/window/handles'
13:19:10.801 [Forwarding getWindowHandles on session 146fcf84-1e7c-4759-877a-8c45f91d8d46 to remote] DEBUG o.a.netty.request.NettyRequestSender - Using open Channel [id: 0x0c524cbf, L:/127.0.0.1:59314 - R:localhost/127.0.0.1:57352] for GET '/session/146fcf84-1e7c-4759-877a-8c45f91d8d46/window/handles'
13:19:10.805 [AsyncHttpClient-1-2] DEBUG o.a.netty.handler.HttpHandler - 

Request DefaultFullHttpRequest(decodeResult: success, version: HTTP/1.1, content: EmptyByteBufBE)
GET /session/146fcf84-1e7c-4759-877a-8c45f91d8d46/window/handles HTTP/1.1
User-Agent: selenium/4.1.1 (java windows)
Cache-Control: no-cache
Content-Type: application/json; charset=utf-8
host: localhost:57352
accept: */*

Response DefaultHttpResponse(decodeResult: success, version: HTTP/1.1)
HTTP/1.1 200 OK
content-type: application/json; charset=utf-8
cache-control: no-cache
date: Sat, 12 Mar 2022 06:19:10 GMT
content-length: 50

13:19:10.805 [AsyncHttpClient-1-2] DEBUG o.a.netty.channel.ChannelManager - Adding key: http://localhost:57352 for channel [id: 0x0c524cbf, L:/127.0.0.1:59314 - R:localhost/127.0.0.1:57352]
13:19:10.808 [Forwarding switchToWindow on session 146fcf84-1e7c-4759-877a-8c45f91d8d46 to remote] DEBUG o.a.netty.request.NettyRequestSender - Using pooled Channel '[id: 0x0c524cbf, L:/127.0.0.1:59314 - R:localhost/127.0.0.1:57352]' for 'POST' to 'http://localhost:57352/session/146fcf84-1e7c-4759-877a-8c45f91d8d46/window'
13:19:10.808 [Forwarding switchToWindow on session 146fcf84-1e7c-4759-877a-8c45f91d8d46 to remote] DEBUG o.a.netty.request.NettyRequestSender - Using open Channel [id: 0x0c524cbf, L:/127.0.0.1:59314 - R:localhost/127.0.0.1:57352] for POST '/session/146fcf84-1e7c-4759-877a-8c45f91d8d46/window'
13:19:10.816 [AsyncHttpClient-1-2] DEBUG o.a.netty.handler.HttpHandler - 

Request DefaultHttpRequest(decodeResult: success, version: HTTP/1.1)
POST /session/146fcf84-1e7c-4759-877a-8c45f91d8d46/window HTTP/1.1
User-Agent: selenium/4.1.1 (java windows)
Content-Length: 54
Content-Type: application/json; charset=utf-8
host: localhost:57352
accept: */*

Response DefaultHttpResponse(decodeResult: success, version: HTTP/1.1)
HTTP/1.1 200 OK
content-type: application/json; charset=utf-8
cache-control: no-cache
date: Sat, 12 Mar 2022 06:19:10 GMT
content-length: 14

13:19:10.818 [AsyncHttpClient-1-2] DEBUG o.a.netty.channel.ChannelManager - Adding key: http://localhost:57352 for channel [id: 0x0c524cbf, L:/127.0.0.1:59314 - R:localhost/127.0.0.1:57352]
13:19:10.820 [Forwarding getCurrentWindowHandle on session 146fcf84-1e7c-4759-877a-8c45f91d8d46 to remote] DEBUG o.a.netty.request.NettyRequestSender - Using pooled Channel '[id: 0x0c524cbf, L:/127.0.0.1:59314 - R:localhost/127.0.0.1:57352]' for 'GET' to 'http://localhost:57352/session/146fcf84-1e7c-4759-877a-8c45f91d8d46/window'
13:19:10.820 [Forwarding getCurrentWindowHandle on session 146fcf84-1e7c-4759-877a-8c45f91d8d46 to remote] DEBUG o.a.netty.request.NettyRequestSender - Using open Channel [id: 0x0c524cbf, L:/127.0.0.1:59314 - R:localhost/127.0.0.1:57352] for GET '/session/146fcf84-1e7c-4759-877a-8c45f91d8d46/window'
13:19:10.824 [AsyncHttpClient-1-2] DEBUG o.a.netty.handler.HttpHandler - 

Request DefaultFullHttpRequest(decodeResult: success, version: HTTP/1.1, content: EmptyByteBufBE)
GET /session/146fcf84-1e7c-4759-877a-8c45f91d8d46/window HTTP/1.1
User-Agent: selenium/4.1.1 (java windows)
Cache-Control: no-cache
Content-Type: application/json; charset=utf-8
host: localhost:57352
accept: */*

Response DefaultHttpResponse(decodeResult: success, version: HTTP/1.1)
HTTP/1.1 200 OK
content-type: application/json; charset=utf-8
cache-control: no-cache
date: Sat, 12 Mar 2022 06:19:10 GMT
content-length: 48

13:19:10.824 [AsyncHttpClient-1-2] DEBUG o.a.netty.channel.ChannelManager - Adding key: http://localhost:57352 for channel [id: 0x0c524cbf, L:/127.0.0.1:59314 - R:localhost/127.0.0.1:57352]
13:19:10.826 [Forwarding getCurrentWindowHandle on session 146fcf84-1e7c-4759-877a-8c45f91d8d46 to remote] DEBUG o.a.netty.request.NettyRequestSender - Using pooled Channel '[id: 0x0c524cbf, L:/127.0.0.1:59314 - R:localhost/127.0.0.1:57352]' for 'GET' to 'http://localhost:57352/session/146fcf84-1e7c-4759-877a-8c45f91d8d46/window'
13:19:10.827 [Forwarding getCurrentWindowHandle on session 146fcf84-1e7c-4759-877a-8c45f91d8d46 to remote] DEBUG o.a.netty.request.NettyRequestSender - Using open Channel [id: 0x0c524cbf, L:/127.0.0.1:59314 - R:localhost/127.0.0.1:57352] for GET '/session/146fcf84-1e7c-4759-877a-8c45f91d8d46/window'
13:19:11.025 [AsyncHttpClient-1-2] DEBUG o.a.netty.handler.HttpHandler - 

Request DefaultFullHttpRequest(decodeResult: success, version: HTTP/1.1, content: EmptyByteBufBE)
GET /session/146fcf84-1e7c-4759-877a-8c45f91d8d46/window HTTP/1.1
User-Agent: selenium/4.1.1 (java windows)
Cache-Control: no-cache
Content-Type: application/json; charset=utf-8
host: localhost:57352
accept: */*

Response DefaultHttpResponse(decodeResult: success, version: HTTP/1.1)
HTTP/1.1 200 OK
content-type: application/json; charset=utf-8
cache-control: no-cache
date: Sat, 12 Mar 2022 06:19:10 GMT
content-length: 48

13:19:11.026 [AsyncHttpClient-1-2] DEBUG o.a.netty.channel.ChannelManager - Adding key: http://localhost:57352 for channel [id: 0x0c524cbf, L:/127.0.0.1:59314 - R:localhost/127.0.0.1:57352]
13:19:11.032 [Forwarding getWindowHandles on session 146fcf84-1e7c-4759-877a-8c45f91d8d46 to remote] DEBUG o.a.netty.request.NettyRequestSender - Using pooled Channel '[id: 0x0c524cbf, L:/127.0.0.1:59314 - R:localhost/127.0.0.1:57352]' for 'GET' to 'http://localhost:57352/session/146fcf84-1e7c-4759-877a-8c45f91d8d46/window/handles'
13:19:11.032 [Forwarding getWindowHandles on session 146fcf84-1e7c-4759-877a-8c45f91d8d46 to remote] DEBUG o.a.netty.request.NettyRequestSender - Using open Channel [id: 0x0c524cbf, L:/127.0.0.1:59314 - R:localhost/127.0.0.1:57352] for GET '/session/146fcf84-1e7c-4759-877a-8c45f91d8d46/window/handles'
13:19:11.053 [AsyncHttpClient-1-2] DEBUG o.a.netty.handler.HttpHandler - 

Request DefaultFullHttpRequest(decodeResult: success, version: HTTP/1.1, content: EmptyByteBufBE)
GET /session/146fcf84-1e7c-4759-877a-8c45f91d8d46/window/handles HTTP/1.1
User-Agent: selenium/4.1.1 (java windows)
Cache-Control: no-cache
Content-Type: application/json; charset=utf-8
host: localhost:57352
accept: */*

Response DefaultHttpResponse(decodeResult: success, version: HTTP/1.1)
HTTP/1.1 200 OK
content-type: application/json; charset=utf-8
cache-control: no-cache
date: Sat, 12 Mar 2022 06:19:11 GMT
content-length: 50

13:19:11.053 [AsyncHttpClient-1-2] DEBUG o.a.netty.channel.ChannelManager - Adding key: http://localhost:57352 for channel [id: 0x0c524cbf, L:/127.0.0.1:59314 - R:localhost/127.0.0.1:57352]
13:19:11.056 [Forwarding switchToWindow on session 146fcf84-1e7c-4759-877a-8c45f91d8d46 to remote] DEBUG o.a.netty.request.NettyRequestSender - Using pooled Channel '[id: 0x0c524cbf, L:/127.0.0.1:59314 - R:localhost/127.0.0.1:57352]' for 'POST' to 'http://localhost:57352/session/146fcf84-1e7c-4759-877a-8c45f91d8d46/window'
13:19:11.057 [Forwarding switchToWindow on session 146fcf84-1e7c-4759-877a-8c45f91d8d46 to remote] DEBUG o.a.netty.request.NettyRequestSender - Using open Channel [id: 0x0c524cbf, L:/127.0.0.1:59314 - R:localhost/127.0.0.1:57352] for POST '/session/146fcf84-1e7c-4759-877a-8c45f91d8d46/window'
13:19:11.115 [AsyncHttpClient-1-2] DEBUG o.a.netty.handler.HttpHandler - 

Request DefaultHttpRequest(decodeResult: success, version: HTTP/1.1)
POST /session/146fcf84-1e7c-4759-877a-8c45f91d8d46/window HTTP/1.1
User-Agent: selenium/4.1.1 (java windows)
Content-Length: 54
Content-Type: application/json; charset=utf-8
host: localhost:57352
accept: */*

Response DefaultHttpResponse(decodeResult: success, version: HTTP/1.1)
HTTP/1.1 200 OK
content-type: application/json; charset=utf-8
cache-control: no-cache
date: Sat, 12 Mar 2022 06:19:11 GMT
content-length: 14

13:19:11.116 [AsyncHttpClient-1-2] DEBUG o.a.netty.channel.ChannelManager - Adding key: http://localhost:57352 for channel [id: 0x0c524cbf, L:/127.0.0.1:59314 - R:localhost/127.0.0.1:57352]
13:19:11.118 [Forwarding getCurrentWindowHandle on session 146fcf84-1e7c-4759-877a-8c45f91d8d46 to remote] DEBUG o.a.netty.request.NettyRequestSender - Using pooled Channel '[id: 0x0c524cbf, L:/127.0.0.1:59314 - R:localhost/127.0.0.1:57352]' for 'GET' to 'http://localhost:57352/session/146fcf84-1e7c-4759-877a-8c45f91d8d46/window'
13:19:11.119 [Forwarding getCurrentWindowHandle on session 146fcf84-1e7c-4759-877a-8c45f91d8d46 to remote] DEBUG o.a.netty.request.NettyRequestSender - Using open Channel [id: 0x0c524cbf, L:/127.0.0.1:59314 - R:localhost/127.0.0.1:57352] for GET '/session/146fcf84-1e7c-4759-877a-8c45f91d8d46/window'
13:19:11.152 [AsyncHttpClient-1-2] DEBUG o.a.netty.handler.HttpHandler - 

Request DefaultFullHttpRequest(decodeResult: success, version: HTTP/1.1, content: EmptyByteBufBE)
GET /session/146fcf84-1e7c-4759-877a-8c45f91d8d46/window HTTP/1.1
User-Agent: selenium/4.1.1 (java windows)
Cache-Control: no-cache
Content-Type: application/json; charset=utf-8
host: localhost:57352
accept: */*

Response DefaultHttpResponse(decodeResult: success, version: HTTP/1.1)
HTTP/1.1 200 OK
content-type: application/json; charset=utf-8
cache-control: no-cache
date: Sat, 12 Mar 2022 06:19:11 GMT
content-length: 48

13:19:11.152 [AsyncHttpClient-1-2] DEBUG o.a.netty.channel.ChannelManager - Adding key: http://localhost:57352 for channel [id: 0x0c524cbf, L:/127.0.0.1:59314 - R:localhost/127.0.0.1:57352]
13:19:11.157 [Forwarding setTimeout on session 146fcf84-1e7c-4759-877a-8c45f91d8d46 to remote] DEBUG o.a.netty.request.NettyRequestSender - Using pooled Channel '[id: 0x0c524cbf, L:/127.0.0.1:59314 - R:localhost/127.0.0.1:57352]' for 'POST' to 'http://localhost:57352/session/146fcf84-1e7c-4759-877a-8c45f91d8d46/timeouts'
13:19:11.158 [Forwarding setTimeout on session 146fcf84-1e7c-4759-877a-8c45f91d8d46 to remote] DEBUG o.a.netty.request.NettyRequestSender - Using open Channel [id: 0x0c524cbf, L:/127.0.0.1:59314 - R:localhost/127.0.0.1:57352] for POST '/session/146fcf84-1e7c-4759-877a-8c45f91d8d46/timeouts'
13:19:11.280 [AsyncHttpClient-1-2] DEBUG o.a.netty.handler.HttpHandler - 

Request DefaultHttpRequest(decodeResult: success, version: HTTP/1.1)
POST /session/146fcf84-1e7c-4759-877a-8c45f91d8d46/timeouts HTTP/1.1
User-Agent: selenium/4.1.1 (java windows)
Content-Length: 26
Content-Type: application/json; charset=utf-8
host: localhost:57352
accept: */*

Response DefaultHttpResponse(decodeResult: success, version: HTTP/1.1)
HTTP/1.1 200 OK
content-type: application/json; charset=utf-8
cache-control: no-cache
date: Sat, 12 Mar 2022 06:19:11 GMT
content-length: 14

13:19:11.281 [AsyncHttpClient-1-2] DEBUG o.a.netty.channel.ChannelManager - Adding key: http://localhost:57352 for channel [id: 0x0c524cbf, L:/127.0.0.1:59314 - R:localhost/127.0.0.1:57352]
13:19:11.287 [Forwarding findElement on session 146fcf84-1e7c-4759-877a-8c45f91d8d46 to remote] DEBUG o.a.netty.request.NettyRequestSender - Using pooled Channel '[id: 0x0c524cbf, L:/127.0.0.1:59314 - R:localhost/127.0.0.1:57352]' for 'POST' to 'http://localhost:57352/session/146fcf84-1e7c-4759-877a-8c45f91d8d46/element'
13:19:11.287 [Forwarding findElement on session 146fcf84-1e7c-4759-877a-8c45f91d8d46 to remote] DEBUG o.a.netty.request.NettyRequestSender - Using open Channel [id: 0x0c524cbf, L:/127.0.0.1:59314 - R:localhost/127.0.0.1:57352] for POST '/session/146fcf84-1e7c-4759-877a-8c45f91d8d46/element'
13:19:11.410 [AsyncHttpClient-1-2] DEBUG o.a.netty.handler.HttpHandler - 

Request DefaultHttpRequest(decodeResult: success, version: HTTP/1.1)
POST /session/146fcf84-1e7c-4759-877a-8c45f91d8d46/element HTTP/1.1
User-Agent: selenium/4.1.1 (java windows)
Content-Length: 71
Content-Type: application/json; charset=utf-8
host: localhost:57352
accept: */*

Response DefaultHttpResponse(decodeResult: success, version: HTTP/1.1)
HTTP/1.1 200 OK
content-type: application/json; charset=utf-8
cache-control: no-cache
date: Sat, 12 Mar 2022 06:19:11 GMT
content-length: 88

13:19:11.410 [AsyncHttpClient-1-2] DEBUG o.a.netty.channel.ChannelManager - Adding key: http://localhost:57352 for channel [id: 0x0c524cbf, L:/127.0.0.1:59314 - R:localhost/127.0.0.1:57352]
13:19:11.417 [Forwarding findChildElement on session 146fcf84-1e7c-4759-877a-8c45f91d8d46 to remote] DEBUG o.a.netty.request.NettyRequestSender - Using pooled Channel '[id: 0x0c524cbf, L:/127.0.0.1:59314 - R:localhost/127.0.0.1:57352]' for 'POST' to 'http://localhost:57352/session/146fcf84-1e7c-4759-877a-8c45f91d8d46/element/c4161f9b-88f1-485d-8b3c-30d4e14a73ee/element'
13:19:11.417 [Forwarding findChildElement on session 146fcf84-1e7c-4759-877a-8c45f91d8d46 to remote] DEBUG o.a.netty.request.NettyRequestSender - Using open Channel [id: 0x0c524cbf, L:/127.0.0.1:59314 - R:localhost/127.0.0.1:57352] for POST '/session/146fcf84-1e7c-4759-877a-8c45f91d8d46/element/c4161f9b-88f1-485d-8b3c-30d4e14a73ee/element'
13:19:11.676 [AsyncHttpClient-1-2] DEBUG o.a.netty.handler.HttpHandler - 

Request DefaultHttpRequest(decodeResult: success, version: HTTP/1.1)
POST /session/146fcf84-1e7c-4759-877a-8c45f91d8d46/element/c4161f9b-88f1-485d-8b3c-30d4e14a73ee/element HTTP/1.1
User-Agent: selenium/4.1.1 (java windows)
Content-Length: 140
Content-Type: application/json; charset=utf-8
host: localhost:57352
accept: */*

Response DefaultHttpResponse(decodeResult: success, version: HTTP/1.1)
HTTP/1.1 200 OK
content-type: application/json; charset=utf-8
cache-control: no-cache
date: Sat, 12 Mar 2022 06:19:11 GMT
content-length: 88

13:19:11.677 [AsyncHttpClient-1-2] DEBUG o.a.netty.channel.ChannelManager - Adding key: http://localhost:57352 for channel [id: 0x0c524cbf, L:/127.0.0.1:59314 - R:localhost/127.0.0.1:57352]
13:19:11.680 [Forwarding sendKeysToElement on session 146fcf84-1e7c-4759-877a-8c45f91d8d46 to remote] DEBUG o.a.netty.request.NettyRequestSender - Using pooled Channel '[id: 0x0c524cbf, L:/127.0.0.1:59314 - R:localhost/127.0.0.1:57352]' for 'POST' to 'http://localhost:57352/session/146fcf84-1e7c-4759-877a-8c45f91d8d46/element/28590153-a725-456e-8829-bb2d7e7ff73f/value'
13:19:11.680 [Forwarding sendKeysToElement on session 146fcf84-1e7c-4759-877a-8c45f91d8d46 to remote] DEBUG o.a.netty.request.NettyRequestSender - Using open Channel [id: 0x0c524cbf, L:/127.0.0.1:59314 - R:localhost/127.0.0.1:57352] for POST '/session/146fcf84-1e7c-4759-877a-8c45f91d8d46/element/28590153-a725-456e-8829-bb2d7e7ff73f/value'
13:19:11.816 [AsyncHttpClient-1-1] DEBUG o.a.netty.channel.DefaultChannelPool - Entry count for : http://localhost:59321 : 1
13:19:12.588 [AsyncHttpClient-1-2] DEBUG o.a.netty.handler.HttpHandler - 

Request DefaultHttpRequest(decodeResult: success, version: HTTP/1.1)
POST /session/146fcf84-1e7c-4759-877a-8c45f91d8d46/element/28590153-a725-456e-8829-bb2d7e7ff73f/value HTTP/1.1
User-Agent: selenium/4.1.1 (java windows)
Content-Length: 171
Content-Type: application/json; charset=utf-8
host: localhost:57352
accept: */*

Response DefaultHttpResponse(decodeResult: success, version: HTTP/1.1)
HTTP/1.1 200 OK
content-type: application/json; charset=utf-8
cache-control: no-cache
date: Sat, 12 Mar 2022 06:19:11 GMT
content-length: 14

13:19:12.588 [AsyncHttpClient-1-2] DEBUG o.a.netty.channel.ChannelManager - Adding key: http://localhost:57352 for channel [id: 0x0c524cbf, L:/127.0.0.1:59314 - R:localhost/127.0.0.1:57352]
13:19:12.590 [Forwarding setTimeout on session 146fcf84-1e7c-4759-877a-8c45f91d8d46 to remote] DEBUG o.a.netty.request.NettyRequestSender - Using pooled Channel '[id: 0x0c524cbf, L:/127.0.0.1:59314 - R:localhost/127.0.0.1:57352]' for 'POST' to 'http://localhost:57352/session/146fcf84-1e7c-4759-877a-8c45f91d8d46/timeouts'
13:19:12.590 [Forwarding setTimeout on session 146fcf84-1e7c-4759-877a-8c45f91d8d46 to remote] DEBUG o.a.netty.request.NettyRequestSender - Using open Channel [id: 0x0c524cbf, L:/127.0.0.1:59314 - R:localhost/127.0.0.1:57352] for POST '/session/146fcf84-1e7c-4759-877a-8c45f91d8d46/timeouts'
13:19:12.677 [AsyncHttpClient-1-2] DEBUG o.a.netty.handler.HttpHandler - 

Request DefaultHttpRequest(decodeResult: success, version: HTTP/1.1)
POST /session/146fcf84-1e7c-4759-877a-8c45f91d8d46/timeouts HTTP/1.1
User-Agent: selenium/4.1.1 (java windows)
Content-Length: 26
Content-Type: application/json; charset=utf-8
host: localhost:57352
accept: */*

Response DefaultHttpResponse(decodeResult: success, version: HTTP/1.1)
HTTP/1.1 200 OK
content-type: application/json; charset=utf-8
cache-control: no-cache
date: Sat, 12 Mar 2022 06:19:12 GMT
content-length: 14

13:19:12.678 [AsyncHttpClient-1-2] DEBUG o.a.netty.channel.ChannelManager - Adding key: http://localhost:57352 for channel [id: 0x0c524cbf, L:/127.0.0.1:59314 - R:localhost/127.0.0.1:57352]
13:19:12.680 [Forwarding findElement on session 146fcf84-1e7c-4759-877a-8c45f91d8d46 to remote] DEBUG o.a.netty.request.NettyRequestSender - Using pooled Channel '[id: 0x0c524cbf, L:/127.0.0.1:59314 - R:localhost/127.0.0.1:57352]' for 'POST' to 'http://localhost:57352/session/146fcf84-1e7c-4759-877a-8c45f91d8d46/element'
13:19:12.680 [Forwarding findElement on session 146fcf84-1e7c-4759-877a-8c45f91d8d46 to remote] DEBUG o.a.netty.request.NettyRequestSender - Using open Channel [id: 0x0c524cbf, L:/127.0.0.1:59314 - R:localhost/127.0.0.1:57352] for POST '/session/146fcf84-1e7c-4759-877a-8c45f91d8d46/element'
13:19:12.734 [AsyncHttpClient-1-2] DEBUG o.a.netty.handler.HttpHandler - 

Request DefaultHttpRequest(decodeResult: success, version: HTTP/1.1)
POST /session/146fcf84-1e7c-4759-877a-8c45f91d8d46/element HTTP/1.1
User-Agent: selenium/4.1.1 (java windows)
Content-Length: 71
Content-Type: application/json; charset=utf-8
host: localhost:57352
accept: */*

Response DefaultHttpResponse(decodeResult: success, version: HTTP/1.1)
HTTP/1.1 200 OK
content-type: application/json; charset=utf-8
cache-control: no-cache
date: Sat, 12 Mar 2022 06:19:12 GMT
content-length: 88

13:19:12.734 [AsyncHttpClient-1-2] DEBUG o.a.netty.channel.ChannelManager - Adding key: http://localhost:57352 for channel [id: 0x0c524cbf, L:/127.0.0.1:59314 - R:localhost/127.0.0.1:57352]
13:19:12.737 [Forwarding findChildElement on session 146fcf84-1e7c-4759-877a-8c45f91d8d46 to remote] DEBUG o.a.netty.request.NettyRequestSender - Using pooled Channel '[id: 0x0c524cbf, L:/127.0.0.1:59314 - R:localhost/127.0.0.1:57352]' for 'POST' to 'http://localhost:57352/session/146fcf84-1e7c-4759-877a-8c45f91d8d46/element/c4161f9b-88f1-485d-8b3c-30d4e14a73ee/element'
13:19:12.737 [Forwarding findChildElement on session 146fcf84-1e7c-4759-877a-8c45f91d8d46 to remote] DEBUG o.a.netty.request.NettyRequestSender - Using open Channel [id: 0x0c524cbf, L:/127.0.0.1:59314 - R:localhost/127.0.0.1:57352] for POST '/session/146fcf84-1e7c-4759-877a-8c45f91d8d46/element/c4161f9b-88f1-485d-8b3c-30d4e14a73ee/element'
13:19:12.884 [AsyncHttpClient-1-2] DEBUG o.a.netty.handler.HttpHandler - 

Request DefaultHttpRequest(decodeResult: success, version: HTTP/1.1)
POST /session/146fcf84-1e7c-4759-877a-8c45f91d8d46/element/c4161f9b-88f1-485d-8b3c-30d4e14a73ee/element HTTP/1.1
User-Agent: selenium/4.1.1 (java windows)
Content-Length: 140
Content-Type: application/json; charset=utf-8
host: localhost:57352
accept: */*

Response DefaultHttpResponse(decodeResult: success, version: HTTP/1.1)
HTTP/1.1 200 OK
content-type: application/json; charset=utf-8
cache-control: no-cache
date: Sat, 12 Mar 2022 06:19:12 GMT
content-length: 88

13:19:12.884 [AsyncHttpClient-1-2] DEBUG o.a.netty.channel.ChannelManager - Adding key: http://localhost:57352 for channel [id: 0x0c524cbf, L:/127.0.0.1:59314 - R:localhost/127.0.0.1:57352]
13:19:12.887 [Forwarding sendKeysToElement on session 146fcf84-1e7c-4759-877a-8c45f91d8d46 to remote] DEBUG o.a.netty.request.NettyRequestSender - Using pooled Channel '[id: 0x0c524cbf, L:/127.0.0.1:59314 - R:localhost/127.0.0.1:57352]' for 'POST' to 'http://localhost:57352/session/146fcf84-1e7c-4759-877a-8c45f91d8d46/element/28590153-a725-456e-8829-bb2d7e7ff73f/value'
13:19:12.887 [Forwarding sendKeysToElement on session 146fcf84-1e7c-4759-877a-8c45f91d8d46 to remote] DEBUG o.a.netty.request.NettyRequestSender - Using open Channel [id: 0x0c524cbf, L:/127.0.0.1:59314 - R:localhost/127.0.0.1:57352] for POST '/session/146fcf84-1e7c-4759-877a-8c45f91d8d46/element/28590153-a725-456e-8829-bb2d7e7ff73f/value'
13:19:12.916 [AsyncHttpClient-1-1] DEBUG o.a.netty.channel.DefaultChannelPool - Entry count for : http://localhost:59321 : 1
13:19:13.554 [AsyncHttpClient-1-2] DEBUG o.a.netty.handler.HttpHandler - 

Request DefaultHttpRequest(decodeResult: success, version: HTTP/1.1)
POST /session/146fcf84-1e7c-4759-877a-8c45f91d8d46/element/28590153-a725-456e-8829-bb2d7e7ff73f/value HTTP/1.1
User-Agent: selenium/4.1.1 (java windows)
Content-Length: 95
Content-Type: application/json; charset=utf-8
host: localhost:57352
accept: */*

Response DefaultHttpResponse(decodeResult: success, version: HTTP/1.1)
HTTP/1.1 200 OK
content-type: application/json; charset=utf-8
cache-control: no-cache
date: Sat, 12 Mar 2022 06:19:12 GMT
content-length: 14

13:19:13.554 [AsyncHttpClient-1-2] DEBUG o.a.netty.channel.ChannelManager - Adding key: http://localhost:57352 for channel [id: 0x0c524cbf, L:/127.0.0.1:59314 - R:localhost/127.0.0.1:57352]
13:19:13.902 [Forwarding findElement on session 146fcf84-1e7c-4759-877a-8c45f91d8d46 to remote] DEBUG o.a.netty.request.NettyRequestSender - Using pooled Channel '[id: 0x0c524cbf, L:/127.0.0.1:59314 - R:localhost/127.0.0.1:57352]' for 'POST' to 'http://localhost:57352/session/146fcf84-1e7c-4759-877a-8c45f91d8d46/element'
13:19:13.902 [Forwarding findElement on session 146fcf84-1e7c-4759-877a-8c45f91d8d46 to remote] DEBUG o.a.netty.request.NettyRequestSender - Using open Channel [id: 0x0c524cbf, L:/127.0.0.1:59314 - R:localhost/127.0.0.1:57352] for POST '/session/146fcf84-1e7c-4759-877a-8c45f91d8d46/element'
13:19:14.016 [AsyncHttpClient-1-1] DEBUG o.a.netty.channel.DefaultChannelPool - Entry count for : http://localhost:59321 : 1
13:19:14.016 [AsyncHttpClient-1-1] DEBUG o.a.netty.channel.DefaultChannelPool - Adding Candidate expired Channel [id: 0xde6efb89, L:/127.0.0.1:59334 - R:localhost/127.0.0.1:59321] isIdleTimeoutExpired=true isRemotelyClosed=false isTtlExpired=false
13:19:14.016 [AsyncHttpClient-1-1] DEBUG o.a.netty.channel.DefaultChannelPool - Closing Idle Channel [id: 0xde6efb89, L:/127.0.0.1:59334 - R:localhost/127.0.0.1:59321]
13:19:14.017 [AsyncHttpClient-1-4] DEBUG o.a.netty.handler.HttpHandler - Channel Closed: [id: 0xde6efb89, L:/127.0.0.1:59334 ! R:localhost/127.0.0.1:59321] with attribute DISCARD
13:19:14.017 [AsyncHttpClient-1-1] DEBUG o.a.netty.channel.DefaultChannelPool - Closed 1 connections out of 1 in 1 ms
13:19:17.695 [AsyncHttpClient-1-2] DEBUG o.a.netty.handler.HttpHandler - 

Request DefaultHttpRequest(decodeResult: success, version: HTTP/1.1)
POST /session/146fcf84-1e7c-4759-877a-8c45f91d8d46/element HTTP/1.1
User-Agent: selenium/4.1.1 (java windows)
Content-Length: 60
Content-Type: application/json; charset=utf-8
host: localhost:57352
accept: */*

Response DefaultHttpResponse(decodeResult: success, version: HTTP/1.1)
HTTP/1.1 200 OK
content-type: application/json; charset=utf-8
cache-control: no-cache
date: Sat, 12 Mar 2022 06:19:13 GMT
content-length: 88

13:19:17.695 [AsyncHttpClient-1-2] DEBUG o.a.netty.channel.ChannelManager - Adding key: http://localhost:57352 for channel [id: 0x0c524cbf, L:/127.0.0.1:59314 - R:localhost/127.0.0.1:57352]
13:19:18.230 [Forwarding isElementDisplayed on session 146fcf84-1e7c-4759-877a-8c45f91d8d46 to remote] DEBUG o.a.netty.request.NettyRequestSender - Using pooled Channel '[id: 0x0c524cbf, L:/127.0.0.1:59314 - R:localhost/127.0.0.1:57352]' for 'POST' to 'http://localhost:57352/session/146fcf84-1e7c-4759-877a-8c45f91d8d46/execute/sync'
13:19:18.230 [Forwarding isElementDisplayed on session 146fcf84-1e7c-4759-877a-8c45f91d8d46 to remote] DEBUG o.a.netty.request.NettyRequestSender - Using open Channel [id: 0x0c524cbf, L:/127.0.0.1:59314 - R:localhost/127.0.0.1:57352] for POST '/session/146fcf84-1e7c-4759-877a-8c45f91d8d46/execute/sync'
13:19:18.461 [AsyncHttpClient-1-2] DEBUG o.a.netty.handler.HttpHandler - 

Request DefaultHttpRequest(decodeResult: success, version: HTTP/1.1)
POST /session/146fcf84-1e7c-4759-877a-8c45f91d8d46/execute/sync HTTP/1.1
User-Agent: selenium/4.1.1 (java windows)
Content-Length: 48780
Content-Type: application/json; charset=utf-8
host: localhost:57352
accept: */*

Response DefaultHttpResponse(decodeResult: success, version: HTTP/1.1)
HTTP/1.1 200 OK
content-type: application/json; charset=utf-8
cache-control: no-cache
date: Sat, 12 Mar 2022 06:19:18 GMT
content-length: 14

13:19:18.461 [AsyncHttpClient-1-2] DEBUG o.a.netty.channel.ChannelManager - Adding key: http://localhost:57352 for channel [id: 0x0c524cbf, L:/127.0.0.1:59314 - R:localhost/127.0.0.1:57352]
13:19:18.464 [Forwarding findChildElement on session 146fcf84-1e7c-4759-877a-8c45f91d8d46 to remote] DEBUG o.a.netty.request.NettyRequestSender - Using pooled Channel '[id: 0x0c524cbf, L:/127.0.0.1:59314 - R:localhost/127.0.0.1:57352]' for 'POST' to 'http://localhost:57352/session/146fcf84-1e7c-4759-877a-8c45f91d8d46/element/b5487c05-45b7-4321-8699-4ccc9ac0acf2/element'
13:19:18.464 [Forwarding findChildElement on session 146fcf84-1e7c-4759-877a-8c45f91d8d46 to remote] DEBUG o.a.netty.request.NettyRequestSender - Using open Channel [id: 0x0c524cbf, L:/127.0.0.1:59314 - R:localhost/127.0.0.1:57352] for POST '/session/146fcf84-1e7c-4759-877a-8c45f91d8d46/element/b5487c05-45b7-4321-8699-4ccc9ac0acf2/element'
13:19:19.182 [AsyncHttpClient-1-2] DEBUG o.a.netty.handler.HttpHandler - 

Request DefaultHttpRequest(decodeResult: success, version: HTTP/1.1)
POST /session/146fcf84-1e7c-4759-877a-8c45f91d8d46/element/b5487c05-45b7-4321-8699-4ccc9ac0acf2/element HTTP/1.1
User-Agent: selenium/4.1.1 (java windows)
Content-Length: 106
Content-Type: application/json; charset=utf-8
host: localhost:57352
accept: */*

Response DefaultHttpResponse(decodeResult: success, version: HTTP/1.1)
HTTP/1.1 200 OK
content-type: application/json; charset=utf-8
cache-control: no-cache
date: Sat, 12 Mar 2022 06:19:18 GMT
content-length: 88

13:19:19.182 [AsyncHttpClient-1-2] DEBUG o.a.netty.channel.ChannelManager - Adding key: http://localhost:57352 for channel [id: 0x0c524cbf, L:/127.0.0.1:59314 - R:localhost/127.0.0.1:57352]
13:19:19.185 [Forwarding findChildElements on session 146fcf84-1e7c-4759-877a-8c45f91d8d46 to remote] DEBUG o.a.netty.request.NettyRequestSender - Using pooled Channel '[id: 0x0c524cbf, L:/127.0.0.1:59314 - R:localhost/127.0.0.1:57352]' for 'POST' to 'http://localhost:57352/session/146fcf84-1e7c-4759-877a-8c45f91d8d46/element/46b69289-03bc-4c5e-bd57-c980d7a24eed/elements'
13:19:19.186 [Forwarding findChildElements on session 146fcf84-1e7c-4759-877a-8c45f91d8d46 to remote] DEBUG o.a.netty.request.NettyRequestSender - Using open Channel [id: 0x0c524cbf, L:/127.0.0.1:59314 - R:localhost/127.0.0.1:57352] for POST '/session/146fcf84-1e7c-4759-877a-8c45f91d8d46/element/46b69289-03bc-4c5e-bd57-c980d7a24eed/elements'
13:19:19.192 [AsyncHttpClient-1-2] DEBUG o.a.netty.handler.HttpHandler - 

Request DefaultHttpRequest(decodeResult: success, version: HTTP/1.1)
POST /session/146fcf84-1e7c-4759-877a-8c45f91d8d46/element/46b69289-03bc-4c5e-bd57-c980d7a24eed/elements HTTP/1.1
User-Agent: selenium/4.1.1 (java windows)
Content-Length: 103
Content-Type: application/json; charset=utf-8
host: localhost:57352
accept: */*

Response DefaultHttpResponse(decodeResult: success, version: HTTP/1.1)
HTTP/1.1 200 OK
content-type: application/json; charset=utf-8
cache-control: no-cache
date: Sat, 12 Mar 2022 06:19:19 GMT
content-length: 90

13:19:19.192 [AsyncHttpClient-1-2] DEBUG o.a.netty.channel.ChannelManager - Adding key: http://localhost:57352 for channel [id: 0x0c524cbf, L:/127.0.0.1:59314 - R:localhost/127.0.0.1:57352]
13:19:19.197 [Forwarding findChildElement on session 146fcf84-1e7c-4759-877a-8c45f91d8d46 to remote] DEBUG o.a.netty.request.NettyRequestSender - Using pooled Channel '[id: 0x0c524cbf, L:/127.0.0.1:59314 - R:localhost/127.0.0.1:57352]' for 'POST' to 'http://localhost:57352/session/146fcf84-1e7c-4759-877a-8c45f91d8d46/element/b532b8a2-acab-40f4-ba77-03340af788e5/element'
13:19:19.197 [Forwarding findChildElement on session 146fcf84-1e7c-4759-877a-8c45f91d8d46 to remote] DEBUG o.a.netty.request.NettyRequestSender - Using open Channel [id: 0x0c524cbf, L:/127.0.0.1:59314 - R:localhost/127.0.0.1:57352] for POST '/session/146fcf84-1e7c-4759-877a-8c45f91d8d46/element/b532b8a2-acab-40f4-ba77-03340af788e5/element'
13:19:19.273 [AsyncHttpClient-1-2] DEBUG o.a.netty.handler.HttpHandler - 

Request DefaultHttpRequest(decodeResult: success, version: HTTP/1.1)
POST /session/146fcf84-1e7c-4759-877a-8c45f91d8d46/element/b532b8a2-acab-40f4-ba77-03340af788e5/element HTTP/1.1
User-Agent: selenium/4.1.1 (java windows)
Content-Length: 89
Content-Type: application/json; charset=utf-8
host: localhost:57352
accept: */*

Response DefaultHttpResponse(decodeResult: success, version: HTTP/1.1)
HTTP/1.1 200 OK
content-type: application/json; charset=utf-8
cache-control: no-cache
date: Sat, 12 Mar 2022 06:19:19 GMT
content-length: 88

13:19:19.273 [AsyncHttpClient-1-2] DEBUG o.a.netty.channel.ChannelManager - Adding key: http://localhost:57352 for channel [id: 0x0c524cbf, L:/127.0.0.1:59314 - R:localhost/127.0.0.1:57352]
13:19:19.285 [Forwarding getElementText on session 146fcf84-1e7c-4759-877a-8c45f91d8d46 to remote] DEBUG o.a.netty.request.NettyRequestSender - Using pooled Channel '[id: 0x0c524cbf, L:/127.0.0.1:59314 - R:localhost/127.0.0.1:57352]' for 'GET' to 'http://localhost:57352/session/146fcf84-1e7c-4759-877a-8c45f91d8d46/element/6f3b1684-c8f7-4727-933d-9d70d6ec552f/text'
13:19:19.285 [Forwarding getElementText on session 146fcf84-1e7c-4759-877a-8c45f91d8d46 to remote] DEBUG o.a.netty.request.NettyRequestSender - Using open Channel [id: 0x0c524cbf, L:/127.0.0.1:59314 - R:localhost/127.0.0.1:57352] for GET '/session/146fcf84-1e7c-4759-877a-8c45f91d8d46/element/6f3b1684-c8f7-4727-933d-9d70d6ec552f/text'
13:19:19.569 [AsyncHttpClient-1-2] DEBUG o.a.netty.handler.HttpHandler - 

Request DefaultFullHttpRequest(decodeResult: success, version: HTTP/1.1, content: EmptyByteBufBE)
GET /session/146fcf84-1e7c-4759-877a-8c45f91d8d46/element/6f3b1684-c8f7-4727-933d-9d70d6ec552f/text HTTP/1.1
User-Agent: selenium/4.1.1 (java windows)
Cache-Control: no-cache
Content-Type: application/json; charset=utf-8
host: localhost:57352
accept: */*

Response DefaultHttpResponse(decodeResult: success, version: HTTP/1.1)
HTTP/1.1 200 OK
content-type: application/json; charset=utf-8
cache-control: no-cache
date: Sat, 12 Mar 2022 06:19:19 GMT
content-length: 22

13:19:19.569 [AsyncHttpClient-1-2] DEBUG o.a.netty.channel.ChannelManager - Adding key: http://localhost:57352 for channel [id: 0x0c524cbf, L:/127.0.0.1:59314 - R:localhost/127.0.0.1:57352]
13:19:19.573 [Forwarding findElement on session 146fcf84-1e7c-4759-877a-8c45f91d8d46 to remote] DEBUG o.a.netty.request.NettyRequestSender - Using pooled Channel '[id: 0x0c524cbf, L:/127.0.0.1:59314 - R:localhost/127.0.0.1:57352]' for 'POST' to 'http://localhost:57352/session/146fcf84-1e7c-4759-877a-8c45f91d8d46/element'
13:19:19.573 [Forwarding findElement on session 146fcf84-1e7c-4759-877a-8c45f91d8d46 to remote] DEBUG o.a.netty.request.NettyRequestSender - Using open Channel [id: 0x0c524cbf, L:/127.0.0.1:59314 - R:localhost/127.0.0.1:57352] for POST '/session/146fcf84-1e7c-4759-877a-8c45f91d8d46/element'
13:19:19.581 [AsyncHttpClient-1-2] DEBUG o.a.netty.handler.HttpHandler - 

Request DefaultHttpRequest(decodeResult: success, version: HTTP/1.1)
POST /session/146fcf84-1e7c-4759-877a-8c45f91d8d46/element HTTP/1.1
User-Agent: selenium/4.1.1 (java windows)
Content-Length: 60
Content-Type: application/json; charset=utf-8
host: localhost:57352
accept: */*

Response DefaultHttpResponse(decodeResult: success, version: HTTP/1.1)
HTTP/1.1 200 OK
content-type: application/json; charset=utf-8
cache-control: no-cache
date: Sat, 12 Mar 2022 06:19:19 GMT
content-length: 88

13:19:19.581 [AsyncHttpClient-1-2] DEBUG o.a.netty.channel.ChannelManager - Adding key: http://localhost:57352 for channel [id: 0x0c524cbf, L:/127.0.0.1:59314 - R:localhost/127.0.0.1:57352]
13:19:19.588 [Forwarding isElementDisplayed on session 146fcf84-1e7c-4759-877a-8c45f91d8d46 to remote] DEBUG o.a.netty.request.NettyRequestSender - Using pooled Channel '[id: 0x0c524cbf, L:/127.0.0.1:59314 - R:localhost/127.0.0.1:57352]' for 'POST' to 'http://localhost:57352/session/146fcf84-1e7c-4759-877a-8c45f91d8d46/execute/sync'
13:19:19.589 [Forwarding isElementDisplayed on session 146fcf84-1e7c-4759-877a-8c45f91d8d46 to remote] DEBUG o.a.netty.request.NettyRequestSender - Using open Channel [id: 0x0c524cbf, L:/127.0.0.1:59314 - R:localhost/127.0.0.1:57352] for POST '/session/146fcf84-1e7c-4759-877a-8c45f91d8d46/execute/sync'
13:19:19.821 [AsyncHttpClient-1-2] DEBUG o.a.netty.handler.HttpHandler - 

Request DefaultHttpRequest(decodeResult: success, version: HTTP/1.1)
POST /session/146fcf84-1e7c-4759-877a-8c45f91d8d46/execute/sync HTTP/1.1
User-Agent: selenium/4.1.1 (java windows)
Content-Length: 48780
Content-Type: application/json; charset=utf-8
host: localhost:57352
accept: */*

Response DefaultHttpResponse(decodeResult: success, version: HTTP/1.1)
HTTP/1.1 200 OK
content-type: application/json; charset=utf-8
cache-control: no-cache
date: Sat, 12 Mar 2022 06:19:19 GMT
content-length: 14

13:19:19.821 [AsyncHttpClient-1-2] DEBUG o.a.netty.channel.ChannelManager - Adding key: http://localhost:57352 for channel [id: 0x0c524cbf, L:/127.0.0.1:59314 - R:localhost/127.0.0.1:57352]
13:19:19.826 [Forwarding findChildElement on session 146fcf84-1e7c-4759-877a-8c45f91d8d46 to remote] DEBUG o.a.netty.request.NettyRequestSender - Using pooled Channel '[id: 0x0c524cbf, L:/127.0.0.1:59314 - R:localhost/127.0.0.1:57352]' for 'POST' to 'http://localhost:57352/session/146fcf84-1e7c-4759-877a-8c45f91d8d46/element/b5487c05-45b7-4321-8699-4ccc9ac0acf2/element'
13:19:19.826 [Forwarding findChildElement on session 146fcf84-1e7c-4759-877a-8c45f91d8d46 to remote] DEBUG o.a.netty.request.NettyRequestSender - Using open Channel [id: 0x0c524cbf, L:/127.0.0.1:59314 - R:localhost/127.0.0.1:57352] for POST '/session/146fcf84-1e7c-4759-877a-8c45f91d8d46/element/b5487c05-45b7-4321-8699-4ccc9ac0acf2/element'
13:19:19.860 [AsyncHttpClient-1-2] DEBUG o.a.netty.handler.HttpHandler - 

Request DefaultHttpRequest(decodeResult: success, version: HTTP/1.1)
POST /session/146fcf84-1e7c-4759-877a-8c45f91d8d46/element/b5487c05-45b7-4321-8699-4ccc9ac0acf2/element HTTP/1.1
User-Agent: selenium/4.1.1 (java windows)
Content-Length: 106
Content-Type: application/json; charset=utf-8
host: localhost:57352
accept: */*

Response DefaultHttpResponse(decodeResult: success, version: HTTP/1.1)
HTTP/1.1 200 OK
content-type: application/json; charset=utf-8
cache-control: no-cache
date: Sat, 12 Mar 2022 06:19:19 GMT
content-length: 88

13:19:19.861 [AsyncHttpClient-1-2] DEBUG o.a.netty.channel.ChannelManager - Adding key: http://localhost:57352 for channel [id: 0x0c524cbf, L:/127.0.0.1:59314 - R:localhost/127.0.0.1:57352]
13:19:19.868 [Forwarding findChildElements on session 146fcf84-1e7c-4759-877a-8c45f91d8d46 to remote] DEBUG o.a.netty.request.NettyRequestSender - Using pooled Channel '[id: 0x0c524cbf, L:/127.0.0.1:59314 - R:localhost/127.0.0.1:57352]' for 'POST' to 'http://localhost:57352/session/146fcf84-1e7c-4759-877a-8c45f91d8d46/element/46b69289-03bc-4c5e-bd57-c980d7a24eed/elements'
13:19:19.868 [Forwarding findChildElements on session 146fcf84-1e7c-4759-877a-8c45f91d8d46 to remote] DEBUG o.a.netty.request.NettyRequestSender - Using open Channel [id: 0x0c524cbf, L:/127.0.0.1:59314 - R:localhost/127.0.0.1:57352] for POST '/session/146fcf84-1e7c-4759-877a-8c45f91d8d46/element/46b69289-03bc-4c5e-bd57-c980d7a24eed/elements'
13:19:19.874 [AsyncHttpClient-1-2] DEBUG o.a.netty.handler.HttpHandler - 

Request DefaultHttpRequest(decodeResult: success, version: HTTP/1.1)
POST /session/146fcf84-1e7c-4759-877a-8c45f91d8d46/element/46b69289-03bc-4c5e-bd57-c980d7a24eed/elements HTTP/1.1
User-Agent: selenium/4.1.1 (java windows)
Content-Length: 103
Content-Type: application/json; charset=utf-8
host: localhost:57352
accept: */*

Response DefaultHttpResponse(decodeResult: success, version: HTTP/1.1)
HTTP/1.1 200 OK
content-type: application/json; charset=utf-8
cache-control: no-cache
date: Sat, 12 Mar 2022 06:19:19 GMT
content-length: 90

13:19:19.875 [AsyncHttpClient-1-2] DEBUG o.a.netty.channel.ChannelManager - Adding key: http://localhost:57352 for channel [id: 0x0c524cbf, L:/127.0.0.1:59314 - R:localhost/127.0.0.1:57352]
13:19:19.883 [Forwarding findChildElements on session 146fcf84-1e7c-4759-877a-8c45f91d8d46 to remote] DEBUG o.a.netty.request.NettyRequestSender - Using pooled Channel '[id: 0x0c524cbf, L:/127.0.0.1:59314 - R:localhost/127.0.0.1:57352]' for 'POST' to 'http://localhost:57352/session/146fcf84-1e7c-4759-877a-8c45f91d8d46/element/b532b8a2-acab-40f4-ba77-03340af788e5/elements'
13:19:19.884 [Forwarding findChildElements on session 146fcf84-1e7c-4759-877a-8c45f91d8d46 to remote] DEBUG o.a.netty.request.NettyRequestSender - Using open Channel [id: 0x0c524cbf, L:/127.0.0.1:59314 - R:localhost/127.0.0.1:57352] for POST '/session/146fcf84-1e7c-4759-877a-8c45f91d8d46/element/b532b8a2-acab-40f4-ba77-03340af788e5/elements'
13:19:19.889 [AsyncHttpClient-1-2] DEBUG o.a.netty.handler.HttpHandler - 

Request DefaultHttpRequest(decodeResult: success, version: HTTP/1.1)
POST /session/146fcf84-1e7c-4759-877a-8c45f91d8d46/element/b532b8a2-acab-40f4-ba77-03340af788e5/elements HTTP/1.1
User-Agent: selenium/4.1.1 (java windows)
Content-Length: 90
Content-Type: application/json; charset=utf-8
host: localhost:57352
accept: */*

Response DefaultHttpResponse(decodeResult: success, version: HTTP/1.1)
HTTP/1.1 200 OK
content-type: application/json; charset=utf-8
cache-control: no-cache
date: Sat, 12 Mar 2022 06:19:19 GMT
content-length: 169

13:19:19.890 [AsyncHttpClient-1-2] DEBUG o.a.netty.channel.ChannelManager - Adding key: http://localhost:57352 for channel [id: 0x0c524cbf, L:/127.0.0.1:59314 - R:localhost/127.0.0.1:57352]
13:19:19.893 [Forwarding findChildElements on session 146fcf84-1e7c-4759-877a-8c45f91d8d46 to remote] DEBUG o.a.netty.request.NettyRequestSender - Using pooled Channel '[id: 0x0c524cbf, L:/127.0.0.1:59314 - R:localhost/127.0.0.1:57352]' for 'POST' to 'http://localhost:57352/session/146fcf84-1e7c-4759-877a-8c45f91d8d46/element/6e801541-5dac-4dce-82f6-2b4a55a7ba20/elements'
13:19:19.894 [Forwarding findChildElements on session 146fcf84-1e7c-4759-877a-8c45f91d8d46 to remote] DEBUG o.a.netty.request.NettyRequestSender - Using open Channel [id: 0x0c524cbf, L:/127.0.0.1:59314 - R:localhost/127.0.0.1:57352] for POST '/session/146fcf84-1e7c-4759-877a-8c45f91d8d46/element/6e801541-5dac-4dce-82f6-2b4a55a7ba20/elements'
13:19:19.931 [AsyncHttpClient-1-3] DEBUG o.a.netty.handler.HttpHandler - 

Request DefaultHttpRequest(decodeResult: success, version: HTTP/1.1)
POST /session/cefd15cce33e49a7ed6023295c391940/element/00a19100-062b-42f2-9ffe-583f787eee25/value HTTP/1.1
User-Agent: selenium/4.1.1 (java windows)
Content-Length: 95
Content-Type: application/json; charset=utf-8
host: localhost:64665
accept: */*

Response DefaultHttpResponse(decodeResult: success, version: HTTP/1.1)
HTTP/1.1 200 OK
Content-Type: application/json; charset=utf-8
cache-control: no-cache
content-length: 14

13:19:19.931 [AsyncHttpClient-1-3] DEBUG o.a.netty.channel.ChannelManager - Adding key: http://localhost:64665 for channel [id: 0x24fd21bb, L:/127.0.0.1:59313 - R:localhost/127.0.0.1:64665]
13:19:19.935 [AsyncHttpClient-1-2] DEBUG o.a.netty.handler.HttpHandler - 

Request DefaultHttpRequest(decodeResult: success, version: HTTP/1.1)
POST /session/146fcf84-1e7c-4759-877a-8c45f91d8d46/element/6e801541-5dac-4dce-82f6-2b4a55a7ba20/elements HTTP/1.1
User-Agent: selenium/4.1.1 (java windows)
Content-Length: 89
Content-Type: application/json; charset=utf-8
host: localhost:57352
accept: */*

Response DefaultHttpResponse(decodeResult: success, version: HTTP/1.1)
HTTP/1.1 200 OK
content-type: application/json; charset=utf-8
cache-control: no-cache
date: Sat, 12 Mar 2022 06:19:19 GMT
content-length: 169

13:19:19.936 [AsyncHttpClient-1-2] DEBUG o.a.netty.channel.ChannelManager - Adding key: http://localhost:57352 for channel [id: 0x0c524cbf, L:/127.0.0.1:59314 - R:localhost/127.0.0.1:57352]
13:19:19.938 [Forwarding findChildElement on session 146fcf84-1e7c-4759-877a-8c45f91d8d46 to remote] DEBUG o.a.netty.request.NettyRequestSender - Using pooled Channel '[id: 0x0c524cbf, L:/127.0.0.1:59314 - R:localhost/127.0.0.1:57352]' for 'POST' to 'http://localhost:57352/session/146fcf84-1e7c-4759-877a-8c45f91d8d46/element/264bb20a-7047-4618-ba14-9634ef5f5dbe/element'
13:19:19.939 [Forwarding findChildElement on session 146fcf84-1e7c-4759-877a-8c45f91d8d46 to remote] DEBUG o.a.netty.request.NettyRequestSender - Using open Channel [id: 0x0c524cbf, L:/127.0.0.1:59314 - R:localhost/127.0.0.1:57352] for POST '/session/146fcf84-1e7c-4759-877a-8c45f91d8d46/element/264bb20a-7047-4618-ba14-9634ef5f5dbe/element'
13:19:19.951 [AsyncHttpClient-1-2] DEBUG o.a.netty.handler.HttpHandler - 

Request DefaultHttpRequest(decodeResult: success, version: HTTP/1.1)
POST /session/146fcf84-1e7c-4759-877a-8c45f91d8d46/element/264bb20a-7047-4618-ba14-9634ef5f5dbe/element HTTP/1.1
User-Agent: selenium/4.1.1 (java windows)
Content-Length: 89
Content-Type: application/json; charset=utf-8
host: localhost:57352
accept: */*

Response DefaultHttpResponse(decodeResult: success, version: HTTP/1.1)
HTTP/1.1 200 OK
content-type: application/json; charset=utf-8
cache-control: no-cache
date: Sat, 12 Mar 2022 06:19:19 GMT
content-length: 88

13:19:19.951 [AsyncHttpClient-1-2] DEBUG o.a.netty.channel.ChannelManager - Adding key: http://localhost:57352 for channel [id: 0x0c524cbf, L:/127.0.0.1:59314 - R:localhost/127.0.0.1:57352]
13:19:19.953 [Forwarding getElementText on session 146fcf84-1e7c-4759-877a-8c45f91d8d46 to remote] DEBUG o.a.netty.request.NettyRequestSender - Using pooled Channel '[id: 0x0c524cbf, L:/127.0.0.1:59314 - R:localhost/127.0.0.1:57352]' for 'GET' to 'http://localhost:57352/session/146fcf84-1e7c-4759-877a-8c45f91d8d46/element/1d550a8e-8fe2-459d-acb8-11aa798c89a7/text'
13:19:19.954 [Forwarding getElementText on session 146fcf84-1e7c-4759-877a-8c45f91d8d46 to remote] DEBUG o.a.netty.request.NettyRequestSender - Using open Channel [id: 0x0c524cbf, L:/127.0.0.1:59314 - R:localhost/127.0.0.1:57352] for GET '/session/146fcf84-1e7c-4759-877a-8c45f91d8d46/element/1d550a8e-8fe2-459d-acb8-11aa798c89a7/text'
13:19:19.969 [AsyncHttpClient-1-2] DEBUG o.a.netty.handler.HttpHandler - 

Request DefaultFullHttpRequest(decodeResult: success, version: HTTP/1.1, content: EmptyByteBufBE)
GET /session/146fcf84-1e7c-4759-877a-8c45f91d8d46/element/1d550a8e-8fe2-459d-acb8-11aa798c89a7/text HTTP/1.1
User-Agent: selenium/4.1.1 (java windows)
Cache-Control: no-cache
Content-Type: application/json; charset=utf-8
host: localhost:57352
accept: */*

Response DefaultHttpResponse(decodeResult: success, version: HTTP/1.1)
HTTP/1.1 200 OK
content-type: application/json; charset=utf-8
cache-control: no-cache
date: Sat, 12 Mar 2022 06:19:19 GMT
content-length: 27

13:19:19.969 [AsyncHttpClient-1-2] DEBUG o.a.netty.channel.ChannelManager - Adding key: http://localhost:57352 for channel [id: 0x0c524cbf, L:/127.0.0.1:59314 - R:localhost/127.0.0.1:57352]
13:19:19.971 [AsyncHttpClient-1-7] DEBUG o.a.n.channel.NettyConnectListener - Using new Channel '[id: 0x7f27a80d, L:/127.0.0.1:59526 - R:localhost/127.0.0.1:57352]' for 'POST' to '/session/146fcf84-1e7c-4759-877a-8c45f91d8d46/element'
13:19:19.975 [Forwarding findElement on session 146fcf84-1e7c-4759-877a-8c45f91d8d46 to remote] DEBUG o.a.netty.request.NettyRequestSender - Using pooled Channel '[id: 0x0c524cbf, L:/127.0.0.1:59314 - R:localhost/127.0.0.1:57352]' for 'POST' to 'http://localhost:57352/session/146fcf84-1e7c-4759-877a-8c45f91d8d46/element'
13:19:19.976 [Forwarding findElement on session 146fcf84-1e7c-4759-877a-8c45f91d8d46 to remote] DEBUG o.a.netty.request.NettyRequestSender - Using open Channel [id: 0x0c524cbf, L:/127.0.0.1:59314 - R:localhost/127.0.0.1:57352] for POST '/session/146fcf84-1e7c-4759-877a-8c45f91d8d46/element'
13:19:19.991 [AsyncHttpClient-1-2] DEBUG o.a.netty.handler.HttpHandler - 

Request DefaultHttpRequest(decodeResult: success, version: HTTP/1.1)
POST /session/146fcf84-1e7c-4759-877a-8c45f91d8d46/element HTTP/1.1
User-Agent: selenium/4.1.1 (java windows)
Content-Length: 60
Content-Type: application/json; charset=utf-8
host: localhost:57352
accept: */*

Response DefaultHttpResponse(decodeResult: success, version: HTTP/1.1)
HTTP/1.1 200 OK
content-type: application/json; charset=utf-8
cache-control: no-cache
date: Sat, 12 Mar 2022 06:19:19 GMT
content-length: 88

13:19:19.991 [AsyncHttpClient-1-2] DEBUG o.a.netty.channel.ChannelManager - Adding key: http://localhost:57352 for channel [id: 0x0c524cbf, L:/127.0.0.1:59314 - R:localhost/127.0.0.1:57352]
13:19:20.012 [Forwarding isElementDisplayed on session 146fcf84-1e7c-4759-877a-8c45f91d8d46 to remote] DEBUG o.a.netty.request.NettyRequestSender - Using pooled Channel '[id: 0x0c524cbf, L:/127.0.0.1:59314 - R:localhost/127.0.0.1:57352]' for 'POST' to 'http://localhost:57352/session/146fcf84-1e7c-4759-877a-8c45f91d8d46/execute/sync'
13:19:20.013 [Forwarding isElementDisplayed on session 146fcf84-1e7c-4759-877a-8c45f91d8d46 to remote] DEBUG o.a.netty.request.NettyRequestSender - Using open Channel [id: 0x0c524cbf, L:/127.0.0.1:59314 - R:localhost/127.0.0.1:57352] for POST '/session/146fcf84-1e7c-4759-877a-8c45f91d8d46/execute/sync'
13:19:20.059 [AsyncHttpClient-1-7] DEBUG o.a.netty.handler.HttpHandler - 

Request DefaultHttpRequest(decodeResult: success, version: HTTP/1.1)
POST /session/146fcf84-1e7c-4759-877a-8c45f91d8d46/element HTTP/1.1
User-Agent: selenium/4.1.1 (java windows)
Content-Length: 60
Content-Type: application/json; charset=utf-8
host: localhost:57352
accept: */*

Response DefaultHttpResponse(decodeResult: success, version: HTTP/1.1)
HTTP/1.1 200 OK
content-type: application/json; charset=utf-8
cache-control: no-cache
date: Sat, 12 Mar 2022 06:19:20 GMT
content-length: 88

13:19:20.060 [AsyncHttpClient-1-7] DEBUG o.a.netty.channel.ChannelManager - Adding key: http://localhost:57352 for channel [id: 0x7f27a80d, L:/127.0.0.1:59526 - R:localhost/127.0.0.1:57352]
13:19:20.070 [Forwarding isElementDisplayed on session 146fcf84-1e7c-4759-877a-8c45f91d8d46 to remote] DEBUG o.a.netty.request.NettyRequestSender - Using pooled Channel '[id: 0x7f27a80d, L:/127.0.0.1:59526 - R:localhost/127.0.0.1:57352]' for 'POST' to 'http://localhost:57352/session/146fcf84-1e7c-4759-877a-8c45f91d8d46/execute/sync'
13:19:20.071 [Forwarding isElementDisplayed on session 146fcf84-1e7c-4759-877a-8c45f91d8d46 to remote] DEBUG o.a.netty.request.NettyRequestSender - Using open Channel [id: 0x7f27a80d, L:/127.0.0.1:59526 - R:localhost/127.0.0.1:57352] for POST '/session/146fcf84-1e7c-4759-877a-8c45f91d8d46/execute/sync'
13:19:20.233 [AsyncHttpClient-1-2] DEBUG o.a.netty.handler.HttpHandler - 

Request DefaultHttpRequest(decodeResult: success, version: HTTP/1.1)
POST /session/146fcf84-1e7c-4759-877a-8c45f91d8d46/execute/sync HTTP/1.1
User-Agent: selenium/4.1.1 (java windows)
Content-Length: 48780
Content-Type: application/json; charset=utf-8
host: localhost:57352
accept: */*

Response DefaultHttpResponse(decodeResult: success, version: HTTP/1.1)
HTTP/1.1 200 OK
content-type: application/json; charset=utf-8
cache-control: no-cache
date: Sat, 12 Mar 2022 06:19:20 GMT
content-length: 14

13:19:20.233 [AsyncHttpClient-1-2] DEBUG o.a.netty.channel.ChannelManager - Adding key: http://localhost:57352 for channel [id: 0x0c524cbf, L:/127.0.0.1:59314 - R:localhost/127.0.0.1:57352]
13:19:20.240 [Forwarding findChildElement on session 146fcf84-1e7c-4759-877a-8c45f91d8d46 to remote] DEBUG o.a.netty.request.NettyRequestSender - Using pooled Channel '[id: 0x0c524cbf, L:/127.0.0.1:59314 - R:localhost/127.0.0.1:57352]' for 'POST' to 'http://localhost:57352/session/146fcf84-1e7c-4759-877a-8c45f91d8d46/element/b5487c05-45b7-4321-8699-4ccc9ac0acf2/element'
13:19:20.240 [Forwarding findChildElement on session 146fcf84-1e7c-4759-877a-8c45f91d8d46 to remote] DEBUG o.a.netty.request.NettyRequestSender - Using open Channel [id: 0x0c524cbf, L:/127.0.0.1:59314 - R:localhost/127.0.0.1:57352] for POST '/session/146fcf84-1e7c-4759-877a-8c45f91d8d46/element/b5487c05-45b7-4321-8699-4ccc9ac0acf2/element'
13:19:20.269 [AsyncHttpClient-1-7] DEBUG o.a.netty.handler.HttpHandler - 

Request DefaultHttpRequest(decodeResult: success, version: HTTP/1.1)
POST /session/146fcf84-1e7c-4759-877a-8c45f91d8d46/execute/sync HTTP/1.1
User-Agent: selenium/4.1.1 (java windows)
Content-Length: 48780
Content-Type: application/json; charset=utf-8
host: localhost:57352
accept: */*

Response DefaultHttpResponse(decodeResult: success, version: HTTP/1.1)
HTTP/1.1 200 OK
content-type: application/json; charset=utf-8
cache-control: no-cache
date: Sat, 12 Mar 2022 06:19:20 GMT
content-length: 14

13:19:20.269 [AsyncHttpClient-1-7] DEBUG o.a.netty.channel.ChannelManager - Adding key: http://localhost:57352 for channel [id: 0x7f27a80d, L:/127.0.0.1:59526 - R:localhost/127.0.0.1:57352]
13:19:20.275 [Forwarding findChildElement on session 146fcf84-1e7c-4759-877a-8c45f91d8d46 to remote] DEBUG o.a.netty.request.NettyRequestSender - Using pooled Channel '[id: 0x7f27a80d, L:/127.0.0.1:59526 - R:localhost/127.0.0.1:57352]' for 'POST' to 'http://localhost:57352/session/146fcf84-1e7c-4759-877a-8c45f91d8d46/element/b5487c05-45b7-4321-8699-4ccc9ac0acf2/element'
13:19:20.275 [Forwarding findChildElement on session 146fcf84-1e7c-4759-877a-8c45f91d8d46 to remote] DEBUG o.a.netty.request.NettyRequestSender - Using open Channel [id: 0x7f27a80d, L:/127.0.0.1:59526 - R:localhost/127.0.0.1:57352] for POST '/session/146fcf84-1e7c-4759-877a-8c45f91d8d46/element/b5487c05-45b7-4321-8699-4ccc9ac0acf2/element'
13:19:20.323 [AsyncHttpClient-1-2] DEBUG o.a.netty.handler.HttpHandler - 

Request DefaultHttpRequest(decodeResult: success, version: HTTP/1.1)
POST /session/146fcf84-1e7c-4759-877a-8c45f91d8d46/element/b5487c05-45b7-4321-8699-4ccc9ac0acf2/element HTTP/1.1
User-Agent: selenium/4.1.1 (java windows)
Content-Length: 106
Content-Type: application/json; charset=utf-8
host: localhost:57352
accept: */*

Response DefaultHttpResponse(decodeResult: success, version: HTTP/1.1)
HTTP/1.1 200 OK
content-type: application/json; charset=utf-8
cache-control: no-cache
date: Sat, 12 Mar 2022 06:19:20 GMT
content-length: 88

13:19:20.323 [AsyncHttpClient-1-2] DEBUG o.a.netty.channel.ChannelManager - Adding key: http://localhost:57352 for channel [id: 0x0c524cbf, L:/127.0.0.1:59314 - R:localhost/127.0.0.1:57352]
13:19:20.327 [Forwarding findChildElements on session 146fcf84-1e7c-4759-877a-8c45f91d8d46 to remote] DEBUG o.a.netty.request.NettyRequestSender - Using pooled Channel '[id: 0x0c524cbf, L:/127.0.0.1:59314 - R:localhost/127.0.0.1:57352]' for 'POST' to 'http://localhost:57352/session/146fcf84-1e7c-4759-877a-8c45f91d8d46/element/46b69289-03bc-4c5e-bd57-c980d7a24eed/elements'
13:19:20.327 [Forwarding findChildElements on session 146fcf84-1e7c-4759-877a-8c45f91d8d46 to remote] DEBUG o.a.netty.request.NettyRequestSender - Using open Channel [id: 0x0c524cbf, L:/127.0.0.1:59314 - R:localhost/127.0.0.1:57352] for POST '/session/146fcf84-1e7c-4759-877a-8c45f91d8d46/element/46b69289-03bc-4c5e-bd57-c980d7a24eed/elements'
13:19:20.616 [AsyncHttpClient-1-1] DEBUG o.a.netty.channel.DefaultChannelPool - Entry count for : http://localhost:64665 : 1
13:19:20.919 [AsyncHttpClient-1-7] DEBUG o.a.netty.handler.HttpHandler - 

Request DefaultHttpRequest(decodeResult: success, version: HTTP/1.1)
POST /session/146fcf84-1e7c-4759-877a-8c45f91d8d46/element/b5487c05-45b7-4321-8699-4ccc9ac0acf2/element HTTP/1.1
User-Agent: selenium/4.1.1 (java windows)
Content-Length: 106
Content-Type: application/json; charset=utf-8
host: localhost:57352
accept: */*

Response DefaultHttpResponse(decodeResult: success, version: HTTP/1.1)
HTTP/1.1 200 OK
content-type: application/json; charset=utf-8
cache-control: no-cache
date: Sat, 12 Mar 2022 06:19:20 GMT
content-length: 88

13:19:20.920 [AsyncHttpClient-1-7] DEBUG o.a.netty.channel.ChannelManager - Adding key: http://localhost:57352 for channel [id: 0x7f27a80d, L:/127.0.0.1:59526 - R:localhost/127.0.0.1:57352]
13:19:20.922 [Forwarding findChildElements on session 146fcf84-1e7c-4759-877a-8c45f91d8d46 to remote] DEBUG o.a.netty.request.NettyRequestSender - Using pooled Channel '[id: 0x7f27a80d, L:/127.0.0.1:59526 - R:localhost/127.0.0.1:57352]' for 'POST' to 'http://localhost:57352/session/146fcf84-1e7c-4759-877a-8c45f91d8d46/element/46b69289-03bc-4c5e-bd57-c980d7a24eed/elements'
13:19:20.922 [Forwarding findChildElements on session 146fcf84-1e7c-4759-877a-8c45f91d8d46 to remote] DEBUG o.a.netty.request.NettyRequestSender - Using open Channel [id: 0x7f27a80d, L:/127.0.0.1:59526 - R:localhost/127.0.0.1:57352] for POST '/session/146fcf84-1e7c-4759-877a-8c45f91d8d46/element/46b69289-03bc-4c5e-bd57-c980d7a24eed/elements'
13:19:21.350 [AsyncHttpClient-1-2] DEBUG o.a.netty.handler.HttpHandler - 

Request DefaultHttpRequest(decodeResult: success, version: HTTP/1.1)
POST /session/146fcf84-1e7c-4759-877a-8c45f91d8d46/element/46b69289-03bc-4c5e-bd57-c980d7a24eed/elements HTTP/1.1
User-Agent: selenium/4.1.1 (java windows)
Content-Length: 103
Content-Type: application/json; charset=utf-8
host: localhost:57352
accept: */*

Response DefaultHttpResponse(decodeResult: success, version: HTTP/1.1)
HTTP/1.1 200 OK
content-type: application/json; charset=utf-8
cache-control: no-cache
date: Sat, 12 Mar 2022 06:19:20 GMT
content-length: 90

13:19:21.351 [AsyncHttpClient-1-2] DEBUG o.a.netty.channel.ChannelManager - Adding key: http://localhost:57352 for channel [id: 0x0c524cbf, L:/127.0.0.1:59314 - R:localhost/127.0.0.1:57352]
13:19:21.355 [Forwarding findChildElements on session 146fcf84-1e7c-4759-877a-8c45f91d8d46 to remote] DEBUG o.a.netty.request.NettyRequestSender - Using pooled Channel '[id: 0x0c524cbf, L:/127.0.0.1:59314 - R:localhost/127.0.0.1:57352]' for 'POST' to 'http://localhost:57352/session/146fcf84-1e7c-4759-877a-8c45f91d8d46/element/b532b8a2-acab-40f4-ba77-03340af788e5/elements'
13:19:21.355 [Forwarding findChildElements on session 146fcf84-1e7c-4759-877a-8c45f91d8d46 to remote] DEBUG o.a.netty.request.NettyRequestSender - Using open Channel [id: 0x0c524cbf, L:/127.0.0.1:59314 - R:localhost/127.0.0.1:57352] for POST '/session/146fcf84-1e7c-4759-877a-8c45f91d8d46/element/b532b8a2-acab-40f4-ba77-03340af788e5/elements'
13:19:21.428 [AsyncHttpClient-1-7] DEBUG o.a.netty.handler.HttpHandler - 

Request DefaultHttpRequest(decodeResult: success, version: HTTP/1.1)
POST /session/146fcf84-1e7c-4759-877a-8c45f91d8d46/element/46b69289-03bc-4c5e-bd57-c980d7a24eed/elements HTTP/1.1
User-Agent: selenium/4.1.1 (java windows)
Content-Length: 103
Content-Type: application/json; charset=utf-8
host: localhost:57352
accept: */*

Response DefaultHttpResponse(decodeResult: success, version: HTTP/1.1)
HTTP/1.1 200 OK
content-type: application/json; charset=utf-8
cache-control: no-cache
date: Sat, 12 Mar 2022 06:19:21 GMT
content-length: 90

13:19:21.428 [AsyncHttpClient-1-7] DEBUG o.a.netty.channel.ChannelManager - Adding key: http://localhost:57352 for channel [id: 0x7f27a80d, L:/127.0.0.1:59526 - R:localhost/127.0.0.1:57352]
13:19:21.431 [Forwarding findChildElement on session 146fcf84-1e7c-4759-877a-8c45f91d8d46 to remote] DEBUG o.a.netty.request.NettyRequestSender - Using pooled Channel '[id: 0x7f27a80d, L:/127.0.0.1:59526 - R:localhost/127.0.0.1:57352]' for 'POST' to 'http://localhost:57352/session/146fcf84-1e7c-4759-877a-8c45f91d8d46/element/b532b8a2-acab-40f4-ba77-03340af788e5/element'
13:19:21.431 [Forwarding findChildElement on session 146fcf84-1e7c-4759-877a-8c45f91d8d46 to remote] DEBUG o.a.netty.request.NettyRequestSender - Using open Channel [id: 0x7f27a80d, L:/127.0.0.1:59526 - R:localhost/127.0.0.1:57352] for POST '/session/146fcf84-1e7c-4759-877a-8c45f91d8d46/element/b532b8a2-acab-40f4-ba77-03340af788e5/element'
13:19:21.475 [AsyncHttpClient-1-2] DEBUG o.a.netty.handler.HttpHandler - 

Request DefaultHttpRequest(decodeResult: success, version: HTTP/1.1)
POST /session/146fcf84-1e7c-4759-877a-8c45f91d8d46/element/b532b8a2-acab-40f4-ba77-03340af788e5/elements HTTP/1.1
User-Agent: selenium/4.1.1 (java windows)
Content-Length: 90
Content-Type: application/json; charset=utf-8
host: localhost:57352
accept: */*

Response DefaultHttpResponse(decodeResult: success, version: HTTP/1.1)
HTTP/1.1 200 OK
content-type: application/json; charset=utf-8
cache-control: no-cache
date: Sat, 12 Mar 2022 06:19:21 GMT
content-length: 169

13:19:21.476 [AsyncHttpClient-1-2] DEBUG o.a.netty.channel.ChannelManager - Adding key: http://localhost:57352 for channel [id: 0x0c524cbf, L:/127.0.0.1:59314 - R:localhost/127.0.0.1:57352]
13:19:21.479 [Forwarding findChildElements on session 146fcf84-1e7c-4759-877a-8c45f91d8d46 to remote] DEBUG o.a.netty.request.NettyRequestSender - Using pooled Channel '[id: 0x0c524cbf, L:/127.0.0.1:59314 - R:localhost/127.0.0.1:57352]' for 'POST' to 'http://localhost:57352/session/146fcf84-1e7c-4759-877a-8c45f91d8d46/element/6e801541-5dac-4dce-82f6-2b4a55a7ba20/elements'
13:19:21.479 [Forwarding findChildElements on session 146fcf84-1e7c-4759-877a-8c45f91d8d46 to remote] DEBUG o.a.netty.request.NettyRequestSender - Using open Channel [id: 0x0c524cbf, L:/127.0.0.1:59314 - R:localhost/127.0.0.1:57352] for POST '/session/146fcf84-1e7c-4759-877a-8c45f91d8d46/element/6e801541-5dac-4dce-82f6-2b4a55a7ba20/elements'
13:19:21.544 [AsyncHttpClient-1-7] DEBUG o.a.netty.handler.HttpHandler - 

Request DefaultHttpRequest(decodeResult: success, version: HTTP/1.1)
POST /session/146fcf84-1e7c-4759-877a-8c45f91d8d46/element/b532b8a2-acab-40f4-ba77-03340af788e5/element HTTP/1.1
User-Agent: selenium/4.1.1 (java windows)
Content-Length: 89
Content-Type: application/json; charset=utf-8
host: localhost:57352
accept: */*

Response DefaultHttpResponse(decodeResult: success, version: HTTP/1.1)
HTTP/1.1 200 OK
content-type: application/json; charset=utf-8
cache-control: no-cache
date: Sat, 12 Mar 2022 06:19:21 GMT
content-length: 88

13:19:21.544 [AsyncHttpClient-1-7] DEBUG o.a.netty.channel.ChannelManager - Adding key: http://localhost:57352 for channel [id: 0x7f27a80d, L:/127.0.0.1:59526 - R:localhost/127.0.0.1:57352]
13:19:21.546 [Forwarding getElementText on session 146fcf84-1e7c-4759-877a-8c45f91d8d46 to remote] DEBUG o.a.netty.request.NettyRequestSender - Using pooled Channel '[id: 0x7f27a80d, L:/127.0.0.1:59526 - R:localhost/127.0.0.1:57352]' for 'GET' to 'http://localhost:57352/session/146fcf84-1e7c-4759-877a-8c45f91d8d46/element/6f3b1684-c8f7-4727-933d-9d70d6ec552f/text'
13:19:21.546 [Forwarding getElementText on session 146fcf84-1e7c-4759-877a-8c45f91d8d46 to remote] DEBUG o.a.netty.request.NettyRequestSender - Using open Channel [id: 0x7f27a80d, L:/127.0.0.1:59526 - R:localhost/127.0.0.1:57352] for GET '/session/146fcf84-1e7c-4759-877a-8c45f91d8d46/element/6f3b1684-c8f7-4727-933d-9d70d6ec552f/text'
13:19:21.624 [AsyncHttpClient-1-2] DEBUG o.a.netty.handler.HttpHandler - 

Request DefaultHttpRequest(decodeResult: success, version: HTTP/1.1)
POST /session/146fcf84-1e7c-4759-877a-8c45f91d8d46/element/6e801541-5dac-4dce-82f6-2b4a55a7ba20/elements HTTP/1.1
User-Agent: selenium/4.1.1 (java windows)
Content-Length: 89
Content-Type: application/json; charset=utf-8
host: localhost:57352
accept: */*

Response DefaultHttpResponse(decodeResult: success, version: HTTP/1.1)
HTTP/1.1 200 OK
content-type: application/json; charset=utf-8
cache-control: no-cache
date: Sat, 12 Mar 2022 06:19:21 GMT
content-length: 169

13:19:21.624 [AsyncHttpClient-1-2] DEBUG o.a.netty.channel.ChannelManager - Adding key: http://localhost:57352 for channel [id: 0x0c524cbf, L:/127.0.0.1:59314 - R:localhost/127.0.0.1:57352]
13:19:21.630 [Forwarding findChildElement on session 146fcf84-1e7c-4759-877a-8c45f91d8d46 to remote] DEBUG o.a.netty.request.NettyRequestSender - Using pooled Channel '[id: 0x0c524cbf, L:/127.0.0.1:59314 - R:localhost/127.0.0.1:57352]' for 'POST' to 'http://localhost:57352/session/146fcf84-1e7c-4759-877a-8c45f91d8d46/element/11975033-ea05-48d1-9f69-538c7a560252/element'
13:19:21.630 [Forwarding findChildElement on session 146fcf84-1e7c-4759-877a-8c45f91d8d46 to remote] DEBUG o.a.netty.request.NettyRequestSender - Using open Channel [id: 0x0c524cbf, L:/127.0.0.1:59314 - R:localhost/127.0.0.1:57352] for POST '/session/146fcf84-1e7c-4759-877a-8c45f91d8d46/element/11975033-ea05-48d1-9f69-538c7a560252/element'
13:19:21.663 [AsyncHttpClient-1-7] DEBUG o.a.netty.handler.HttpHandler - 

Request DefaultFullHttpRequest(decodeResult: success, version: HTTP/1.1, content: EmptyByteBufBE)
GET /session/146fcf84-1e7c-4759-877a-8c45f91d8d46/element/6f3b1684-c8f7-4727-933d-9d70d6ec552f/text HTTP/1.1
User-Agent: selenium/4.1.1 (java windows)
Cache-Control: no-cache
Content-Type: application/json; charset=utf-8
host: localhost:57352
accept: */*

Response DefaultHttpResponse(decodeResult: success, version: HTTP/1.1)
HTTP/1.1 200 OK
content-type: application/json; charset=utf-8
cache-control: no-cache
date: Sat, 12 Mar 2022 06:19:21 GMT
content-length: 22

13:19:21.663 [AsyncHttpClient-1-7] DEBUG o.a.netty.channel.ChannelManager - Adding key: http://localhost:57352 for channel [id: 0x7f27a80d, L:/127.0.0.1:59526 - R:localhost/127.0.0.1:57352]
13:19:21.670 [Forwarding findElement on session 146fcf84-1e7c-4759-877a-8c45f91d8d46 to remote] DEBUG o.a.netty.request.NettyRequestSender - Using pooled Channel '[id: 0x7f27a80d, L:/127.0.0.1:59526 - R:localhost/127.0.0.1:57352]' for 'POST' to 'http://localhost:57352/session/146fcf84-1e7c-4759-877a-8c45f91d8d46/element'
13:19:21.670 [Forwarding findElement on session 146fcf84-1e7c-4759-877a-8c45f91d8d46 to remote] DEBUG o.a.netty.request.NettyRequestSender - Using open Channel [id: 0x7f27a80d, L:/127.0.0.1:59526 - R:localhost/127.0.0.1:57352] for POST '/session/146fcf84-1e7c-4759-877a-8c45f91d8d46/element'
13:19:21.692 [AsyncHttpClient-1-2] DEBUG o.a.netty.handler.HttpHandler - 

Request DefaultHttpRequest(decodeResult: success, version: HTTP/1.1)
POST /session/146fcf84-1e7c-4759-877a-8c45f91d8d46/element/11975033-ea05-48d1-9f69-538c7a560252/element HTTP/1.1
User-Agent: selenium/4.1.1 (java windows)
Content-Length: 92
Content-Type: application/json; charset=utf-8
host: localhost:57352
accept: */*

Response DefaultHttpResponse(decodeResult: success, version: HTTP/1.1)
HTTP/1.1 200 OK
content-type: application/json; charset=utf-8
cache-control: no-cache
date: Sat, 12 Mar 2022 06:19:21 GMT
content-length: 88

13:19:21.692 [AsyncHttpClient-1-2] DEBUG o.a.netty.channel.ChannelManager - Adding key: http://localhost:57352 for channel [id: 0x0c524cbf, L:/127.0.0.1:59314 - R:localhost/127.0.0.1:57352]
13:19:21.694 [Forwarding getElementText on session 146fcf84-1e7c-4759-877a-8c45f91d8d46 to remote] DEBUG o.a.netty.request.NettyRequestSender - Using pooled Channel '[id: 0x0c524cbf, L:/127.0.0.1:59314 - R:localhost/127.0.0.1:57352]' for 'GET' to 'http://localhost:57352/session/146fcf84-1e7c-4759-877a-8c45f91d8d46/element/f3e3405e-51f6-4bf4-9321-d66db630dad5/text'
13:19:21.694 [Forwarding getElementText on session 146fcf84-1e7c-4759-877a-8c45f91d8d46 to remote] DEBUG o.a.netty.request.NettyRequestSender - Using open Channel [id: 0x0c524cbf, L:/127.0.0.1:59314 - R:localhost/127.0.0.1:57352] for GET '/session/146fcf84-1e7c-4759-877a-8c45f91d8d46/element/f3e3405e-51f6-4bf4-9321-d66db630dad5/text'
13:19:21.707 [AsyncHttpClient-1-7] DEBUG o.a.netty.handler.HttpHandler - 

Request DefaultHttpRequest(decodeResult: success, version: HTTP/1.1)
POST /session/146fcf84-1e7c-4759-877a-8c45f91d8d46/element HTTP/1.1
User-Agent: selenium/4.1.1 (java windows)
Content-Length: 60
Content-Type: application/json; charset=utf-8
host: localhost:57352
accept: */*

Response DefaultHttpResponse(decodeResult: success, version: HTTP/1.1)
HTTP/1.1 200 OK
content-type: application/json; charset=utf-8
cache-control: no-cache
date: Sat, 12 Mar 2022 06:19:21 GMT
content-length: 88

13:19:21.707 [AsyncHttpClient-1-7] DEBUG o.a.netty.channel.ChannelManager - Adding key: http://localhost:57352 for channel [id: 0x7f27a80d, L:/127.0.0.1:59526 - R:localhost/127.0.0.1:57352]
13:19:21.742 [Forwarding isElementDisplayed on session 146fcf84-1e7c-4759-877a-8c45f91d8d46 to remote] DEBUG o.a.netty.request.NettyRequestSender - Using pooled Channel '[id: 0x7f27a80d, L:/127.0.0.1:59526 - R:localhost/127.0.0.1:57352]' for 'POST' to 'http://localhost:57352/session/146fcf84-1e7c-4759-877a-8c45f91d8d46/execute/sync'
13:19:21.746 [Forwarding isElementDisplayed on session 146fcf84-1e7c-4759-877a-8c45f91d8d46 to remote] DEBUG o.a.netty.request.NettyRequestSender - Using open Channel [id: 0x7f27a80d, L:/127.0.0.1:59526 - R:localhost/127.0.0.1:57352] for POST '/session/146fcf84-1e7c-4759-877a-8c45f91d8d46/execute/sync'
13:19:21.768 [AsyncHttpClient-1-1] DEBUG o.a.netty.channel.DefaultChannelPool - Entry count for : http://localhost:64665 : 1
13:19:21.781 [AsyncHttpClient-1-2] DEBUG o.a.netty.handler.HttpHandler - 

Request DefaultFullHttpRequest(decodeResult: success, version: HTTP/1.1, content: EmptyByteBufBE)
GET /session/146fcf84-1e7c-4759-877a-8c45f91d8d46/element/f3e3405e-51f6-4bf4-9321-d66db630dad5/text HTTP/1.1
User-Agent: selenium/4.1.1 (java windows)
Cache-Control: no-cache
Content-Type: application/json; charset=utf-8
host: localhost:57352
accept: */*

Response DefaultHttpResponse(decodeResult: success, version: HTTP/1.1)
HTTP/1.1 200 OK
content-type: application/json; charset=utf-8
cache-control: no-cache
date: Sat, 12 Mar 2022 06:19:21 GMT
content-length: 18

13:19:21.781 [AsyncHttpClient-1-2] DEBUG o.a.netty.channel.ChannelManager - Adding key: http://localhost:57352 for channel [id: 0x0c524cbf, L:/127.0.0.1:59314 - R:localhost/127.0.0.1:57352]
13:19:21.788 [Forwarding findElement on session 146fcf84-1e7c-4759-877a-8c45f91d8d46 to remote] DEBUG o.a.netty.request.NettyRequestSender - Using pooled Channel '[id: 0x0c524cbf, L:/127.0.0.1:59314 - R:localhost/127.0.0.1:57352]' for 'POST' to 'http://localhost:57352/session/146fcf84-1e7c-4759-877a-8c45f91d8d46/element'
13:19:21.789 [Forwarding findElement on session 146fcf84-1e7c-4759-877a-8c45f91d8d46 to remote] DEBUG o.a.netty.request.NettyRequestSender - Using open Channel [id: 0x0c524cbf, L:/127.0.0.1:59314 - R:localhost/127.0.0.1:57352] for POST '/session/146fcf84-1e7c-4759-877a-8c45f91d8d46/element'
13:19:21.959 [AsyncHttpClient-1-7] DEBUG o.a.netty.handler.HttpHandler - 

Request DefaultHttpRequest(decodeResult: success, version: HTTP/1.1)
POST /session/146fcf84-1e7c-4759-877a-8c45f91d8d46/execute/sync HTTP/1.1
User-Agent: selenium/4.1.1 (java windows)
Content-Length: 48780
Content-Type: application/json; charset=utf-8
host: localhost:57352
accept: */*

Response DefaultHttpResponse(decodeResult: success, version: HTTP/1.1)
HTTP/1.1 200 OK
content-type: application/json; charset=utf-8
cache-control: no-cache
date: Sat, 12 Mar 2022 06:19:21 GMT
content-length: 14

13:19:21.963 [AsyncHttpClient-1-7] DEBUG o.a.netty.channel.ChannelManager - Adding key: http://localhost:57352 for channel [id: 0x7f27a80d, L:/127.0.0.1:59526 - R:localhost/127.0.0.1:57352]
13:19:21.963 [Forwarding findChildElement on session 146fcf84-1e7c-4759-877a-8c45f91d8d46 to remote] DEBUG o.a.netty.request.NettyRequestSender - Using pooled Channel '[id: 0x7f27a80d, L:/127.0.0.1:59526 - R:localhost/127.0.0.1:57352]' for 'POST' to 'http://localhost:57352/session/146fcf84-1e7c-4759-877a-8c45f91d8d46/element/b5487c05-45b7-4321-8699-4ccc9ac0acf2/element'
13:19:21.963 [Forwarding findChildElement on session 146fcf84-1e7c-4759-877a-8c45f91d8d46 to remote] DEBUG o.a.netty.request.NettyRequestSender - Using open Channel [id: 0x7f27a80d, L:/127.0.0.1:59526 - R:localhost/127.0.0.1:57352] for POST '/session/146fcf84-1e7c-4759-877a-8c45f91d8d46/element/b5487c05-45b7-4321-8699-4ccc9ac0acf2/element'
13:19:22.031 [AsyncHttpClient-1-2] DEBUG o.a.netty.handler.HttpHandler - 

Request DefaultHttpRequest(decodeResult: success, version: HTTP/1.1)
POST /session/146fcf84-1e7c-4759-877a-8c45f91d8d46/element HTTP/1.1
User-Agent: selenium/4.1.1 (java windows)
Content-Length: 60
Content-Type: application/json; charset=utf-8
host: localhost:57352
accept: */*

Response DefaultHttpResponse(decodeResult: success, version: HTTP/1.1)
HTTP/1.1 200 OK
content-type: application/json; charset=utf-8
cache-control: no-cache
date: Sat, 12 Mar 2022 06:19:21 GMT
content-length: 88

13:19:22.031 [AsyncHttpClient-1-2] DEBUG o.a.netty.channel.ChannelManager - Adding key: http://localhost:57352 for channel [id: 0x0c524cbf, L:/127.0.0.1:59314 - R:localhost/127.0.0.1:57352]
13:19:22.058 [Forwarding isElementDisplayed on session 146fcf84-1e7c-4759-877a-8c45f91d8d46 to remote] DEBUG o.a.netty.request.NettyRequestSender - Using pooled Channel '[id: 0x0c524cbf, L:/127.0.0.1:59314 - R:localhost/127.0.0.1:57352]' for 'POST' to 'http://localhost:57352/session/146fcf84-1e7c-4759-877a-8c45f91d8d46/execute/sync'
13:19:22.058 [Forwarding isElementDisplayed on session 146fcf84-1e7c-4759-877a-8c45f91d8d46 to remote] DEBUG o.a.netty.request.NettyRequestSender - Using open Channel [id: 0x0c524cbf, L:/127.0.0.1:59314 - R:localhost/127.0.0.1:57352] for POST '/session/146fcf84-1e7c-4759-877a-8c45f91d8d46/execute/sync'
13:19:22.094 [AsyncHttpClient-1-7] DEBUG o.a.netty.handler.HttpHandler - 

Request DefaultHttpRequest(decodeResult: success, version: HTTP/1.1)
POST /session/146fcf84-1e7c-4759-877a-8c45f91d8d46/element/b5487c05-45b7-4321-8699-4ccc9ac0acf2/element HTTP/1.1
User-Agent: selenium/4.1.1 (java windows)
Content-Length: 106
Content-Type: application/json; charset=utf-8
host: localhost:57352
accept: */*

Response DefaultHttpResponse(decodeResult: success, version: HTTP/1.1)
HTTP/1.1 200 OK
content-type: application/json; charset=utf-8
cache-control: no-cache
date: Sat, 12 Mar 2022 06:19:22 GMT
content-length: 88

13:19:22.094 [AsyncHttpClient-1-7] DEBUG o.a.netty.channel.ChannelManager - Adding key: http://localhost:57352 for channel [id: 0x7f27a80d, L:/127.0.0.1:59526 - R:localhost/127.0.0.1:57352]
13:19:22.098 [Forwarding findChildElements on session 146fcf84-1e7c-4759-877a-8c45f91d8d46 to remote] DEBUG o.a.netty.request.NettyRequestSender - Using pooled Channel '[id: 0x7f27a80d, L:/127.0.0.1:59526 - R:localhost/127.0.0.1:57352]' for 'POST' to 'http://localhost:57352/session/146fcf84-1e7c-4759-877a-8c45f91d8d46/element/46b69289-03bc-4c5e-bd57-c980d7a24eed/elements'
13:19:22.098 [Forwarding findChildElements on session 146fcf84-1e7c-4759-877a-8c45f91d8d46 to remote] DEBUG o.a.netty.request.NettyRequestSender - Using open Channel [id: 0x7f27a80d, L:/127.0.0.1:59526 - R:localhost/127.0.0.1:57352] for POST '/session/146fcf84-1e7c-4759-877a-8c45f91d8d46/element/46b69289-03bc-4c5e-bd57-c980d7a24eed/elements'
13:19:22.181 [AsyncHttpClient-1-2] DEBUG o.a.netty.handler.HttpHandler - 

Request DefaultHttpRequest(decodeResult: success, version: HTTP/1.1)
POST /session/146fcf84-1e7c-4759-877a-8c45f91d8d46/execute/sync HTTP/1.1
User-Agent: selenium/4.1.1 (java windows)
Content-Length: 48780
Content-Type: application/json; charset=utf-8
host: localhost:57352
accept: */*

Response DefaultHttpResponse(decodeResult: success, version: HTTP/1.1)
HTTP/1.1 200 OK
content-type: application/json; charset=utf-8
cache-control: no-cache
date: Sat, 12 Mar 2022 06:19:22 GMT
content-length: 14

13:19:22.181 [AsyncHttpClient-1-2] DEBUG o.a.netty.channel.ChannelManager - Adding key: http://localhost:57352 for channel [id: 0x0c524cbf, L:/127.0.0.1:59314 - R:localhost/127.0.0.1:57352]
13:19:22.185 [Forwarding findChildElement on session 146fcf84-1e7c-4759-877a-8c45f91d8d46 to remote] DEBUG o.a.netty.request.NettyRequestSender - Using pooled Channel '[id: 0x0c524cbf, L:/127.0.0.1:59314 - R:localhost/127.0.0.1:57352]' for 'POST' to 'http://localhost:57352/session/146fcf84-1e7c-4759-877a-8c45f91d8d46/element/b5487c05-45b7-4321-8699-4ccc9ac0acf2/element'
13:19:22.185 [Forwarding findChildElement on session 146fcf84-1e7c-4759-877a-8c45f91d8d46 to remote] DEBUG o.a.netty.request.NettyRequestSender - Using open Channel [id: 0x0c524cbf, L:/127.0.0.1:59314 - R:localhost/127.0.0.1:57352] for POST '/session/146fcf84-1e7c-4759-877a-8c45f91d8d46/element/b5487c05-45b7-4321-8699-4ccc9ac0acf2/element'
13:19:22.222 [AsyncHttpClient-1-7] DEBUG o.a.netty.handler.HttpHandler - 

Request DefaultHttpRequest(decodeResult: success, version: HTTP/1.1)
POST /session/146fcf84-1e7c-4759-877a-8c45f91d8d46/element/46b69289-03bc-4c5e-bd57-c980d7a24eed/elements HTTP/1.1
User-Agent: selenium/4.1.1 (java windows)
Content-Length: 103
Content-Type: application/json; charset=utf-8
host: localhost:57352
accept: */*

Response DefaultHttpResponse(decodeResult: success, version: HTTP/1.1)
HTTP/1.1 200 OK
content-type: application/json; charset=utf-8
cache-control: no-cache
date: Sat, 12 Mar 2022 06:19:22 GMT
content-length: 90

13:19:22.222 [AsyncHttpClient-1-7] DEBUG o.a.netty.channel.ChannelManager - Adding key: http://localhost:57352 for channel [id: 0x7f27a80d, L:/127.0.0.1:59526 - R:localhost/127.0.0.1:57352]
13:19:22.222 [Forwarding findChildElements on session 146fcf84-1e7c-4759-877a-8c45f91d8d46 to remote] DEBUG o.a.netty.request.NettyRequestSender - Using pooled Channel '[id: 0x7f27a80d, L:/127.0.0.1:59526 - R:localhost/127.0.0.1:57352]' for 'POST' to 'http://localhost:57352/session/146fcf84-1e7c-4759-877a-8c45f91d8d46/element/b532b8a2-acab-40f4-ba77-03340af788e5/elements'
13:19:22.222 [Forwarding findChildElements on session 146fcf84-1e7c-4759-877a-8c45f91d8d46 to remote] DEBUG o.a.netty.request.NettyRequestSender - Using open Channel [id: 0x7f27a80d, L:/127.0.0.1:59526 - R:localhost/127.0.0.1:57352] for POST '/session/146fcf84-1e7c-4759-877a-8c45f91d8d46/element/b532b8a2-acab-40f4-ba77-03340af788e5/elements'
13:19:22.278 [AsyncHttpClient-1-2] DEBUG o.a.netty.handler.HttpHandler - 

Request DefaultHttpRequest(decodeResult: success, version: HTTP/1.1)
POST /session/146fcf84-1e7c-4759-877a-8c45f91d8d46/element/b5487c05-45b7-4321-8699-4ccc9ac0acf2/element HTTP/1.1
User-Agent: selenium/4.1.1 (java windows)
Content-Length: 106
Content-Type: application/json; charset=utf-8
host: localhost:57352
accept: */*

Response DefaultHttpResponse(decodeResult: success, version: HTTP/1.1)
HTTP/1.1 200 OK
content-type: application/json; charset=utf-8
cache-control: no-cache
date: Sat, 12 Mar 2022 06:19:22 GMT
content-length: 88

13:19:22.278 [AsyncHttpClient-1-2] DEBUG o.a.netty.channel.ChannelManager - Adding key: http://localhost:57352 for channel [id: 0x0c524cbf, L:/127.0.0.1:59314 - R:localhost/127.0.0.1:57352]
13:19:22.278 [Forwarding findChildElements on session 146fcf84-1e7c-4759-877a-8c45f91d8d46 to remote] DEBUG o.a.netty.request.NettyRequestSender - Using pooled Channel '[id: 0x0c524cbf, L:/127.0.0.1:59314 - R:localhost/127.0.0.1:57352]' for 'POST' to 'http://localhost:57352/session/146fcf84-1e7c-4759-877a-8c45f91d8d46/element/46b69289-03bc-4c5e-bd57-c980d7a24eed/elements'
13:19:22.278 [Forwarding findChildElements on session 146fcf84-1e7c-4759-877a-8c45f91d8d46 to remote] DEBUG o.a.netty.request.NettyRequestSender - Using open Channel [id: 0x0c524cbf, L:/127.0.0.1:59314 - R:localhost/127.0.0.1:57352] for POST '/session/146fcf84-1e7c-4759-877a-8c45f91d8d46/element/46b69289-03bc-4c5e-bd57-c980d7a24eed/elements'
13:19:22.322 [AsyncHttpClient-1-7] DEBUG o.a.netty.handler.HttpHandler - 

Request DefaultHttpRequest(decodeResult: success, version: HTTP/1.1)
POST /session/146fcf84-1e7c-4759-877a-8c45f91d8d46/element/b532b8a2-acab-40f4-ba77-03340af788e5/elements HTTP/1.1
User-Agent: selenium/4.1.1 (java windows)
Content-Length: 90
Content-Type: application/json; charset=utf-8
host: localhost:57352
accept: */*

Response DefaultHttpResponse(decodeResult: success, version: HTTP/1.1)
HTTP/1.1 200 OK
content-type: application/json; charset=utf-8
cache-control: no-cache
date: Sat, 12 Mar 2022 06:19:22 GMT
content-length: 169

13:19:22.322 [AsyncHttpClient-1-7] DEBUG o.a.netty.channel.ChannelManager - Adding key: http://localhost:57352 for channel [id: 0x7f27a80d, L:/127.0.0.1:59526 - R:localhost/127.0.0.1:57352]
13:19:22.326 [Forwarding findChildElements on session 146fcf84-1e7c-4759-877a-8c45f91d8d46 to remote] DEBUG o.a.netty.request.NettyRequestSender - Using pooled Channel '[id: 0x7f27a80d, L:/127.0.0.1:59526 - R:localhost/127.0.0.1:57352]' for 'POST' to 'http://localhost:57352/session/146fcf84-1e7c-4759-877a-8c45f91d8d46/element/6e801541-5dac-4dce-82f6-2b4a55a7ba20/elements'
13:19:22.326 [Forwarding findChildElements on session 146fcf84-1e7c-4759-877a-8c45f91d8d46 to remote] DEBUG o.a.netty.request.NettyRequestSender - Using open Channel [id: 0x7f27a80d, L:/127.0.0.1:59526 - R:localhost/127.0.0.1:57352] for POST '/session/146fcf84-1e7c-4759-877a-8c45f91d8d46/element/6e801541-5dac-4dce-82f6-2b4a55a7ba20/elements'
13:19:22.382 [AsyncHttpClient-1-2] DEBUG o.a.netty.handler.HttpHandler - 

Request DefaultHttpRequest(decodeResult: success, version: HTTP/1.1)
POST /session/146fcf84-1e7c-4759-877a-8c45f91d8d46/element/46b69289-03bc-4c5e-bd57-c980d7a24eed/elements HTTP/1.1
User-Agent: selenium/4.1.1 (java windows)
Content-Length: 103
Content-Type: application/json; charset=utf-8
host: localhost:57352
accept: */*

Response DefaultHttpResponse(decodeResult: success, version: HTTP/1.1)
HTTP/1.1 200 OK
content-type: application/json; charset=utf-8
cache-control: no-cache
date: Sat, 12 Mar 2022 06:19:22 GMT
content-length: 90

13:19:22.382 [AsyncHttpClient-1-2] DEBUG o.a.netty.channel.ChannelManager - Adding key: http://localhost:57352 for channel [id: 0x0c524cbf, L:/127.0.0.1:59314 - R:localhost/127.0.0.1:57352]
13:19:22.384 [Forwarding findChildElement on session 146fcf84-1e7c-4759-877a-8c45f91d8d46 to remote] DEBUG o.a.netty.request.NettyRequestSender - Using pooled Channel '[id: 0x0c524cbf, L:/127.0.0.1:59314 - R:localhost/127.0.0.1:57352]' for 'POST' to 'http://localhost:57352/session/146fcf84-1e7c-4759-877a-8c45f91d8d46/element/b532b8a2-acab-40f4-ba77-03340af788e5/element'
13:19:22.384 [Forwarding findChildElement on session 146fcf84-1e7c-4759-877a-8c45f91d8d46 to remote] DEBUG o.a.netty.request.NettyRequestSender - Using open Channel [id: 0x0c524cbf, L:/127.0.0.1:59314 - R:localhost/127.0.0.1:57352] for POST '/session/146fcf84-1e7c-4759-877a-8c45f91d8d46/element/b532b8a2-acab-40f4-ba77-03340af788e5/element'
13:19:22.576 [AsyncHttpClient-1-7] DEBUG o.a.netty.handler.HttpHandler - 

Request DefaultHttpRequest(decodeResult: success, version: HTTP/1.1)
POST /session/146fcf84-1e7c-4759-877a-8c45f91d8d46/element/6e801541-5dac-4dce-82f6-2b4a55a7ba20/elements HTTP/1.1
User-Agent: selenium/4.1.1 (java windows)
Content-Length: 89
Content-Type: application/json; charset=utf-8
host: localhost:57352
accept: */*

Response DefaultHttpResponse(decodeResult: success, version: HTTP/1.1)
HTTP/1.1 200 OK
content-type: application/json; charset=utf-8
cache-control: no-cache
date: Sat, 12 Mar 2022 06:19:22 GMT
content-length: 169

13:19:22.576 [AsyncHttpClient-1-7] DEBUG o.a.netty.channel.ChannelManager - Adding key: http://localhost:57352 for channel [id: 0x7f27a80d, L:/127.0.0.1:59526 - R:localhost/127.0.0.1:57352]
13:19:22.578 [Forwarding findChildElement on session 146fcf84-1e7c-4759-877a-8c45f91d8d46 to remote] DEBUG o.a.netty.request.NettyRequestSender - Using pooled Channel '[id: 0x7f27a80d, L:/127.0.0.1:59526 - R:localhost/127.0.0.1:57352]' for 'POST' to 'http://localhost:57352/session/146fcf84-1e7c-4759-877a-8c45f91d8d46/element/264bb20a-7047-4618-ba14-9634ef5f5dbe/element'
13:19:22.578 [Forwarding findChildElement on session 146fcf84-1e7c-4759-877a-8c45f91d8d46 to remote] DEBUG o.a.netty.request.NettyRequestSender - Using open Channel [id: 0x7f27a80d, L:/127.0.0.1:59526 - R:localhost/127.0.0.1:57352] for POST '/session/146fcf84-1e7c-4759-877a-8c45f91d8d46/element/264bb20a-7047-4618-ba14-9634ef5f5dbe/element'
13:19:22.704 [AsyncHttpClient-1-2] DEBUG o.a.netty.handler.HttpHandler - 

Request DefaultHttpRequest(decodeResult: success, version: HTTP/1.1)
POST /session/146fcf84-1e7c-4759-877a-8c45f91d8d46/element/b532b8a2-acab-40f4-ba77-03340af788e5/element HTTP/1.1
User-Agent: selenium/4.1.1 (java windows)
Content-Length: 89
Content-Type: application/json; charset=utf-8
host: localhost:57352
accept: */*

Response DefaultHttpResponse(decodeResult: success, version: HTTP/1.1)
HTTP/1.1 200 OK
content-type: application/json; charset=utf-8
cache-control: no-cache
date: Sat, 12 Mar 2022 06:19:22 GMT
content-length: 88

13:19:22.704 [AsyncHttpClient-1-2] DEBUG o.a.netty.channel.ChannelManager - Adding key: http://localhost:57352 for channel [id: 0x0c524cbf, L:/127.0.0.1:59314 - R:localhost/127.0.0.1:57352]
13:19:22.708 [Forwarding clickElement on session 146fcf84-1e7c-4759-877a-8c45f91d8d46 to remote] DEBUG o.a.netty.request.NettyRequestSender - Using pooled Channel '[id: 0x0c524cbf, L:/127.0.0.1:59314 - R:localhost/127.0.0.1:57352]' for 'POST' to 'http://localhost:57352/session/146fcf84-1e7c-4759-877a-8c45f91d8d46/element/6f3b1684-c8f7-4727-933d-9d70d6ec552f/click'
13:19:22.708 [Forwarding clickElement on session 146fcf84-1e7c-4759-877a-8c45f91d8d46 to remote] DEBUG o.a.netty.request.NettyRequestSender - Using open Channel [id: 0x0c524cbf, L:/127.0.0.1:59314 - R:localhost/127.0.0.1:57352] for POST '/session/146fcf84-1e7c-4759-877a-8c45f91d8d46/element/6f3b1684-c8f7-4727-933d-9d70d6ec552f/click'
13:19:22.744 [AsyncHttpClient-1-7] DEBUG o.a.netty.handler.HttpHandler - 

Request DefaultHttpRequest(decodeResult: success, version: HTTP/1.1)
POST /session/146fcf84-1e7c-4759-877a-8c45f91d8d46/element/264bb20a-7047-4618-ba14-9634ef5f5dbe/element HTTP/1.1
User-Agent: selenium/4.1.1 (java windows)
Content-Length: 89
Content-Type: application/json; charset=utf-8
host: localhost:57352
accept: */*

Response DefaultHttpResponse(decodeResult: success, version: HTTP/1.1)
HTTP/1.1 200 OK
content-type: application/json; charset=utf-8
cache-control: no-cache
date: Sat, 12 Mar 2022 06:19:22 GMT
content-length: 88

13:19:22.744 [AsyncHttpClient-1-7] DEBUG o.a.netty.channel.ChannelManager - Adding key: http://localhost:57352 for channel [id: 0x7f27a80d, L:/127.0.0.1:59526 - R:localhost/127.0.0.1:57352]
13:19:22.748 [Forwarding getElementText on session 146fcf84-1e7c-4759-877a-8c45f91d8d46 to remote] DEBUG o.a.netty.request.NettyRequestSender - Using pooled Channel '[id: 0x7f27a80d, L:/127.0.0.1:59526 - R:localhost/127.0.0.1:57352]' for 'GET' to 'http://localhost:57352/session/146fcf84-1e7c-4759-877a-8c45f91d8d46/element/1d550a8e-8fe2-459d-acb8-11aa798c89a7/text'
13:19:22.748 [Forwarding getElementText on session 146fcf84-1e7c-4759-877a-8c45f91d8d46 to remote] DEBUG o.a.netty.request.NettyRequestSender - Using open Channel [id: 0x7f27a80d, L:/127.0.0.1:59526 - R:localhost/127.0.0.1:57352] for GET '/session/146fcf84-1e7c-4759-877a-8c45f91d8d46/element/1d550a8e-8fe2-459d-acb8-11aa798c89a7/text'
13:19:22.816 [AsyncHttpClient-1-1] DEBUG o.a.netty.channel.DefaultChannelPool - Entry count for : http://localhost:64665 : 1
13:19:23.935 [AsyncHttpClient-1-1] DEBUG o.a.netty.channel.DefaultChannelPool - Entry count for : http://localhost:64665 : 1
13:19:24.937 [AsyncHttpClient-1-2] DEBUG o.a.netty.handler.HttpHandler - 

Request DefaultHttpRequest(decodeResult: success, version: HTTP/1.1)
POST /session/146fcf84-1e7c-4759-877a-8c45f91d8d46/element/6f3b1684-c8f7-4727-933d-9d70d6ec552f/click HTTP/1.1
User-Agent: selenium/4.1.1 (java windows)
Content-Length: 50
Content-Type: application/json; charset=utf-8
host: localhost:57352
accept: */*

Response DefaultHttpResponse(decodeResult: success, version: HTTP/1.1)
HTTP/1.1 200 OK
content-type: application/json; charset=utf-8
cache-control: no-cache
date: Sat, 12 Mar 2022 06:19:22 GMT
content-length: 14

13:19:24.937 [AsyncHttpClient-1-2] DEBUG o.a.netty.channel.ChannelManager - Adding key: http://localhost:57352 for channel [id: 0x0c524cbf, L:/127.0.0.1:59314 - R:localhost/127.0.0.1:57352]
13:19:24.941 [Forwarding findElement on session 146fcf84-1e7c-4759-877a-8c45f91d8d46 to remote] DEBUG o.a.netty.request.NettyRequestSender - Using pooled Channel '[id: 0x0c524cbf, L:/127.0.0.1:59314 - R:localhost/127.0.0.1:57352]' for 'POST' to 'http://localhost:57352/session/146fcf84-1e7c-4759-877a-8c45f91d8d46/element'
13:19:24.941 [Forwarding findElement on session 146fcf84-1e7c-4759-877a-8c45f91d8d46 to remote] DEBUG o.a.netty.request.NettyRequestSender - Using open Channel [id: 0x0c524cbf, L:/127.0.0.1:59314 - R:localhost/127.0.0.1:57352] for POST '/session/146fcf84-1e7c-4759-877a-8c45f91d8d46/element'
13:19:25.018 [AsyncHttpClient-1-1] DEBUG o.a.netty.channel.DefaultChannelPool - Entry count for : http://localhost:64665 : 1
13:19:25.210 [AsyncHttpClient-1-7] DEBUG o.a.netty.handler.HttpHandler - 

Request DefaultFullHttpRequest(decodeResult: success, version: HTTP/1.1, content: EmptyByteBufBE)
GET /session/146fcf84-1e7c-4759-877a-8c45f91d8d46/element/1d550a8e-8fe2-459d-acb8-11aa798c89a7/text HTTP/1.1
User-Agent: selenium/4.1.1 (java windows)
Cache-Control: no-cache
Content-Type: application/json; charset=utf-8
host: localhost:57352
accept: */*

Response DefaultHttpResponse(decodeResult: success, version: HTTP/1.1)
HTTP/1.1 404 Not Found
content-type: application/json; charset=utf-8
cache-control: no-cache
date: Sat, 12 Mar 2022 06:19:24 GMT
content-length: 715

13:19:25.211 [AsyncHttpClient-1-7] DEBUG o.a.netty.channel.ChannelManager - Adding key: http://localhost:57352 for channel [id: 0x7f27a80d, L:/127.0.0.1:59526 - R:localhost/127.0.0.1:57352]
13:19:25.214 [AsyncHttpClient-1-2] DEBUG o.a.netty.handler.HttpHandler - 

Request DefaultHttpRequest(decodeResult: success, version: HTTP/1.1)
POST /session/146fcf84-1e7c-4759-877a-8c45f91d8d46/element HTTP/1.1
User-Agent: selenium/4.1.1 (java windows)
Content-Length: 61
Content-Type: application/json; charset=utf-8
host: localhost:57352
accept: */*

Response DefaultHttpResponse(decodeResult: success, version: HTTP/1.1)
HTTP/1.1 200 OK
content-type: application/json; charset=utf-8
cache-control: no-cache
date: Sat, 12 Mar 2022 06:19:25 GMT
content-length: 88

13:19:25.214 [AsyncHttpClient-1-2] DEBUG o.a.netty.channel.ChannelManager - Adding key: http://localhost:57352 for channel [id: 0x0c524cbf, L:/127.0.0.1:59314 - R:localhost/127.0.0.1:57352]
13:19:25.216 [Forwarding isElementDisplayed on session 146fcf84-1e7c-4759-877a-8c45f91d8d46 to remote] DEBUG o.a.netty.request.NettyRequestSender - Using pooled Channel '[id: 0x0c524cbf, L:/127.0.0.1:59314 - R:localhost/127.0.0.1:57352]' for 'POST' to 'http://localhost:57352/session/146fcf84-1e7c-4759-877a-8c45f91d8d46/execute/sync'
13:19:25.216 [Forwarding isElementDisplayed on session 146fcf84-1e7c-4759-877a-8c45f91d8d46 to remote] DEBUG o.a.netty.request.NettyRequestSender - Using open Channel [id: 0x0c524cbf, L:/127.0.0.1:59314 - R:localhost/127.0.0.1:57352] for POST '/session/146fcf84-1e7c-4759-877a-8c45f91d8d46/execute/sync'
13:19:25.236 [AsyncHttpClient-1-2] DEBUG o.a.netty.handler.HttpHandler - 

Request DefaultHttpRequest(decodeResult: success, version: HTTP/1.1)
POST /session/146fcf84-1e7c-4759-877a-8c45f91d8d46/execute/sync HTTP/1.1
User-Agent: selenium/4.1.1 (java windows)
Content-Length: 48780
Content-Type: application/json; charset=utf-8
host: localhost:57352
accept: */*

Response DefaultHttpResponse(decodeResult: success, version: HTTP/1.1)
HTTP/1.1 200 OK
content-type: application/json; charset=utf-8
cache-control: no-cache
date: Sat, 12 Mar 2022 06:19:25 GMT
content-length: 14

13:19:25.236 [AsyncHttpClient-1-2] DEBUG o.a.netty.channel.ChannelManager - Adding key: http://localhost:57352 for channel [id: 0x0c524cbf, L:/127.0.0.1:59314 - R:localhost/127.0.0.1:57352]
13:19:25.240 [Forwarding findChildElement on session 146fcf84-1e7c-4759-877a-8c45f91d8d46 to remote] DEBUG o.a.netty.request.NettyRequestSender - Using pooled Channel '[id: 0x0c524cbf, L:/127.0.0.1:59314 - R:localhost/127.0.0.1:57352]' for 'POST' to 'http://localhost:57352/session/146fcf84-1e7c-4759-877a-8c45f91d8d46/element/044c1745-a8a4-4063-bcfd-225fe6ef4175/element'
13:19:25.240 [Forwarding findChildElement on session 146fcf84-1e7c-4759-877a-8c45f91d8d46 to remote] DEBUG o.a.netty.request.NettyRequestSender - Using open Channel [id: 0x0c524cbf, L:/127.0.0.1:59314 - R:localhost/127.0.0.1:57352] for POST '/session/146fcf84-1e7c-4759-877a-8c45f91d8d46/element/044c1745-a8a4-4063-bcfd-225fe6ef4175/element'
]]></system-out>
    <system-err><![CDATA[Starting ChromeDriver 99.0.4844.51 (d537ec02474b5afe23684e7963d538896c63ac77-refs/branch-heads/4844@{#875}) on port 64665
Only local connections are allowed.
Please see https://chromedriver.chromium.org/security-considerations for suggestions on keeping ChromeDriver safe.
ChromeDriver was started successfully.
1647065882976	geckodriver	INFO	Listening on 127.0.0.1:57352
1647065884308	mozrunner::runner	INFO	Running command: "C:\\Program Files\\Mozilla Firefox\\firefox.exe" "--marionette" "--remote-debugging-port" "58852" "-no-remote" "-profile" "C:\\Users\\Admin\\AppData\\Local\\Temp\\rust_mozprofilebimsrO"
1647065887936	Marionette	INFO	Marionette enabled
Mar 12, 2022 1:18:12 PM org.openqa.selenium.remote.ProtocolHandshake createSession
INFO: Detected dialect: W3C
Mar 12, 2022 1:18:14 PM org.openqa.selenium.devtools.CdpVersionFinder findNearestMatch
WARNING: Unable to find an exact match for CDP version 99, so returning the closest version found: 96
Mar 12, 2022 1:18:14 PM org.openqa.selenium.devtools.CdpVersionFinder findNearestMatch
INFO: Found CDP implementation for version 99 of 96
console.warn: SearchSettings: "get: No settings file exists, new profile?" (new NotFoundError("Could not open the file at C:\\Users\\Admin\\AppData\\Local\\Temp\\rust_mozprofilebimsrO\\search.json.mozlz4", (void 0)))
console.error: Region.jsm: "Error fetching region" (new Error("TIMEOUT", "resource://gre/modules/Region.jsm", 772))
console.error: Region.jsm: "Failed to fetch region" (new Error("TIMEOUT", "resource://gre/modules/Region.jsm", 419))
DevTools listening on ws://localhost:58852/devtools/browser/2f15326d-8af1-4cae-a202-329b98bb30da
1647065926610	Marionette	INFO	Listening on port 59315
1647065927301	RemoteAgent	WARN	TLS certificate errors will be ignored for this session
Mar 12, 2022 1:18:47 PM org.openqa.selenium.remote.ProtocolHandshake createSession
INFO: Detected dialect: W3C
JavaScript warning: https://code.jquery.com/jquery-1.9.1.min.js, line 2: Using //@ to indicate sourceMappingURL pragmas is deprecated. Use //# instead
JavaScript warning: https://pagead2.googlesyndication.com/bg/xt8fZ__SaXi8rLOjRFpxOtLjv0mS66MIGtFrZKZOLkM.js line 1 > eval line 1998 > eval line 1 > eval line 1 > eval, line 1: WEBGL_debug_renderer_info is deprecated in Firefox and will be removed. Please use RENDERER.
JavaScript error: resource://gre/actors/AutoCompleteChild.jsm, line 125: Error: Invalid autocomplete selectedIndex
JavaScript error: resource://gre/actors/AutoCompleteChild.jsm, line 125: Error: Invalid autocomplete selectedIndex
JavaScript error: resource://gre/modules/LoginManagerChild.jsm, line 194: NS_ERROR_XPC_JAVASCRIPT_ERROR_WITH_DETAILS: [JavaScript Error: "Invalid autocomplete selectedIndex" {file: "resource://gre/actors/AutoCompleteChild.jsm" line: 125}]'[JavaScript Error: "Invalid autocomplete selectedIndex" {file: "resource://gre/actors/AutoCompleteChild.jsm" line: 125}]' when calling method: [nsIAutoCompletePopup::selectedIndex]
console.warn: LoginRecipes: "getRecipes: falling back to a synchronous message for:" "https://openweathermap.org"
JavaScript warning: https://code.jquery.com/jquery-1.9.1.min.js, line 2: Using //@ to indicate sourceMappingURL pragmas is deprecated. Use //# instead
JavaScript error: , line 0: TypeError: NetworkError when attempting to fetch resource.
JavaScript warning: https://pagead2.googlesyndication.com/bg/xt8fZ__SaXi8rLOjRFpxOtLjv0mS66MIGtFrZKZOLkM.js line 1 > eval line 6175 > eval line 1 > eval line 1 > eval, line 1: WEBGL_debug_renderer_info is deprecated in Firefox and will be removed. Please use RENDERER.
JavaScript warning: https://code.jquery.com/jquery-1.9.1.min.js, line 2: Using //@ to indicate sourceMappingURL pragmas is deprecated. Use //# instead
]]></system-err>
  </testcase>
  <testcase name="check_the_display_incase_result_is_not_empty" classname="Test.SearchFunction" time="19.148"/>
  <testcase name="check_the_display_incase_there_is_no_result" classname="Test.SearchFunction" time="1.955"/>
  <testcase name="check_the_display_incase_there_is_no_result" classname="Test.SearchFunction" time="2.007"/>
  <testcase name="check_the_display_incase_there_is_no_result" classname="Test.SearchFunction" time="2.191"/>
  <testcase name="check_the_display_incase_there_is_no_result" classname="Test.SearchFunction" time="0.049"/>
  <testcase name="check_the_display_incase_there_is_no_result" classname="Test.SearchFunction" time="1.016">
    <failure message="The element reference of &lt;div id=&quot;forecast-list&quot; class=&quot;tab-pane active&quot;&gt; is stale; either the element is no longer attached to the DOM, it is not in the current frame context, or the document has been refreshed&#10;For documentation on this error, please visit: https://selenium.dev/exceptions/#stale_element_reference&#10;Build info: version: &apos;4.1.1&apos;, revision: &apos;e8fcc2cecf&apos;&#10;System info: host: &apos;ADMIN&apos;, ip: &apos;192.168.183.161&apos;, os.name: &apos;Windows 10&apos;, os.arch: &apos;amd64&apos;, os.version: &apos;10.0&apos;, java.version: &apos;1.8.0_202&apos;&#10;Driver info: org.openqa.selenium.firefox.FirefoxDriver&#10;Command: [146fcf84-1e7c-4759-877a-8c45f91d8d46, findChildElement {id=b74075ef-1742-4c7e-8a71-cb2ddd4d9f64, using=xpath, value=.//div[@class=&apos;alert alert-warning&apos;]}]&#10;Capabilities {acceptInsecureCerts: true, browserName: firefox, browserVersion: 98.0, javascriptEnabled: true, moz:accessibilityChecks: false, moz:buildID: 20220304153049, moz:debuggerAddress: localhost:58852, moz:geckodriverVersion: 0.30.0, moz:headless: false, moz:processID: 12968, moz:profile: C:\Users\Admin\AppData\Loca..., moz:shutdownTimeout: 60000, moz:useNonSpecCompliantPointerOrigin: false, moz:webdriverClick: true, pageLoadStrategy: normal, platform: WINDOWS, platformName: WINDOWS, platformVersion: 10.0, proxy: Proxy(), se:cdp: ws://localhost:58852/devtoo..., se:cdpVersion: 85, setWindowRect: true, strictFileInteractability: false, timeouts: {implicit: 0, pageLoad: 300000, script: 30000}, unhandledPromptBehavior: dismiss and notify}&#10;Session ID: 146fcf84-1e7c-4759-877a-8c45f91d8d46" type="org.openqa.selenium.StaleElementReferenceException"><![CDATA[org.openqa.selenium.StaleElementReferenceException: 
The element reference of <div id="forecast-list" class="tab-pane active"> is stale; either the element is no longer attached to the DOM, it is not in the current frame context, or the document has been refreshed
For documentation on this error, please visit: https://selenium.dev/exceptions/#stale_element_reference
Build info: version: '4.1.1', revision: 'e8fcc2cecf'
System info: host: 'ADMIN', ip: '192.168.183.161', os.name: 'Windows 10', os.arch: 'amd64', os.version: '10.0', java.version: '1.8.0_202'
Driver info: org.openqa.selenium.firefox.FirefoxDriver
Command: [146fcf84-1e7c-4759-877a-8c45f91d8d46, findChildElement {id=b74075ef-1742-4c7e-8a71-cb2ddd4d9f64, using=xpath, value=.//div[@class='alert alert-warning']}]
Capabilities {acceptInsecureCerts: true, browserName: firefox, browserVersion: 98.0, javascriptEnabled: true, moz:accessibilityChecks: false, moz:buildID: 20220304153049, moz:debuggerAddress: localhost:58852, moz:geckodriverVersion: 0.30.0, moz:headless: false, moz:processID: 12968, moz:profile: C:\Users\Admin\AppData\Loca..., moz:shutdownTimeout: 60000, moz:useNonSpecCompliantPointerOrigin: false, moz:webdriverClick: true, pageLoadStrategy: normal, platform: WINDOWS, platformName: WINDOWS, platformVersion: 10.0, proxy: Proxy(), se:cdp: ws://localhost:58852/devtoo..., se:cdpVersion: 85, setWindowRect: true, strictFileInteractability: false, timeouts: {implicit: 0, pageLoad: 300000, script: 30000}, unhandledPromptBehavior: dismiss and notify}
Session ID: 146fcf84-1e7c-4759-877a-8c45f91d8d46
	at Test.SearchFunction.check_the_display_incase_there_is_no_result(SearchFunction.java:80)
]]></failure>
    <system-out><![CDATA[13:19:33.735 [AsyncHttpClient-1-7] DEBUG o.a.netty.handler.HttpHandler - 

Request DefaultHttpRequest(decodeResult: success, version: HTTP/1.1)
POST /session/146fcf84-1e7c-4759-877a-8c45f91d8d46/timeouts HTTP/1.1
User-Agent: selenium/4.1.1 (java windows)
Content-Length: 26
Content-Type: application/json; charset=utf-8
host: localhost:57352
accept: */*

Response DefaultHttpResponse(decodeResult: success, version: HTTP/1.1)
HTTP/1.1 200 OK
content-type: application/json; charset=utf-8
cache-control: no-cache
date: Sat, 12 Mar 2022 06:19:33 GMT
content-length: 14

13:19:33.735 [AsyncHttpClient-1-7] DEBUG o.a.netty.channel.ChannelManager - Adding key: http://localhost:57352 for channel [id: 0x7f27a80d, L:/127.0.0.1:59526 - R:localhost/127.0.0.1:57352]
13:19:33.735 [Forwarding screenshot on session 146fcf84-1e7c-4759-877a-8c45f91d8d46 to remote] DEBUG o.a.netty.request.NettyRequestSender - Using pooled Channel '[id: 0x7f27a80d, L:/127.0.0.1:59526 - R:localhost/127.0.0.1:57352]' for 'GET' to 'http://localhost:57352/session/146fcf84-1e7c-4759-877a-8c45f91d8d46/screenshot'
13:19:33.735 [Forwarding screenshot on session 146fcf84-1e7c-4759-877a-8c45f91d8d46 to remote] DEBUG o.a.netty.request.NettyRequestSender - Using open Channel [id: 0x7f27a80d, L:/127.0.0.1:59526 - R:localhost/127.0.0.1:57352] for GET '/session/146fcf84-1e7c-4759-877a-8c45f91d8d46/screenshot'
13:19:33.735 [Forwarding findElement on session 146fcf84-1e7c-4759-877a-8c45f91d8d46 to remote] DEBUG o.a.netty.request.NettyRequestSender - Using pooled Channel '[id: 0x0c524cbf, L:/127.0.0.1:59314 - R:localhost/127.0.0.1:57352]' for 'POST' to 'http://localhost:57352/session/146fcf84-1e7c-4759-877a-8c45f91d8d46/element'
13:19:33.739 [Forwarding findElement on session 146fcf84-1e7c-4759-877a-8c45f91d8d46 to remote] DEBUG o.a.netty.request.NettyRequestSender - Using open Channel [id: 0x0c524cbf, L:/127.0.0.1:59314 - R:localhost/127.0.0.1:57352] for POST '/session/146fcf84-1e7c-4759-877a-8c45f91d8d46/element'
13:19:33.815 [AsyncHttpClient-1-1] DEBUG o.a.netty.channel.DefaultChannelPool - Entry count for : http://localhost:64665 : 1
13:19:33.831 [AsyncHttpClient-1-7] DEBUG o.a.netty.handler.HttpHandler - 

Request DefaultFullHttpRequest(decodeResult: success, version: HTTP/1.1, content: EmptyByteBufBE)
GET /session/146fcf84-1e7c-4759-877a-8c45f91d8d46/screenshot HTTP/1.1
User-Agent: selenium/4.1.1 (java windows)
Cache-Control: no-cache
Content-Type: application/json; charset=utf-8
host: localhost:57352
accept: */*

Response DefaultHttpResponse(decodeResult: success, version: HTTP/1.1)
HTTP/1.1 200 OK
content-type: application/json; charset=utf-8
cache-control: no-cache
date: Sat, 12 Mar 2022 06:19:33 GMT
content-length: 102160

13:19:33.831 [AsyncHttpClient-1-7] DEBUG o.a.netty.channel.ChannelManager - Adding key: http://localhost:57352 for channel [id: 0x7f27a80d, L:/127.0.0.1:59526 - R:localhost/127.0.0.1:57352]
13:19:33.835 [AsyncHttpClient-1-2] DEBUG o.a.netty.handler.HttpHandler - 

Request DefaultHttpRequest(decodeResult: success, version: HTTP/1.1)
POST /session/146fcf84-1e7c-4759-877a-8c45f91d8d46/element HTTP/1.1
User-Agent: selenium/4.1.1 (java windows)
Content-Length: 71
Content-Type: application/json; charset=utf-8
host: localhost:57352
accept: */*

Response DefaultHttpResponse(decodeResult: success, version: HTTP/1.1)
HTTP/1.1 200 OK
content-type: application/json; charset=utf-8
cache-control: no-cache
date: Sat, 12 Mar 2022 06:19:33 GMT
content-length: 88

13:19:33.835 [AsyncHttpClient-1-2] DEBUG o.a.netty.channel.ChannelManager - Adding key: http://localhost:57352 for channel [id: 0x0c524cbf, L:/127.0.0.1:59314 - R:localhost/127.0.0.1:57352]
13:19:33.839 [Forwarding findChildElement on session 146fcf84-1e7c-4759-877a-8c45f91d8d46 to remote] DEBUG o.a.netty.request.NettyRequestSender - Using pooled Channel '[id: 0x0c524cbf, L:/127.0.0.1:59314 - R:localhost/127.0.0.1:57352]' for 'POST' to 'http://localhost:57352/session/146fcf84-1e7c-4759-877a-8c45f91d8d46/element/8df7e54c-69b8-4aec-8f6d-a4ae61eaa2e6/element'
13:19:33.839 [Forwarding findChildElement on session 146fcf84-1e7c-4759-877a-8c45f91d8d46 to remote] DEBUG o.a.netty.request.NettyRequestSender - Using open Channel [id: 0x0c524cbf, L:/127.0.0.1:59314 - R:localhost/127.0.0.1:57352] for POST '/session/146fcf84-1e7c-4759-877a-8c45f91d8d46/element/8df7e54c-69b8-4aec-8f6d-a4ae61eaa2e6/element'
13:19:33.843 [AsyncHttpClient-1-2] DEBUG o.a.netty.handler.HttpHandler - 

Request DefaultHttpRequest(decodeResult: success, version: HTTP/1.1)
POST /session/146fcf84-1e7c-4759-877a-8c45f91d8d46/element/8df7e54c-69b8-4aec-8f6d-a4ae61eaa2e6/element HTTP/1.1
User-Agent: selenium/4.1.1 (java windows)
Content-Length: 140
Content-Type: application/json; charset=utf-8
host: localhost:57352
accept: */*

Response DefaultHttpResponse(decodeResult: success, version: HTTP/1.1)
HTTP/1.1 200 OK
content-type: application/json; charset=utf-8
cache-control: no-cache
date: Sat, 12 Mar 2022 06:19:33 GMT
content-length: 88

13:19:33.843 [AsyncHttpClient-1-2] DEBUG o.a.netty.channel.ChannelManager - Adding key: http://localhost:57352 for channel [id: 0x0c524cbf, L:/127.0.0.1:59314 - R:localhost/127.0.0.1:57352]
13:19:33.847 [Forwarding sendKeysToElement on session 146fcf84-1e7c-4759-877a-8c45f91d8d46 to remote] DEBUG o.a.netty.request.NettyRequestSender - Using pooled Channel '[id: 0x0c524cbf, L:/127.0.0.1:59314 - R:localhost/127.0.0.1:57352]' for 'POST' to 'http://localhost:57352/session/146fcf84-1e7c-4759-877a-8c45f91d8d46/element/592fc087-91a2-4fdc-8844-1cdacdc1a2e9/value'
13:19:33.847 [Forwarding sendKeysToElement on session 146fcf84-1e7c-4759-877a-8c45f91d8d46 to remote] DEBUG o.a.netty.request.NettyRequestSender - Using open Channel [id: 0x0c524cbf, L:/127.0.0.1:59314 - R:localhost/127.0.0.1:57352] for POST '/session/146fcf84-1e7c-4759-877a-8c45f91d8d46/element/592fc087-91a2-4fdc-8844-1cdacdc1a2e9/value'
13:19:33.855 [Forwarding setTimeout on session 146fcf84-1e7c-4759-877a-8c45f91d8d46 to remote] DEBUG o.a.netty.request.NettyRequestSender - Using pooled Channel '[id: 0x7f27a80d, L:/127.0.0.1:59526 - R:localhost/127.0.0.1:57352]' for 'POST' to 'http://localhost:57352/session/146fcf84-1e7c-4759-877a-8c45f91d8d46/timeouts'
13:19:33.855 [Forwarding setTimeout on session 146fcf84-1e7c-4759-877a-8c45f91d8d46 to remote] DEBUG o.a.netty.request.NettyRequestSender - Using open Channel [id: 0x7f27a80d, L:/127.0.0.1:59526 - R:localhost/127.0.0.1:57352] for POST '/session/146fcf84-1e7c-4759-877a-8c45f91d8d46/timeouts'
13:19:33.919 [AsyncHttpClient-1-2] DEBUG o.a.netty.handler.HttpHandler - 

Request DefaultHttpRequest(decodeResult: success, version: HTTP/1.1)
POST /session/146fcf84-1e7c-4759-877a-8c45f91d8d46/element/592fc087-91a2-4fdc-8844-1cdacdc1a2e9/value HTTP/1.1
User-Agent: selenium/4.1.1 (java windows)
Content-Length: 381
Content-Type: application/json; charset=utf-8
host: localhost:57352
accept: */*

Response DefaultHttpResponse(decodeResult: success, version: HTTP/1.1)
HTTP/1.1 200 OK
content-type: application/json; charset=utf-8
cache-control: no-cache
date: Sat, 12 Mar 2022 06:19:33 GMT
content-length: 14

13:19:33.919 [AsyncHttpClient-1-2] DEBUG o.a.netty.channel.ChannelManager - Adding key: http://localhost:57352 for channel [id: 0x0c524cbf, L:/127.0.0.1:59314 - R:localhost/127.0.0.1:57352]
13:19:33.919 [Forwarding setTimeout on session 146fcf84-1e7c-4759-877a-8c45f91d8d46 to remote] DEBUG o.a.netty.request.NettyRequestSender - Using pooled Channel '[id: 0x0c524cbf, L:/127.0.0.1:59314 - R:localhost/127.0.0.1:57352]' for 'POST' to 'http://localhost:57352/session/146fcf84-1e7c-4759-877a-8c45f91d8d46/timeouts'
13:19:33.919 [Forwarding setTimeout on session 146fcf84-1e7c-4759-877a-8c45f91d8d46 to remote] DEBUG o.a.netty.request.NettyRequestSender - Using open Channel [id: 0x0c524cbf, L:/127.0.0.1:59314 - R:localhost/127.0.0.1:57352] for POST '/session/146fcf84-1e7c-4759-877a-8c45f91d8d46/timeouts'
13:19:33.923 [AsyncHttpClient-1-7] DEBUG o.a.netty.handler.HttpHandler - 

Request DefaultHttpRequest(decodeResult: success, version: HTTP/1.1)
POST /session/146fcf84-1e7c-4759-877a-8c45f91d8d46/timeouts HTTP/1.1
User-Agent: selenium/4.1.1 (java windows)
Content-Length: 26
Content-Type: application/json; charset=utf-8
host: localhost:57352
accept: */*

Response DefaultHttpResponse(decodeResult: success, version: HTTP/1.1)
HTTP/1.1 200 OK
content-type: application/json; charset=utf-8
cache-control: no-cache
date: Sat, 12 Mar 2022 06:19:33 GMT
content-length: 14

13:19:33.923 [AsyncHttpClient-1-7] DEBUG o.a.netty.channel.ChannelManager - Adding key: http://localhost:57352 for channel [id: 0x7f27a80d, L:/127.0.0.1:59526 - R:localhost/127.0.0.1:57352]
13:19:33.931 [Forwarding findElement on session 146fcf84-1e7c-4759-877a-8c45f91d8d46 to remote] DEBUG o.a.netty.request.NettyRequestSender - Using pooled Channel '[id: 0x7f27a80d, L:/127.0.0.1:59526 - R:localhost/127.0.0.1:57352]' for 'POST' to 'http://localhost:57352/session/146fcf84-1e7c-4759-877a-8c45f91d8d46/element'
13:19:33.931 [Forwarding findElement on session 146fcf84-1e7c-4759-877a-8c45f91d8d46 to remote] DEBUG o.a.netty.request.NettyRequestSender - Using open Channel [id: 0x7f27a80d, L:/127.0.0.1:59526 - R:localhost/127.0.0.1:57352] for POST '/session/146fcf84-1e7c-4759-877a-8c45f91d8d46/element'
13:19:33.935 [AsyncHttpClient-1-2] DEBUG o.a.netty.handler.HttpHandler - 

Request DefaultHttpRequest(decodeResult: success, version: HTTP/1.1)
POST /session/146fcf84-1e7c-4759-877a-8c45f91d8d46/timeouts HTTP/1.1
User-Agent: selenium/4.1.1 (java windows)
Content-Length: 26
Content-Type: application/json; charset=utf-8
host: localhost:57352
accept: */*

Response DefaultHttpResponse(decodeResult: success, version: HTTP/1.1)
HTTP/1.1 200 OK
content-type: application/json; charset=utf-8
cache-control: no-cache
date: Sat, 12 Mar 2022 06:19:33 GMT
content-length: 14

13:19:33.935 [AsyncHttpClient-1-2] DEBUG o.a.netty.channel.ChannelManager - Adding key: http://localhost:57352 for channel [id: 0x0c524cbf, L:/127.0.0.1:59314 - R:localhost/127.0.0.1:57352]
13:19:33.935 [Forwarding findElement on session 146fcf84-1e7c-4759-877a-8c45f91d8d46 to remote] DEBUG o.a.netty.request.NettyRequestSender - Using pooled Channel '[id: 0x0c524cbf, L:/127.0.0.1:59314 - R:localhost/127.0.0.1:57352]' for 'POST' to 'http://localhost:57352/session/146fcf84-1e7c-4759-877a-8c45f91d8d46/element'
13:19:33.935 [Forwarding findElement on session 146fcf84-1e7c-4759-877a-8c45f91d8d46 to remote] DEBUG o.a.netty.request.NettyRequestSender - Using open Channel [id: 0x0c524cbf, L:/127.0.0.1:59314 - R:localhost/127.0.0.1:57352] for POST '/session/146fcf84-1e7c-4759-877a-8c45f91d8d46/element'
13:19:34.175 [AsyncHttpClient-1-7] DEBUG o.a.netty.handler.HttpHandler - 

Request DefaultHttpRequest(decodeResult: success, version: HTTP/1.1)
POST /session/146fcf84-1e7c-4759-877a-8c45f91d8d46/element HTTP/1.1
User-Agent: selenium/4.1.1 (java windows)
Content-Length: 71
Content-Type: application/json; charset=utf-8
host: localhost:57352
accept: */*

Response DefaultHttpResponse(decodeResult: success, version: HTTP/1.1)
HTTP/1.1 200 OK
content-type: application/json; charset=utf-8
cache-control: no-cache
date: Sat, 12 Mar 2022 06:19:33 GMT
content-length: 88

13:19:34.175 [AsyncHttpClient-1-7] DEBUG o.a.netty.channel.ChannelManager - Adding key: http://localhost:57352 for channel [id: 0x7f27a80d, L:/127.0.0.1:59526 - R:localhost/127.0.0.1:57352]
13:19:34.179 [Forwarding findChildElement on session 146fcf84-1e7c-4759-877a-8c45f91d8d46 to remote] DEBUG o.a.netty.request.NettyRequestSender - Using pooled Channel '[id: 0x7f27a80d, L:/127.0.0.1:59526 - R:localhost/127.0.0.1:57352]' for 'POST' to 'http://localhost:57352/session/146fcf84-1e7c-4759-877a-8c45f91d8d46/element/47418ce6-f927-422c-a2bd-eef43d0d811e/element'
13:19:34.179 [Forwarding findChildElement on session 146fcf84-1e7c-4759-877a-8c45f91d8d46 to remote] DEBUG o.a.netty.request.NettyRequestSender - Using open Channel [id: 0x7f27a80d, L:/127.0.0.1:59526 - R:localhost/127.0.0.1:57352] for POST '/session/146fcf84-1e7c-4759-877a-8c45f91d8d46/element/47418ce6-f927-422c-a2bd-eef43d0d811e/element'
13:19:34.195 [AsyncHttpClient-1-2] DEBUG o.a.netty.handler.HttpHandler - 

Request DefaultHttpRequest(decodeResult: success, version: HTTP/1.1)
POST /session/146fcf84-1e7c-4759-877a-8c45f91d8d46/element HTTP/1.1
User-Agent: selenium/4.1.1 (java windows)
Content-Length: 71
Content-Type: application/json; charset=utf-8
host: localhost:57352
accept: */*

Response DefaultHttpResponse(decodeResult: success, version: HTTP/1.1)
HTTP/1.1 200 OK
content-type: application/json; charset=utf-8
cache-control: no-cache
date: Sat, 12 Mar 2022 06:19:34 GMT
content-length: 88

13:19:34.195 [AsyncHttpClient-1-2] DEBUG o.a.netty.channel.ChannelManager - Adding key: http://localhost:57352 for channel [id: 0x0c524cbf, L:/127.0.0.1:59314 - R:localhost/127.0.0.1:57352]
13:19:34.199 [Forwarding findChildElement on session 146fcf84-1e7c-4759-877a-8c45f91d8d46 to remote] DEBUG o.a.netty.request.NettyRequestSender - Using pooled Channel '[id: 0x0c524cbf, L:/127.0.0.1:59314 - R:localhost/127.0.0.1:57352]' for 'POST' to 'http://localhost:57352/session/146fcf84-1e7c-4759-877a-8c45f91d8d46/element/47418ce6-f927-422c-a2bd-eef43d0d811e/element'
13:19:34.199 [Forwarding findChildElement on session 146fcf84-1e7c-4759-877a-8c45f91d8d46 to remote] DEBUG o.a.netty.request.NettyRequestSender - Using open Channel [id: 0x0c524cbf, L:/127.0.0.1:59314 - R:localhost/127.0.0.1:57352] for POST '/session/146fcf84-1e7c-4759-877a-8c45f91d8d46/element/47418ce6-f927-422c-a2bd-eef43d0d811e/element'
13:19:34.203 [AsyncHttpClient-1-7] DEBUG o.a.netty.handler.HttpHandler - 

Request DefaultHttpRequest(decodeResult: success, version: HTTP/1.1)
POST /session/146fcf84-1e7c-4759-877a-8c45f91d8d46/element/47418ce6-f927-422c-a2bd-eef43d0d811e/element HTTP/1.1
User-Agent: selenium/4.1.1 (java windows)
Content-Length: 140
Content-Type: application/json; charset=utf-8
host: localhost:57352
accept: */*

Response DefaultHttpResponse(decodeResult: success, version: HTTP/1.1)
HTTP/1.1 200 OK
content-type: application/json; charset=utf-8
cache-control: no-cache
date: Sat, 12 Mar 2022 06:19:34 GMT
content-length: 88

13:19:34.203 [AsyncHttpClient-1-7] DEBUG o.a.netty.channel.ChannelManager - Adding key: http://localhost:57352 for channel [id: 0x7f27a80d, L:/127.0.0.1:59526 - R:localhost/127.0.0.1:57352]
13:19:34.211 [Forwarding sendKeysToElement on session 146fcf84-1e7c-4759-877a-8c45f91d8d46 to remote] DEBUG o.a.netty.request.NettyRequestSender - Using pooled Channel '[id: 0x7f27a80d, L:/127.0.0.1:59526 - R:localhost/127.0.0.1:57352]' for 'POST' to 'http://localhost:57352/session/146fcf84-1e7c-4759-877a-8c45f91d8d46/element/ab82cb41-7a41-4328-90da-1c55717f48e6/value'
13:19:34.211 [Forwarding sendKeysToElement on session 146fcf84-1e7c-4759-877a-8c45f91d8d46 to remote] DEBUG o.a.netty.request.NettyRequestSender - Using open Channel [id: 0x7f27a80d, L:/127.0.0.1:59526 - R:localhost/127.0.0.1:57352] for POST '/session/146fcf84-1e7c-4759-877a-8c45f91d8d46/element/ab82cb41-7a41-4328-90da-1c55717f48e6/value'
13:19:34.211 [AsyncHttpClient-1-2] DEBUG o.a.netty.handler.HttpHandler - 

Request DefaultHttpRequest(decodeResult: success, version: HTTP/1.1)
POST /session/146fcf84-1e7c-4759-877a-8c45f91d8d46/element/47418ce6-f927-422c-a2bd-eef43d0d811e/element HTTP/1.1
User-Agent: selenium/4.1.1 (java windows)
Content-Length: 140
Content-Type: application/json; charset=utf-8
host: localhost:57352
accept: */*

Response DefaultHttpResponse(decodeResult: success, version: HTTP/1.1)
HTTP/1.1 200 OK
content-type: application/json; charset=utf-8
cache-control: no-cache
date: Sat, 12 Mar 2022 06:19:34 GMT
content-length: 88

13:19:34.211 [AsyncHttpClient-1-2] DEBUG o.a.netty.channel.ChannelManager - Adding key: http://localhost:57352 for channel [id: 0x0c524cbf, L:/127.0.0.1:59314 - R:localhost/127.0.0.1:57352]
13:19:34.219 [Forwarding sendKeysToElement on session 146fcf84-1e7c-4759-877a-8c45f91d8d46 to remote] DEBUG o.a.netty.request.NettyRequestSender - Using pooled Channel '[id: 0x0c524cbf, L:/127.0.0.1:59314 - R:localhost/127.0.0.1:57352]' for 'POST' to 'http://localhost:57352/session/146fcf84-1e7c-4759-877a-8c45f91d8d46/element/ab82cb41-7a41-4328-90da-1c55717f48e6/value'
13:19:34.219 [Forwarding sendKeysToElement on session 146fcf84-1e7c-4759-877a-8c45f91d8d46 to remote] DEBUG o.a.netty.request.NettyRequestSender - Using open Channel [id: 0x0c524cbf, L:/127.0.0.1:59314 - R:localhost/127.0.0.1:57352] for POST '/session/146fcf84-1e7c-4759-877a-8c45f91d8d46/element/ab82cb41-7a41-4328-90da-1c55717f48e6/value'
13:19:34.267 [AsyncHttpClient-1-7] DEBUG o.a.netty.handler.HttpHandler - 

Request DefaultHttpRequest(decodeResult: success, version: HTTP/1.1)
POST /session/146fcf84-1e7c-4759-877a-8c45f91d8d46/element/ab82cb41-7a41-4328-90da-1c55717f48e6/value HTTP/1.1
User-Agent: selenium/4.1.1 (java windows)
Content-Length: 381
Content-Type: application/json; charset=utf-8
host: localhost:57352
accept: */*

Response DefaultHttpResponse(decodeResult: success, version: HTTP/1.1)
HTTP/1.1 200 OK
content-type: application/json; charset=utf-8
cache-control: no-cache
date: Sat, 12 Mar 2022 06:19:34 GMT
content-length: 14

13:19:34.267 [AsyncHttpClient-1-7] DEBUG o.a.netty.channel.ChannelManager - Adding key: http://localhost:57352 for channel [id: 0x7f27a80d, L:/127.0.0.1:59526 - R:localhost/127.0.0.1:57352]
13:19:34.271 [Forwarding setTimeout on session 146fcf84-1e7c-4759-877a-8c45f91d8d46 to remote] DEBUG o.a.netty.request.NettyRequestSender - Using pooled Channel '[id: 0x7f27a80d, L:/127.0.0.1:59526 - R:localhost/127.0.0.1:57352]' for 'POST' to 'http://localhost:57352/session/146fcf84-1e7c-4759-877a-8c45f91d8d46/timeouts'
13:19:34.271 [Forwarding setTimeout on session 146fcf84-1e7c-4759-877a-8c45f91d8d46 to remote] DEBUG o.a.netty.request.NettyRequestSender - Using open Channel [id: 0x7f27a80d, L:/127.0.0.1:59526 - R:localhost/127.0.0.1:57352] for POST '/session/146fcf84-1e7c-4759-877a-8c45f91d8d46/timeouts'
13:19:34.371 [AsyncHttpClient-1-2] DEBUG o.a.netty.handler.HttpHandler - 

Request DefaultHttpRequest(decodeResult: success, version: HTTP/1.1)
POST /session/146fcf84-1e7c-4759-877a-8c45f91d8d46/element/ab82cb41-7a41-4328-90da-1c55717f48e6/value HTTP/1.1
User-Agent: selenium/4.1.1 (java windows)
Content-Length: 95
Content-Type: application/json; charset=utf-8
host: localhost:57352
accept: */*

Response DefaultHttpResponse(decodeResult: success, version: HTTP/1.1)
HTTP/1.1 200 OK
content-type: application/json; charset=utf-8
cache-control: no-cache
date: Sat, 12 Mar 2022 06:19:34 GMT
content-length: 14

13:19:34.371 [AsyncHttpClient-1-2] DEBUG o.a.netty.channel.ChannelManager - Adding key: http://localhost:57352 for channel [id: 0x0c524cbf, L:/127.0.0.1:59314 - R:localhost/127.0.0.1:57352]
13:19:34.375 [AsyncHttpClient-1-7] DEBUG o.a.netty.handler.HttpHandler - 

Request DefaultHttpRequest(decodeResult: success, version: HTTP/1.1)
POST /session/146fcf84-1e7c-4759-877a-8c45f91d8d46/timeouts HTTP/1.1
User-Agent: selenium/4.1.1 (java windows)
Content-Length: 26
Content-Type: application/json; charset=utf-8
host: localhost:57352
accept: */*

Response DefaultHttpResponse(decodeResult: success, version: HTTP/1.1)
HTTP/1.1 200 OK
content-type: application/json; charset=utf-8
cache-control: no-cache
date: Sat, 12 Mar 2022 06:19:34 GMT
content-length: 14

13:19:34.375 [AsyncHttpClient-1-7] DEBUG o.a.netty.channel.ChannelManager - Adding key: http://localhost:57352 for channel [id: 0x7f27a80d, L:/127.0.0.1:59526 - R:localhost/127.0.0.1:57352]
13:19:34.375 [Forwarding findElement on session 146fcf84-1e7c-4759-877a-8c45f91d8d46 to remote] DEBUG o.a.netty.request.NettyRequestSender - Using pooled Channel '[id: 0x7f27a80d, L:/127.0.0.1:59526 - R:localhost/127.0.0.1:57352]' for 'POST' to 'http://localhost:57352/session/146fcf84-1e7c-4759-877a-8c45f91d8d46/element'
13:19:34.375 [Forwarding findElement on session 146fcf84-1e7c-4759-877a-8c45f91d8d46 to remote] DEBUG o.a.netty.request.NettyRequestSender - Using open Channel [id: 0x7f27a80d, L:/127.0.0.1:59526 - R:localhost/127.0.0.1:57352] for POST '/session/146fcf84-1e7c-4759-877a-8c45f91d8d46/element'
13:19:34.379 [Forwarding findElement on session 146fcf84-1e7c-4759-877a-8c45f91d8d46 to remote] DEBUG o.a.netty.request.NettyRequestSender - Using pooled Channel '[id: 0x0c524cbf, L:/127.0.0.1:59314 - R:localhost/127.0.0.1:57352]' for 'POST' to 'http://localhost:57352/session/146fcf84-1e7c-4759-877a-8c45f91d8d46/element'
13:19:34.383 [Forwarding findElement on session 146fcf84-1e7c-4759-877a-8c45f91d8d46 to remote] DEBUG o.a.netty.request.NettyRequestSender - Using open Channel [id: 0x0c524cbf, L:/127.0.0.1:59314 - R:localhost/127.0.0.1:57352] for POST '/session/146fcf84-1e7c-4759-877a-8c45f91d8d46/element'
13:19:34.391 [AsyncHttpClient-1-7] DEBUG o.a.netty.handler.HttpHandler - 

Request DefaultHttpRequest(decodeResult: success, version: HTTP/1.1)
POST /session/146fcf84-1e7c-4759-877a-8c45f91d8d46/element HTTP/1.1
User-Agent: selenium/4.1.1 (java windows)
Content-Length: 60
Content-Type: application/json; charset=utf-8
host: localhost:57352
accept: */*

Response DefaultHttpResponse(decodeResult: success, version: HTTP/1.1)
HTTP/1.1 200 OK
content-type: application/json; charset=utf-8
cache-control: no-cache
date: Sat, 12 Mar 2022 06:19:34 GMT
content-length: 88

13:19:34.391 [AsyncHttpClient-1-7] DEBUG o.a.netty.channel.ChannelManager - Adding key: http://localhost:57352 for channel [id: 0x7f27a80d, L:/127.0.0.1:59526 - R:localhost/127.0.0.1:57352]
13:19:34.403 [Forwarding isElementDisplayed on session 146fcf84-1e7c-4759-877a-8c45f91d8d46 to remote] DEBUG o.a.netty.request.NettyRequestSender - Using pooled Channel '[id: 0x7f27a80d, L:/127.0.0.1:59526 - R:localhost/127.0.0.1:57352]' for 'POST' to 'http://localhost:57352/session/146fcf84-1e7c-4759-877a-8c45f91d8d46/execute/sync'
13:19:34.403 [Forwarding isElementDisplayed on session 146fcf84-1e7c-4759-877a-8c45f91d8d46 to remote] DEBUG o.a.netty.request.NettyRequestSender - Using open Channel [id: 0x7f27a80d, L:/127.0.0.1:59526 - R:localhost/127.0.0.1:57352] for POST '/session/146fcf84-1e7c-4759-877a-8c45f91d8d46/execute/sync'
13:19:34.407 [AsyncHttpClient-1-2] DEBUG o.a.netty.handler.HttpHandler - 

Request DefaultHttpRequest(decodeResult: success, version: HTTP/1.1)
POST /session/146fcf84-1e7c-4759-877a-8c45f91d8d46/element HTTP/1.1
User-Agent: selenium/4.1.1 (java windows)
Content-Length: 71
Content-Type: application/json; charset=utf-8
host: localhost:57352
accept: */*

Response DefaultHttpResponse(decodeResult: success, version: HTTP/1.1)
HTTP/1.1 200 OK
content-type: application/json; charset=utf-8
cache-control: no-cache
date: Sat, 12 Mar 2022 06:19:34 GMT
content-length: 88

13:19:34.407 [AsyncHttpClient-1-2] DEBUG o.a.netty.channel.ChannelManager - Adding key: http://localhost:57352 for channel [id: 0x0c524cbf, L:/127.0.0.1:59314 - R:localhost/127.0.0.1:57352]
13:19:34.415 [Forwarding findChildElement on session 146fcf84-1e7c-4759-877a-8c45f91d8d46 to remote] DEBUG o.a.netty.request.NettyRequestSender - Using pooled Channel '[id: 0x0c524cbf, L:/127.0.0.1:59314 - R:localhost/127.0.0.1:57352]' for 'POST' to 'http://localhost:57352/session/146fcf84-1e7c-4759-877a-8c45f91d8d46/element/47418ce6-f927-422c-a2bd-eef43d0d811e/element'
13:19:34.415 [Forwarding findChildElement on session 146fcf84-1e7c-4759-877a-8c45f91d8d46 to remote] DEBUG o.a.netty.request.NettyRequestSender - Using open Channel [id: 0x0c524cbf, L:/127.0.0.1:59314 - R:localhost/127.0.0.1:57352] for POST '/session/146fcf84-1e7c-4759-877a-8c45f91d8d46/element/47418ce6-f927-422c-a2bd-eef43d0d811e/element'
13:19:34.439 [AsyncHttpClient-1-7] DEBUG o.a.netty.handler.HttpHandler - 

Request DefaultHttpRequest(decodeResult: success, version: HTTP/1.1)
POST /session/146fcf84-1e7c-4759-877a-8c45f91d8d46/execute/sync HTTP/1.1
User-Agent: selenium/4.1.1 (java windows)
Content-Length: 48780
Content-Type: application/json; charset=utf-8
host: localhost:57352
accept: */*

Response DefaultHttpResponse(decodeResult: success, version: HTTP/1.1)
HTTP/1.1 200 OK
content-type: application/json; charset=utf-8
cache-control: no-cache
date: Sat, 12 Mar 2022 06:19:34 GMT
content-length: 14

13:19:34.439 [AsyncHttpClient-1-7] DEBUG o.a.netty.channel.ChannelManager - Adding key: http://localhost:57352 for channel [id: 0x7f27a80d, L:/127.0.0.1:59526 - R:localhost/127.0.0.1:57352]
13:19:34.439 [Forwarding findChildElement on session 146fcf84-1e7c-4759-877a-8c45f91d8d46 to remote] DEBUG o.a.netty.request.NettyRequestSender - Using pooled Channel '[id: 0x7f27a80d, L:/127.0.0.1:59526 - R:localhost/127.0.0.1:57352]' for 'POST' to 'http://localhost:57352/session/146fcf84-1e7c-4759-877a-8c45f91d8d46/element/b74075ef-1742-4c7e-8a71-cb2ddd4d9f64/element'
13:19:34.439 [Forwarding findChildElement on session 146fcf84-1e7c-4759-877a-8c45f91d8d46 to remote] DEBUG o.a.netty.request.NettyRequestSender - Using open Channel [id: 0x7f27a80d, L:/127.0.0.1:59526 - R:localhost/127.0.0.1:57352] for POST '/session/146fcf84-1e7c-4759-877a-8c45f91d8d46/element/b74075ef-1742-4c7e-8a71-cb2ddd4d9f64/element'
13:19:34.455 [AsyncHttpClient-1-2] DEBUG o.a.netty.handler.HttpHandler - 

Request DefaultHttpRequest(decodeResult: success, version: HTTP/1.1)
POST /session/146fcf84-1e7c-4759-877a-8c45f91d8d46/element/47418ce6-f927-422c-a2bd-eef43d0d811e/element HTTP/1.1
User-Agent: selenium/4.1.1 (java windows)
Content-Length: 140
Content-Type: application/json; charset=utf-8
host: localhost:57352
accept: */*

Response DefaultHttpResponse(decodeResult: success, version: HTTP/1.1)
HTTP/1.1 200 OK
content-type: application/json; charset=utf-8
cache-control: no-cache
date: Sat, 12 Mar 2022 06:19:34 GMT
content-length: 88

13:19:34.455 [AsyncHttpClient-1-2] DEBUG o.a.netty.channel.ChannelManager - Adding key: http://localhost:57352 for channel [id: 0x0c524cbf, L:/127.0.0.1:59314 - R:localhost/127.0.0.1:57352]
13:19:34.459 [Forwarding sendKeysToElement on session 146fcf84-1e7c-4759-877a-8c45f91d8d46 to remote] DEBUG o.a.netty.request.NettyRequestSender - Using pooled Channel '[id: 0x0c524cbf, L:/127.0.0.1:59314 - R:localhost/127.0.0.1:57352]' for 'POST' to 'http://localhost:57352/session/146fcf84-1e7c-4759-877a-8c45f91d8d46/element/ab82cb41-7a41-4328-90da-1c55717f48e6/value'
13:19:34.459 [Forwarding sendKeysToElement on session 146fcf84-1e7c-4759-877a-8c45f91d8d46 to remote] DEBUG o.a.netty.request.NettyRequestSender - Using open Channel [id: 0x0c524cbf, L:/127.0.0.1:59314 - R:localhost/127.0.0.1:57352] for POST '/session/146fcf84-1e7c-4759-877a-8c45f91d8d46/element/ab82cb41-7a41-4328-90da-1c55717f48e6/value'
13:19:34.916 [AsyncHttpClient-1-1] DEBUG o.a.netty.channel.DefaultChannelPool - Entry count for : http://localhost:64665 : 1
13:19:35.375 [AsyncHttpClient-1-7] DEBUG o.a.netty.handler.HttpHandler - 

Request DefaultHttpRequest(decodeResult: success, version: HTTP/1.1)
POST /session/146fcf84-1e7c-4759-877a-8c45f91d8d46/element/b74075ef-1742-4c7e-8a71-cb2ddd4d9f64/element HTTP/1.1
User-Agent: selenium/4.1.1 (java windows)
Content-Length: 131
Content-Type: application/json; charset=utf-8
host: localhost:57352
accept: */*

Response DefaultHttpResponse(decodeResult: success, version: HTTP/1.1)
HTTP/1.1 404 Not Found
content-type: application/json; charset=utf-8
cache-control: no-cache
date: Sat, 12 Mar 2022 06:19:34 GMT
content-length: 837

13:19:35.375 [AsyncHttpClient-1-7] DEBUG o.a.netty.channel.ChannelManager - Adding key: http://localhost:57352 for channel [id: 0x7f27a80d, L:/127.0.0.1:59526 - R:localhost/127.0.0.1:57352]
]]></system-out>
    <system-err><![CDATA[console.warn: LoginRecipes: "getRecipes: falling back to a synchronous message for:" "https://openweathermap.org"
]]></system-err>
  </testcase>
  <testcase name="check_the_display_incase_there_is_no_result" classname="Test.SearchFunction" time="1.246">
    <failure message="The element reference of &lt;input name=&quot;q&quot; type=&quot;text&quot;&gt; is stale; either the element is no longer attached to the DOM, it is not in the current frame context, or the document has been refreshed&#10;For documentation on this error, please visit: https://selenium.dev/exceptions/#stale_element_reference&#10;Build info: version: &apos;4.1.1&apos;, revision: &apos;e8fcc2cecf&apos;&#10;System info: host: &apos;ADMIN&apos;, ip: &apos;192.168.183.161&apos;, os.name: &apos;Windows 10&apos;, os.arch: &apos;amd64&apos;, os.version: &apos;10.0&apos;, java.version: &apos;1.8.0_202&apos;&#10;Driver info: org.openqa.selenium.firefox.FirefoxDriver&#10;Command: [146fcf84-1e7c-4759-877a-8c45f91d8d46, sendKeysToElement {id=ab82cb41-7a41-4328-90da-1c55717f48e6, value=[Ljava.lang.CharSequence;@4f69188b}]&#10;Capabilities {acceptInsecureCerts: true, browserName: firefox, browserVersion: 98.0, javascriptEnabled: true, moz:accessibilityChecks: false, moz:buildID: 20220304153049, moz:debuggerAddress: localhost:58852, moz:geckodriverVersion: 0.30.0, moz:headless: false, moz:processID: 12968, moz:profile: C:\Users\Admin\AppData\Loca..., moz:shutdownTimeout: 60000, moz:useNonSpecCompliantPointerOrigin: false, moz:webdriverClick: true, pageLoadStrategy: normal, platform: WINDOWS, platformName: WINDOWS, platformVersion: 10.0, proxy: Proxy(), se:cdp: ws://localhost:58852/devtoo..., se:cdpVersion: 85, setWindowRect: true, strictFileInteractability: false, timeouts: {implicit: 0, pageLoad: 300000, script: 30000}, unhandledPromptBehavior: dismiss and notify}&#10;Element: [[[[FirefoxDriver: firefox on WINDOWS (146fcf84-1e7c-4759-877a-8c45f91d8d46)] -&gt; xpath: //nav[@id=&apos;nav-website&apos;]]] -&gt; xpath: .//input[@placeholder=&apos;Weather in your city&apos;]]&#10;Session ID: 146fcf84-1e7c-4759-877a-8c45f91d8d46" type="org.openqa.selenium.StaleElementReferenceException"><![CDATA[org.openqa.selenium.StaleElementReferenceException: 
The element reference of <input name="q" type="text"> is stale; either the element is no longer attached to the DOM, it is not in the current frame context, or the document has been refreshed
For documentation on this error, please visit: https://selenium.dev/exceptions/#stale_element_reference
Build info: version: '4.1.1', revision: 'e8fcc2cecf'
System info: host: 'ADMIN', ip: '192.168.183.161', os.name: 'Windows 10', os.arch: 'amd64', os.version: '10.0', java.version: '1.8.0_202'
Driver info: org.openqa.selenium.firefox.FirefoxDriver
Command: [146fcf84-1e7c-4759-877a-8c45f91d8d46, sendKeysToElement {id=ab82cb41-7a41-4328-90da-1c55717f48e6, value=[Ljava.lang.CharSequence;@4f69188b}]
Capabilities {acceptInsecureCerts: true, browserName: firefox, browserVersion: 98.0, javascriptEnabled: true, moz:accessibilityChecks: false, moz:buildID: 20220304153049, moz:debuggerAddress: localhost:58852, moz:geckodriverVersion: 0.30.0, moz:headless: false, moz:processID: 12968, moz:profile: C:\Users\Admin\AppData\Loca..., moz:shutdownTimeout: 60000, moz:useNonSpecCompliantPointerOrigin: false, moz:webdriverClick: true, pageLoadStrategy: normal, platform: WINDOWS, platformName: WINDOWS, platformVersion: 10.0, proxy: Proxy(), se:cdp: ws://localhost:58852/devtoo..., se:cdpVersion: 85, setWindowRect: true, strictFileInteractability: false, timeouts: {implicit: 0, pageLoad: 300000, script: 30000}, unhandledPromptBehavior: dismiss and notify}
Element: [[[[FirefoxDriver: firefox on WINDOWS (146fcf84-1e7c-4759-877a-8c45f91d8d46)] -> xpath: //nav[@id='nav-website']]] -> xpath: .//input[@placeholder='Weather in your city']]
Session ID: 146fcf84-1e7c-4759-877a-8c45f91d8d46
	at Test.SearchFunction.check_the_display_incase_there_is_no_result(SearchFunction.java:78)
]]></failure>
    <system-out><![CDATA[13:19:35.379 [Forwarding screenshot on session 146fcf84-1e7c-4759-877a-8c45f91d8d46 to remote] DEBUG o.a.netty.request.NettyRequestSender - Using pooled Channel '[id: 0x7f27a80d, L:/127.0.0.1:59526 - R:localhost/127.0.0.1:57352]' for 'GET' to 'http://localhost:57352/session/146fcf84-1e7c-4759-877a-8c45f91d8d46/screenshot'
13:19:35.379 [Forwarding screenshot on session 146fcf84-1e7c-4759-877a-8c45f91d8d46 to remote] DEBUG o.a.netty.request.NettyRequestSender - Using open Channel [id: 0x7f27a80d, L:/127.0.0.1:59526 - R:localhost/127.0.0.1:57352] for GET '/session/146fcf84-1e7c-4759-877a-8c45f91d8d46/screenshot'
13:19:35.467 [AsyncHttpClient-1-2] DEBUG o.a.netty.handler.HttpHandler - 

Request DefaultHttpRequest(decodeResult: success, version: HTTP/1.1)
POST /session/146fcf84-1e7c-4759-877a-8c45f91d8d46/element/ab82cb41-7a41-4328-90da-1c55717f48e6/value HTTP/1.1
User-Agent: selenium/4.1.1 (java windows)
Content-Length: 95
Content-Type: application/json; charset=utf-8
host: localhost:57352
accept: */*

Response DefaultHttpResponse(decodeResult: success, version: HTTP/1.1)
HTTP/1.1 404 Not Found
content-type: application/json; charset=utf-8
cache-control: no-cache
date: Sat, 12 Mar 2022 06:19:35 GMT
content-length: 744

13:19:35.467 [AsyncHttpClient-1-2] DEBUG o.a.netty.channel.ChannelManager - Adding key: http://localhost:57352 for channel [id: 0x0c524cbf, L:/127.0.0.1:59314 - R:localhost/127.0.0.1:57352]
]]></system-out>
    <system-err><![CDATA[JavaScript warning: https://pagead2.googlesyndication.com/bg/xt8fZ__SaXi8rLOjRFpxOtLjv0mS66MIGtFrZKZOLkM.js line 1 > eval line 1478 > eval line 1 > eval line 1 > eval, line 1: WEBGL_debug_renderer_info is deprecated in Firefox and will be removed. Please use RENDERER.
]]></system-err>
  </testcase>
</testsuite>