<?xml version="1.0" encoding="UTF-8"?>
<!-- Generated by org.testng.reporters.JUnitReportReporter -->
<testsuite skipped="0" hostname="Admin" name="Test.SearchFunction" tests="4" failures="0" timestamp="2022-03-12T12:36:13 ICT" time="38.918" errors="0">
  <testcase name="check_the_display_incase_there_is_no_result" time="3.489" classname="Test.SearchFunction"/>
  <system-out/>
  <testcase name="check_the_display_incase_there_is_no_result" time="3.176" classname="Test.SearchFunction"/>
  <system-out/>
  <testcase name="check_the_display_incase_result_is_not_empty" time="25.837" classname="Test.SearchFunction"/>
  <system-out/>
  <testcase name="check_the_display_incase_there_is_no_result" time="6.416" classname="Test.SearchFunction"/>
  <system-out/>
</testsuite> <!-- Test.SearchFunction -->
